INFO - 2020-09-16 10:05:47 --> Config Class Initialized
INFO - 2020-09-16 10:05:47 --> Hooks Class Initialized
DEBUG - 2020-09-16 10:05:47 --> UTF-8 Support Enabled
INFO - 2020-09-16 10:05:47 --> Utf8 Class Initialized
INFO - 2020-09-16 10:05:47 --> URI Class Initialized
DEBUG - 2020-09-16 10:05:47 --> No URI present. Default controller set.
INFO - 2020-09-16 10:05:47 --> Router Class Initialized
INFO - 2020-09-16 10:05:47 --> Output Class Initialized
INFO - 2020-09-16 10:05:47 --> Security Class Initialized
DEBUG - 2020-09-16 10:05:47 --> Global POST, GET and COOKIE data sanitized
INFO - 2020-09-16 10:05:47 --> Input Class Initialized
INFO - 2020-09-16 10:05:47 --> Language Class Initialized
INFO - 2020-09-16 10:05:47 --> Loader Class Initialized
INFO - 2020-09-16 10:05:47 --> Helper loaded: url_helper
INFO - 2020-09-16 10:05:47 --> Helper loaded: file_helper
INFO - 2020-09-16 10:05:47 --> Helper loaded: cingru_helper
INFO - 2020-09-16 10:05:48 --> Database Driver Class Initialized
DEBUG - 2020-09-16 10:05:48 --> Session: "sess_save_path" is empty; using "session.save_path" value from php.ini.
INFO - 2020-09-16 10:05:48 --> Session: Class initialized using 'files' driver.
INFO - 2020-09-16 10:05:48 --> Email Class Initialized
INFO - 2020-09-16 10:05:48 --> Helper loaded: form_helper
INFO - 2020-09-16 10:05:48 --> Form Validation Class Initialized
INFO - 2020-09-16 10:05:48 --> Encrypt Class Initialized
INFO - 2020-09-16 10:05:48 --> Encrypt Class Initialized
INFO - 2020-09-16 10:05:48 --> Controller Class Initialized
INFO - 2020-09-16 10:05:48 --> File loaded: C:\xampp\htdocs\ajp\application\views\login.php
INFO - 2020-09-16 10:05:48 --> Final output sent to browser
DEBUG - 2020-09-16 10:05:48 --> Total execution time: 1.9117
INFO - 2020-09-16 10:05:58 --> Config Class Initialized
INFO - 2020-09-16 10:05:58 --> Hooks Class Initialized
DEBUG - 2020-09-16 10:05:58 --> UTF-8 Support Enabled
INFO - 2020-09-16 10:05:58 --> Utf8 Class Initialized
INFO - 2020-09-16 10:05:58 --> URI Class Initialized
INFO - 2020-09-16 10:05:58 --> Router Class Initialized
INFO - 2020-09-16 10:05:58 --> Output Class Initialized
INFO - 2020-09-16 10:05:58 --> Security Class Initialized
DEBUG - 2020-09-16 10:05:58 --> Global POST, GET and COOKIE data sanitized
INFO - 2020-09-16 10:05:58 --> Input Class Initialized
INFO - 2020-09-16 10:05:58 --> Language Class Initialized
INFO - 2020-09-16 10:05:58 --> Loader Class Initialized
INFO - 2020-09-16 10:05:58 --> Helper loaded: url_helper
INFO - 2020-09-16 10:05:58 --> Helper loaded: file_helper
INFO - 2020-09-16 10:05:58 --> Helper loaded: cingru_helper
INFO - 2020-09-16 10:05:58 --> Database Driver Class Initialized
DEBUG - 2020-09-16 10:05:58 --> Session: "sess_save_path" is empty; using "session.save_path" value from php.ini.
INFO - 2020-09-16 10:05:58 --> Session: Class initialized using 'files' driver.
INFO - 2020-09-16 10:05:58 --> Email Class Initialized
INFO - 2020-09-16 10:05:58 --> Helper loaded: form_helper
INFO - 2020-09-16 10:05:58 --> Form Validation Class Initialized
INFO - 2020-09-16 10:05:58 --> Encrypt Class Initialized
INFO - 2020-09-16 10:05:58 --> Encrypt Class Initialized
INFO - 2020-09-16 10:05:58 --> Controller Class Initialized
INFO - 2020-09-16 10:05:58 --> Language file loaded: language/english/form_validation_lang.php
INFO - 2020-09-16 10:05:58 --> Config Class Initialized
INFO - 2020-09-16 10:05:58 --> Hooks Class Initialized
DEBUG - 2020-09-16 10:05:58 --> UTF-8 Support Enabled
INFO - 2020-09-16 10:05:58 --> Utf8 Class Initialized
INFO - 2020-09-16 10:05:58 --> URI Class Initialized
INFO - 2020-09-16 10:05:58 --> Router Class Initialized
INFO - 2020-09-16 10:05:58 --> Output Class Initialized
INFO - 2020-09-16 10:05:58 --> Security Class Initialized
DEBUG - 2020-09-16 10:05:58 --> Global POST, GET and COOKIE data sanitized
INFO - 2020-09-16 10:05:58 --> Input Class Initialized
INFO - 2020-09-16 10:05:58 --> Language Class Initialized
INFO - 2020-09-16 10:05:58 --> Loader Class Initialized
INFO - 2020-09-16 10:05:58 --> Helper loaded: url_helper
INFO - 2020-09-16 10:05:58 --> Helper loaded: file_helper
INFO - 2020-09-16 10:05:58 --> Helper loaded: cingru_helper
INFO - 2020-09-16 10:05:58 --> Database Driver Class Initialized
DEBUG - 2020-09-16 10:05:59 --> Session: "sess_save_path" is empty; using "session.save_path" value from php.ini.
INFO - 2020-09-16 10:05:59 --> Session: Class initialized using 'files' driver.
INFO - 2020-09-16 10:05:59 --> Email Class Initialized
INFO - 2020-09-16 10:05:59 --> Helper loaded: form_helper
INFO - 2020-09-16 10:05:59 --> Form Validation Class Initialized
INFO - 2020-09-16 10:05:59 --> Encrypt Class Initialized
INFO - 2020-09-16 10:05:59 --> Encrypt Class Initialized
INFO - 2020-09-16 10:05:59 --> Controller Class Initialized
INFO - 2020-09-16 10:05:59 --> File loaded: C:\xampp\htdocs\ajp\application\views\layout/header.php
INFO - 2020-09-16 10:05:59 --> File loaded: C:\xampp\htdocs\ajp\application\views\dashboard.php
INFO - 2020-09-16 10:05:59 --> File loaded: C:\xampp\htdocs\ajp\application\views\layout/footer.php
INFO - 2020-09-16 10:05:59 --> File loaded: C:\xampp\htdocs\ajp\application\views\layout/template.php
INFO - 2020-09-16 10:05:59 --> Final output sent to browser
DEBUG - 2020-09-16 10:05:59 --> Total execution time: 0.6094
INFO - 2020-09-16 10:06:05 --> Config Class Initialized
INFO - 2020-09-16 10:06:05 --> Hooks Class Initialized
DEBUG - 2020-09-16 10:06:05 --> UTF-8 Support Enabled
INFO - 2020-09-16 10:06:05 --> Utf8 Class Initialized
INFO - 2020-09-16 10:06:05 --> URI Class Initialized
INFO - 2020-09-16 10:06:05 --> Router Class Initialized
INFO - 2020-09-16 10:06:05 --> Output Class Initialized
INFO - 2020-09-16 10:06:05 --> Security Class Initialized
DEBUG - 2020-09-16 10:06:05 --> Global POST, GET and COOKIE data sanitized
INFO - 2020-09-16 10:06:05 --> Input Class Initialized
INFO - 2020-09-16 10:06:05 --> Language Class Initialized
INFO - 2020-09-16 10:06:05 --> Loader Class Initialized
INFO - 2020-09-16 10:06:05 --> Helper loaded: url_helper
INFO - 2020-09-16 10:06:05 --> Helper loaded: file_helper
INFO - 2020-09-16 10:06:05 --> Helper loaded: cingru_helper
INFO - 2020-09-16 10:06:05 --> Database Driver Class Initialized
DEBUG - 2020-09-16 10:06:05 --> Session: "sess_save_path" is empty; using "session.save_path" value from php.ini.
INFO - 2020-09-16 10:06:05 --> Session: Class initialized using 'files' driver.
INFO - 2020-09-16 10:06:05 --> Email Class Initialized
INFO - 2020-09-16 10:06:05 --> Helper loaded: form_helper
INFO - 2020-09-16 10:06:05 --> Form Validation Class Initialized
INFO - 2020-09-16 10:06:05 --> Encrypt Class Initialized
INFO - 2020-09-16 10:06:05 --> Encrypt Class Initialized
INFO - 2020-09-16 10:06:05 --> Controller Class Initialized
INFO - 2020-09-16 10:06:05 --> Model "Material_group_model" initialized
INFO - 2020-09-16 10:06:05 --> File loaded: C:\xampp\htdocs\ajp\application\views\layout/header.php
INFO - 2020-09-16 10:06:05 --> File loaded: C:\xampp\htdocs\ajp\application\views\master/material_group.php
INFO - 2020-09-16 10:06:05 --> File loaded: C:\xampp\htdocs\ajp\application\views\layout/footer.php
INFO - 2020-09-16 10:06:05 --> File loaded: C:\xampp\htdocs\ajp\application\views\layout/template.php
INFO - 2020-09-16 10:06:05 --> Final output sent to browser
DEBUG - 2020-09-16 10:06:05 --> Total execution time: 0.4145
INFO - 2020-09-16 10:06:06 --> Config Class Initialized
INFO - 2020-09-16 10:06:06 --> Hooks Class Initialized
DEBUG - 2020-09-16 10:06:06 --> UTF-8 Support Enabled
INFO - 2020-09-16 10:06:06 --> Utf8 Class Initialized
INFO - 2020-09-16 10:06:06 --> URI Class Initialized
INFO - 2020-09-16 10:06:06 --> Config Class Initialized
INFO - 2020-09-16 10:06:06 --> Hooks Class Initialized
DEBUG - 2020-09-16 10:06:06 --> UTF-8 Support Enabled
INFO - 2020-09-16 10:06:06 --> Utf8 Class Initialized
INFO - 2020-09-16 10:06:06 --> URI Class Initialized
INFO - 2020-09-16 10:06:06 --> Config Class Initialized
INFO - 2020-09-16 10:06:06 --> Hooks Class Initialized
INFO - 2020-09-16 10:06:06 --> Router Class Initialized
DEBUG - 2020-09-16 10:06:06 --> UTF-8 Support Enabled
INFO - 2020-09-16 10:06:06 --> Utf8 Class Initialized
INFO - 2020-09-16 10:06:06 --> Router Class Initialized
INFO - 2020-09-16 10:06:06 --> URI Class Initialized
INFO - 2020-09-16 10:06:06 --> Output Class Initialized
INFO - 2020-09-16 10:06:06 --> Router Class Initialized
INFO - 2020-09-16 10:06:06 --> Security Class Initialized
INFO - 2020-09-16 10:06:06 --> Output Class Initialized
DEBUG - 2020-09-16 10:06:06 --> Global POST, GET and COOKIE data sanitized
INFO - 2020-09-16 10:06:06 --> Security Class Initialized
INFO - 2020-09-16 10:06:06 --> Output Class Initialized
DEBUG - 2020-09-16 10:06:06 --> Global POST, GET and COOKIE data sanitized
INFO - 2020-09-16 10:06:06 --> Input Class Initialized
INFO - 2020-09-16 10:06:06 --> Security Class Initialized
INFO - 2020-09-16 10:06:06 --> Language Class Initialized
DEBUG - 2020-09-16 10:06:06 --> Global POST, GET and COOKIE data sanitized
INFO - 2020-09-16 10:06:06 --> Input Class Initialized
INFO - 2020-09-16 10:06:06 --> Input Class Initialized
INFO - 2020-09-16 10:06:06 --> Language Class Initialized
INFO - 2020-09-16 10:06:06 --> Language Class Initialized
INFO - 2020-09-16 10:06:06 --> Loader Class Initialized
INFO - 2020-09-16 10:06:06 --> Helper loaded: url_helper
INFO - 2020-09-16 10:06:06 --> Helper loaded: file_helper
INFO - 2020-09-16 10:06:06 --> Helper loaded: cingru_helper
INFO - 2020-09-16 10:06:06 --> Loader Class Initialized
INFO - 2020-09-16 10:06:06 --> Helper loaded: url_helper
INFO - 2020-09-16 10:06:06 --> Helper loaded: file_helper
ERROR - 2020-09-16 10:06:06 --> 404 Page Not Found: Master/assets
INFO - 2020-09-16 10:06:06 --> Database Driver Class Initialized
INFO - 2020-09-16 10:06:06 --> Helper loaded: cingru_helper
DEBUG - 2020-09-16 10:06:06 --> Session: "sess_save_path" is empty; using "session.save_path" value from php.ini.
INFO - 2020-09-16 10:06:06 --> Session: Class initialized using 'files' driver.
INFO - 2020-09-16 10:06:06 --> Email Class Initialized
INFO - 2020-09-16 10:06:06 --> Database Driver Class Initialized
INFO - 2020-09-16 10:06:06 --> Helper loaded: form_helper
INFO - 2020-09-16 10:06:06 --> Form Validation Class Initialized
INFO - 2020-09-16 10:06:06 --> Encrypt Class Initialized
INFO - 2020-09-16 10:06:06 --> Encrypt Class Initialized
INFO - 2020-09-16 10:06:06 --> Controller Class Initialized
INFO - 2020-09-16 10:06:06 --> Model "Material_group_model" initialized
DEBUG - 2020-09-16 10:06:06 --> Session: "sess_save_path" is empty; using "session.save_path" value from php.ini.
INFO - 2020-09-16 10:06:06 --> Final output sent to browser
DEBUG - 2020-09-16 10:06:06 --> Total execution time: 0.2937
INFO - 2020-09-16 10:06:06 --> Session: Class initialized using 'files' driver.
INFO - 2020-09-16 10:06:06 --> Email Class Initialized
INFO - 2020-09-16 10:06:06 --> Helper loaded: form_helper
INFO - 2020-09-16 10:06:06 --> Form Validation Class Initialized
INFO - 2020-09-16 10:06:06 --> Encrypt Class Initialized
INFO - 2020-09-16 10:06:06 --> Encrypt Class Initialized
INFO - 2020-09-16 10:06:06 --> Controller Class Initialized
INFO - 2020-09-16 10:06:06 --> Model "Material_group_model" initialized
INFO - 2020-09-16 10:06:06 --> Final output sent to browser
DEBUG - 2020-09-16 10:06:06 --> Total execution time: 0.3303
INFO - 2020-09-16 10:06:11 --> Config Class Initialized
INFO - 2020-09-16 10:06:11 --> Hooks Class Initialized
DEBUG - 2020-09-16 10:06:11 --> UTF-8 Support Enabled
INFO - 2020-09-16 10:06:11 --> Utf8 Class Initialized
INFO - 2020-09-16 10:06:11 --> URI Class Initialized
INFO - 2020-09-16 10:06:11 --> Router Class Initialized
INFO - 2020-09-16 10:06:11 --> Output Class Initialized
INFO - 2020-09-16 10:06:11 --> Security Class Initialized
DEBUG - 2020-09-16 10:06:11 --> Global POST, GET and COOKIE data sanitized
INFO - 2020-09-16 10:06:11 --> Input Class Initialized
INFO - 2020-09-16 10:06:11 --> Language Class Initialized
INFO - 2020-09-16 10:06:11 --> Loader Class Initialized
INFO - 2020-09-16 10:06:11 --> Helper loaded: url_helper
INFO - 2020-09-16 10:06:11 --> Helper loaded: file_helper
INFO - 2020-09-16 10:06:11 --> Helper loaded: cingru_helper
INFO - 2020-09-16 10:06:11 --> Database Driver Class Initialized
DEBUG - 2020-09-16 10:06:11 --> Session: "sess_save_path" is empty; using "session.save_path" value from php.ini.
INFO - 2020-09-16 10:06:11 --> Session: Class initialized using 'files' driver.
INFO - 2020-09-16 10:06:11 --> Email Class Initialized
INFO - 2020-09-16 10:06:11 --> Helper loaded: form_helper
INFO - 2020-09-16 10:06:11 --> Form Validation Class Initialized
INFO - 2020-09-16 10:06:11 --> Encrypt Class Initialized
INFO - 2020-09-16 10:06:11 --> Encrypt Class Initialized
INFO - 2020-09-16 10:06:11 --> Controller Class Initialized
INFO - 2020-09-16 10:06:11 --> Model "Material_group_model" initialized
INFO - 2020-09-16 10:06:11 --> Final output sent to browser
DEBUG - 2020-09-16 10:06:11 --> Total execution time: 0.3091
INFO - 2020-09-16 10:06:17 --> Config Class Initialized
INFO - 2020-09-16 10:06:17 --> Hooks Class Initialized
DEBUG - 2020-09-16 10:06:17 --> UTF-8 Support Enabled
INFO - 2020-09-16 10:06:17 --> Utf8 Class Initialized
INFO - 2020-09-16 10:06:17 --> URI Class Initialized
INFO - 2020-09-16 10:06:17 --> Router Class Initialized
INFO - 2020-09-16 10:06:17 --> Output Class Initialized
INFO - 2020-09-16 10:06:17 --> Security Class Initialized
DEBUG - 2020-09-16 10:06:17 --> Global POST, GET and COOKIE data sanitized
INFO - 2020-09-16 10:06:17 --> Input Class Initialized
INFO - 2020-09-16 10:06:17 --> Language Class Initialized
INFO - 2020-09-16 10:06:17 --> Loader Class Initialized
INFO - 2020-09-16 10:06:17 --> Helper loaded: url_helper
INFO - 2020-09-16 10:06:17 --> Helper loaded: file_helper
INFO - 2020-09-16 10:06:17 --> Helper loaded: cingru_helper
INFO - 2020-09-16 10:06:17 --> Database Driver Class Initialized
DEBUG - 2020-09-16 10:06:17 --> Session: "sess_save_path" is empty; using "session.save_path" value from php.ini.
INFO - 2020-09-16 10:06:17 --> Session: Class initialized using 'files' driver.
INFO - 2020-09-16 10:06:17 --> Email Class Initialized
INFO - 2020-09-16 10:06:17 --> Helper loaded: form_helper
INFO - 2020-09-16 10:06:17 --> Form Validation Class Initialized
INFO - 2020-09-16 10:06:17 --> Encrypt Class Initialized
INFO - 2020-09-16 10:06:17 --> Encrypt Class Initialized
INFO - 2020-09-16 10:06:17 --> Controller Class Initialized
INFO - 2020-09-16 10:06:17 --> Model "Menu_model" initialized
INFO - 2020-09-16 10:06:17 --> File loaded: C:\xampp\htdocs\ajp\application\views\layout/header.php
INFO - 2020-09-16 10:06:17 --> File loaded: C:\xampp\htdocs\ajp\application\views\administrator/menu.php
INFO - 2020-09-16 10:06:17 --> File loaded: C:\xampp\htdocs\ajp\application\views\layout/footer.php
INFO - 2020-09-16 10:06:17 --> File loaded: C:\xampp\htdocs\ajp\application\views\layout/template.php
INFO - 2020-09-16 10:06:17 --> Final output sent to browser
DEBUG - 2020-09-16 10:06:17 --> Total execution time: 0.3558
INFO - 2020-09-16 10:06:18 --> Config Class Initialized
INFO - 2020-09-16 10:06:18 --> Hooks Class Initialized
DEBUG - 2020-09-16 10:06:18 --> UTF-8 Support Enabled
INFO - 2020-09-16 10:06:18 --> Utf8 Class Initialized
INFO - 2020-09-16 10:06:18 --> URI Class Initialized
INFO - 2020-09-16 10:06:18 --> Router Class Initialized
INFO - 2020-09-16 10:06:18 --> Output Class Initialized
INFO - 2020-09-16 10:06:18 --> Security Class Initialized
DEBUG - 2020-09-16 10:06:18 --> Global POST, GET and COOKIE data sanitized
INFO - 2020-09-16 10:06:18 --> Input Class Initialized
INFO - 2020-09-16 10:06:18 --> Language Class Initialized
ERROR - 2020-09-16 10:06:18 --> 404 Page Not Found: Administrator/assets
INFO - 2020-09-16 10:06:19 --> Config Class Initialized
INFO - 2020-09-16 10:06:19 --> Hooks Class Initialized
DEBUG - 2020-09-16 10:06:19 --> UTF-8 Support Enabled
INFO - 2020-09-16 10:06:19 --> Utf8 Class Initialized
INFO - 2020-09-16 10:06:19 --> URI Class Initialized
INFO - 2020-09-16 10:06:19 --> Router Class Initialized
INFO - 2020-09-16 10:06:19 --> Output Class Initialized
INFO - 2020-09-16 10:06:19 --> Security Class Initialized
DEBUG - 2020-09-16 10:06:19 --> Global POST, GET and COOKIE data sanitized
INFO - 2020-09-16 10:06:19 --> Input Class Initialized
INFO - 2020-09-16 10:06:19 --> Language Class Initialized
INFO - 2020-09-16 10:06:19 --> Loader Class Initialized
INFO - 2020-09-16 10:06:19 --> Helper loaded: url_helper
INFO - 2020-09-16 10:06:19 --> Helper loaded: file_helper
INFO - 2020-09-16 10:06:19 --> Helper loaded: cingru_helper
INFO - 2020-09-16 10:06:19 --> Database Driver Class Initialized
DEBUG - 2020-09-16 10:06:19 --> Session: "sess_save_path" is empty; using "session.save_path" value from php.ini.
INFO - 2020-09-16 10:06:19 --> Session: Class initialized using 'files' driver.
INFO - 2020-09-16 10:06:19 --> Email Class Initialized
INFO - 2020-09-16 10:06:19 --> Helper loaded: form_helper
INFO - 2020-09-16 10:06:19 --> Form Validation Class Initialized
INFO - 2020-09-16 10:06:19 --> Encrypt Class Initialized
INFO - 2020-09-16 10:06:19 --> Encrypt Class Initialized
INFO - 2020-09-16 10:06:19 --> Controller Class Initialized
INFO - 2020-09-16 10:06:19 --> Model "Projectarea_model" initialized
INFO - 2020-09-16 10:06:19 --> File loaded: C:\xampp\htdocs\ajp\application\views\layout/header.php
INFO - 2020-09-16 10:06:19 --> File loaded: C:\xampp\htdocs\ajp\application\views\master/project_area.php
INFO - 2020-09-16 10:06:19 --> File loaded: C:\xampp\htdocs\ajp\application\views\layout/footer.php
INFO - 2020-09-16 10:06:19 --> File loaded: C:\xampp\htdocs\ajp\application\views\layout/template.php
INFO - 2020-09-16 10:06:19 --> Final output sent to browser
DEBUG - 2020-09-16 10:06:19 --> Total execution time: 0.3927
INFO - 2020-09-16 10:06:20 --> Config Class Initialized
INFO - 2020-09-16 10:06:20 --> Hooks Class Initialized
DEBUG - 2020-09-16 10:06:20 --> UTF-8 Support Enabled
INFO - 2020-09-16 10:06:20 --> Utf8 Class Initialized
INFO - 2020-09-16 10:06:20 --> URI Class Initialized
INFO - 2020-09-16 10:06:20 --> Config Class Initialized
INFO - 2020-09-16 10:06:20 --> Hooks Class Initialized
DEBUG - 2020-09-16 10:06:20 --> UTF-8 Support Enabled
INFO - 2020-09-16 10:06:20 --> Utf8 Class Initialized
INFO - 2020-09-16 10:06:20 --> URI Class Initialized
INFO - 2020-09-16 10:06:20 --> Router Class Initialized
INFO - 2020-09-16 10:06:20 --> Output Class Initialized
INFO - 2020-09-16 10:06:20 --> Router Class Initialized
INFO - 2020-09-16 10:06:20 --> Output Class Initialized
INFO - 2020-09-16 10:06:20 --> Security Class Initialized
DEBUG - 2020-09-16 10:06:20 --> Global POST, GET and COOKIE data sanitized
INFO - 2020-09-16 10:06:20 --> Security Class Initialized
DEBUG - 2020-09-16 10:06:20 --> Global POST, GET and COOKIE data sanitized
INFO - 2020-09-16 10:06:20 --> Input Class Initialized
INFO - 2020-09-16 10:06:20 --> Language Class Initialized
INFO - 2020-09-16 10:06:20 --> Input Class Initialized
INFO - 2020-09-16 10:06:20 --> Loader Class Initialized
INFO - 2020-09-16 10:06:20 --> Helper loaded: url_helper
INFO - 2020-09-16 10:06:20 --> Helper loaded: file_helper
INFO - 2020-09-16 10:06:20 --> Helper loaded: cingru_helper
INFO - 2020-09-16 10:06:20 --> Language Class Initialized
INFO - 2020-09-16 10:06:20 --> Database Driver Class Initialized
DEBUG - 2020-09-16 10:06:20 --> Session: "sess_save_path" is empty; using "session.save_path" value from php.ini.
INFO - 2020-09-16 10:06:20 --> Loader Class Initialized
INFO - 2020-09-16 10:06:20 --> Helper loaded: url_helper
INFO - 2020-09-16 10:06:20 --> Helper loaded: file_helper
INFO - 2020-09-16 10:06:20 --> Helper loaded: cingru_helper
INFO - 2020-09-16 10:06:20 --> Session: Class initialized using 'files' driver.
INFO - 2020-09-16 10:06:20 --> Database Driver Class Initialized
DEBUG - 2020-09-16 10:06:20 --> Session: "sess_save_path" is empty; using "session.save_path" value from php.ini.
INFO - 2020-09-16 10:06:20 --> Email Class Initialized
INFO - 2020-09-16 10:06:20 --> Helper loaded: form_helper
INFO - 2020-09-16 10:06:20 --> Form Validation Class Initialized
INFO - 2020-09-16 10:06:20 --> Encrypt Class Initialized
INFO - 2020-09-16 10:06:20 --> Encrypt Class Initialized
INFO - 2020-09-16 10:06:20 --> Controller Class Initialized
INFO - 2020-09-16 10:06:20 --> Model "Projectarea_model" initialized
INFO - 2020-09-16 10:06:20 --> Final output sent to browser
DEBUG - 2020-09-16 10:06:20 --> Total execution time: 0.1964
INFO - 2020-09-16 10:06:20 --> Session: Class initialized using 'files' driver.
INFO - 2020-09-16 10:06:20 --> Email Class Initialized
INFO - 2020-09-16 10:06:20 --> Helper loaded: form_helper
INFO - 2020-09-16 10:06:20 --> Form Validation Class Initialized
INFO - 2020-09-16 10:06:20 --> Encrypt Class Initialized
INFO - 2020-09-16 10:06:20 --> Encrypt Class Initialized
INFO - 2020-09-16 10:06:20 --> Controller Class Initialized
INFO - 2020-09-16 10:06:20 --> Model "Projectarea_model" initialized
INFO - 2020-09-16 10:06:20 --> Final output sent to browser
DEBUG - 2020-09-16 10:06:20 --> Total execution time: 0.3610
INFO - 2020-09-16 10:07:39 --> Config Class Initialized
INFO - 2020-09-16 10:07:39 --> Hooks Class Initialized
DEBUG - 2020-09-16 10:07:39 --> UTF-8 Support Enabled
INFO - 2020-09-16 10:07:39 --> Utf8 Class Initialized
INFO - 2020-09-16 10:07:40 --> URI Class Initialized
INFO - 2020-09-16 10:07:40 --> Router Class Initialized
INFO - 2020-09-16 10:07:40 --> Output Class Initialized
INFO - 2020-09-16 10:07:40 --> Security Class Initialized
DEBUG - 2020-09-16 10:07:40 --> Global POST, GET and COOKIE data sanitized
INFO - 2020-09-16 10:07:40 --> Input Class Initialized
INFO - 2020-09-16 10:07:40 --> Language Class Initialized
INFO - 2020-09-16 10:07:40 --> Loader Class Initialized
INFO - 2020-09-16 10:07:40 --> Helper loaded: url_helper
INFO - 2020-09-16 10:07:40 --> Helper loaded: file_helper
INFO - 2020-09-16 10:07:40 --> Helper loaded: cingru_helper
INFO - 2020-09-16 10:07:40 --> Database Driver Class Initialized
DEBUG - 2020-09-16 10:07:40 --> Session: "sess_save_path" is empty; using "session.save_path" value from php.ini.
INFO - 2020-09-16 10:07:40 --> Session: Class initialized using 'files' driver.
INFO - 2020-09-16 10:07:40 --> Email Class Initialized
INFO - 2020-09-16 10:07:40 --> Helper loaded: form_helper
INFO - 2020-09-16 10:07:40 --> Form Validation Class Initialized
INFO - 2020-09-16 10:07:40 --> Encrypt Class Initialized
INFO - 2020-09-16 10:07:40 --> Encrypt Class Initialized
INFO - 2020-09-16 10:07:40 --> Controller Class Initialized
INFO - 2020-09-16 10:07:40 --> Model "Projectarea_model" initialized
INFO - 2020-09-16 10:07:40 --> File loaded: C:\xampp\htdocs\ajp\application\views\layout/header.php
INFO - 2020-09-16 10:07:40 --> File loaded: C:\xampp\htdocs\ajp\application\views\master/project_area.php
INFO - 2020-09-16 10:07:40 --> File loaded: C:\xampp\htdocs\ajp\application\views\layout/footer.php
INFO - 2020-09-16 10:07:40 --> File loaded: C:\xampp\htdocs\ajp\application\views\layout/template.php
INFO - 2020-09-16 10:07:40 --> Final output sent to browser
DEBUG - 2020-09-16 10:07:40 --> Total execution time: 0.4325
INFO - 2020-09-16 10:07:40 --> Config Class Initialized
INFO - 2020-09-16 10:07:40 --> Hooks Class Initialized
DEBUG - 2020-09-16 10:07:40 --> UTF-8 Support Enabled
INFO - 2020-09-16 10:07:40 --> Utf8 Class Initialized
INFO - 2020-09-16 10:07:40 --> URI Class Initialized
INFO - 2020-09-16 10:07:40 --> Router Class Initialized
INFO - 2020-09-16 10:07:40 --> Config Class Initialized
INFO - 2020-09-16 10:07:40 --> Hooks Class Initialized
DEBUG - 2020-09-16 10:07:40 --> UTF-8 Support Enabled
INFO - 2020-09-16 10:07:40 --> Utf8 Class Initialized
INFO - 2020-09-16 10:07:40 --> Output Class Initialized
INFO - 2020-09-16 10:07:40 --> Security Class Initialized
DEBUG - 2020-09-16 10:07:40 --> Global POST, GET and COOKIE data sanitized
INFO - 2020-09-16 10:07:40 --> Input Class Initialized
INFO - 2020-09-16 10:07:40 --> Language Class Initialized
INFO - 2020-09-16 10:07:40 --> URI Class Initialized
INFO - 2020-09-16 10:07:40 --> Router Class Initialized
INFO - 2020-09-16 10:07:40 --> Output Class Initialized
INFO - 2020-09-16 10:07:40 --> Security Class Initialized
DEBUG - 2020-09-16 10:07:40 --> Global POST, GET and COOKIE data sanitized
INFO - 2020-09-16 10:07:40 --> Loader Class Initialized
INFO - 2020-09-16 10:07:40 --> Helper loaded: url_helper
INFO - 2020-09-16 10:07:40 --> Helper loaded: file_helper
INFO - 2020-09-16 10:07:40 --> Helper loaded: cingru_helper
INFO - 2020-09-16 10:07:40 --> Input Class Initialized
INFO - 2020-09-16 10:07:40 --> Database Driver Class Initialized
INFO - 2020-09-16 10:07:40 --> Language Class Initialized
DEBUG - 2020-09-16 10:07:40 --> Session: "sess_save_path" is empty; using "session.save_path" value from php.ini.
INFO - 2020-09-16 10:07:40 --> Session: Class initialized using 'files' driver.
INFO - 2020-09-16 10:07:40 --> Email Class Initialized
INFO - 2020-09-16 10:07:40 --> Loader Class Initialized
INFO - 2020-09-16 10:07:40 --> Helper loaded: url_helper
INFO - 2020-09-16 10:07:40 --> Helper loaded: file_helper
INFO - 2020-09-16 10:07:40 --> Helper loaded: cingru_helper
INFO - 2020-09-16 10:07:40 --> Helper loaded: form_helper
INFO - 2020-09-16 10:07:40 --> Database Driver Class Initialized
DEBUG - 2020-09-16 10:07:40 --> Session: "sess_save_path" is empty; using "session.save_path" value from php.ini.
INFO - 2020-09-16 10:07:40 --> Form Validation Class Initialized
INFO - 2020-09-16 10:07:40 --> Encrypt Class Initialized
INFO - 2020-09-16 10:07:40 --> Encrypt Class Initialized
INFO - 2020-09-16 10:07:40 --> Controller Class Initialized
INFO - 2020-09-16 10:07:40 --> Model "Projectarea_model" initialized
INFO - 2020-09-16 10:07:40 --> Final output sent to browser
DEBUG - 2020-09-16 10:07:40 --> Total execution time: 0.1859
INFO - 2020-09-16 10:07:40 --> Session: Class initialized using 'files' driver.
INFO - 2020-09-16 10:07:40 --> Email Class Initialized
INFO - 2020-09-16 10:07:40 --> Helper loaded: form_helper
INFO - 2020-09-16 10:07:40 --> Form Validation Class Initialized
INFO - 2020-09-16 10:07:40 --> Encrypt Class Initialized
INFO - 2020-09-16 10:07:40 --> Encrypt Class Initialized
INFO - 2020-09-16 10:07:40 --> Controller Class Initialized
INFO - 2020-09-16 10:07:40 --> Model "Projectarea_model" initialized
INFO - 2020-09-16 10:07:40 --> Final output sent to browser
DEBUG - 2020-09-16 10:07:40 --> Total execution time: 0.1882
INFO - 2020-09-16 10:07:44 --> Config Class Initialized
INFO - 2020-09-16 10:07:44 --> Hooks Class Initialized
DEBUG - 2020-09-16 10:07:44 --> UTF-8 Support Enabled
INFO - 2020-09-16 10:07:44 --> Utf8 Class Initialized
INFO - 2020-09-16 10:07:44 --> URI Class Initialized
INFO - 2020-09-16 10:07:44 --> Router Class Initialized
INFO - 2020-09-16 10:07:44 --> Output Class Initialized
INFO - 2020-09-16 10:07:44 --> Security Class Initialized
DEBUG - 2020-09-16 10:07:44 --> Global POST, GET and COOKIE data sanitized
INFO - 2020-09-16 10:07:44 --> Input Class Initialized
INFO - 2020-09-16 10:07:44 --> Language Class Initialized
ERROR - 2020-09-16 10:07:44 --> 404 Page Not Found: Assets/css
INFO - 2020-09-16 10:07:45 --> Config Class Initialized
INFO - 2020-09-16 10:07:45 --> Hooks Class Initialized
DEBUG - 2020-09-16 10:07:45 --> UTF-8 Support Enabled
INFO - 2020-09-16 10:07:45 --> Utf8 Class Initialized
INFO - 2020-09-16 10:07:45 --> URI Class Initialized
INFO - 2020-09-16 10:07:45 --> Router Class Initialized
INFO - 2020-09-16 10:07:45 --> Output Class Initialized
INFO - 2020-09-16 10:07:45 --> Security Class Initialized
DEBUG - 2020-09-16 10:07:45 --> Global POST, GET and COOKIE data sanitized
INFO - 2020-09-16 10:07:45 --> Input Class Initialized
INFO - 2020-09-16 10:07:45 --> Language Class Initialized
INFO - 2020-09-16 10:07:45 --> Loader Class Initialized
INFO - 2020-09-16 10:07:45 --> Helper loaded: url_helper
INFO - 2020-09-16 10:07:45 --> Helper loaded: file_helper
INFO - 2020-09-16 10:07:45 --> Helper loaded: cingru_helper
INFO - 2020-09-16 10:07:45 --> Database Driver Class Initialized
DEBUG - 2020-09-16 10:07:45 --> Session: "sess_save_path" is empty; using "session.save_path" value from php.ini.
INFO - 2020-09-16 10:07:45 --> Session: Class initialized using 'files' driver.
INFO - 2020-09-16 10:07:45 --> Email Class Initialized
INFO - 2020-09-16 10:07:45 --> Helper loaded: form_helper
INFO - 2020-09-16 10:07:45 --> Form Validation Class Initialized
INFO - 2020-09-16 10:07:45 --> Encrypt Class Initialized
INFO - 2020-09-16 10:07:45 --> Encrypt Class Initialized
INFO - 2020-09-16 10:07:45 --> Controller Class Initialized
INFO - 2020-09-16 10:07:45 --> Model "Projectarea_model" initialized
INFO - 2020-09-16 10:07:45 --> File loaded: C:\xampp\htdocs\ajp\application\views\layout/header.php
INFO - 2020-09-16 10:07:45 --> File loaded: C:\xampp\htdocs\ajp\application\views\master/project_area.php
INFO - 2020-09-16 10:07:45 --> File loaded: C:\xampp\htdocs\ajp\application\views\layout/footer.php
INFO - 2020-09-16 10:07:45 --> File loaded: C:\xampp\htdocs\ajp\application\views\layout/template.php
INFO - 2020-09-16 10:07:45 --> Final output sent to browser
DEBUG - 2020-09-16 10:07:45 --> Total execution time: 0.3445
INFO - 2020-09-16 10:07:46 --> Config Class Initialized
INFO - 2020-09-16 10:07:46 --> Hooks Class Initialized
DEBUG - 2020-09-16 10:07:46 --> UTF-8 Support Enabled
INFO - 2020-09-16 10:07:46 --> Utf8 Class Initialized
INFO - 2020-09-16 10:07:46 --> URI Class Initialized
INFO - 2020-09-16 10:07:46 --> Router Class Initialized
INFO - 2020-09-16 10:07:46 --> Output Class Initialized
INFO - 2020-09-16 10:07:46 --> Security Class Initialized
DEBUG - 2020-09-16 10:07:46 --> Global POST, GET and COOKIE data sanitized
INFO - 2020-09-16 10:07:46 --> Input Class Initialized
INFO - 2020-09-16 10:07:46 --> Language Class Initialized
ERROR - 2020-09-16 10:07:46 --> 404 Page Not Found: Assets/css
INFO - 2020-09-16 10:07:46 --> Config Class Initialized
INFO - 2020-09-16 10:07:46 --> Hooks Class Initialized
DEBUG - 2020-09-16 10:07:46 --> UTF-8 Support Enabled
INFO - 2020-09-16 10:07:46 --> Utf8 Class Initialized
INFO - 2020-09-16 10:07:46 --> URI Class Initialized
INFO - 2020-09-16 10:07:46 --> Config Class Initialized
INFO - 2020-09-16 10:07:46 --> Hooks Class Initialized
DEBUG - 2020-09-16 10:07:46 --> UTF-8 Support Enabled
INFO - 2020-09-16 10:07:46 --> Router Class Initialized
INFO - 2020-09-16 10:07:46 --> Output Class Initialized
INFO - 2020-09-16 10:07:46 --> Security Class Initialized
DEBUG - 2020-09-16 10:07:46 --> Global POST, GET and COOKIE data sanitized
INFO - 2020-09-16 10:07:46 --> Input Class Initialized
INFO - 2020-09-16 10:07:46 --> Language Class Initialized
INFO - 2020-09-16 10:07:46 --> Utf8 Class Initialized
INFO - 2020-09-16 10:07:46 --> Loader Class Initialized
INFO - 2020-09-16 10:07:46 --> Helper loaded: url_helper
INFO - 2020-09-16 10:07:46 --> Helper loaded: file_helper
INFO - 2020-09-16 10:07:46 --> Helper loaded: cingru_helper
INFO - 2020-09-16 10:07:46 --> URI Class Initialized
INFO - 2020-09-16 10:07:46 --> Router Class Initialized
INFO - 2020-09-16 10:07:46 --> Output Class Initialized
INFO - 2020-09-16 10:07:46 --> Security Class Initialized
DEBUG - 2020-09-16 10:07:46 --> Global POST, GET and COOKIE data sanitized
INFO - 2020-09-16 10:07:46 --> Database Driver Class Initialized
INFO - 2020-09-16 10:07:46 --> Input Class Initialized
DEBUG - 2020-09-16 10:07:46 --> Session: "sess_save_path" is empty; using "session.save_path" value from php.ini.
INFO - 2020-09-16 10:07:46 --> Session: Class initialized using 'files' driver.
INFO - 2020-09-16 10:07:46 --> Email Class Initialized
INFO - 2020-09-16 10:07:46 --> Language Class Initialized
INFO - 2020-09-16 10:07:46 --> Loader Class Initialized
INFO - 2020-09-16 10:07:46 --> Helper loaded: url_helper
INFO - 2020-09-16 10:07:46 --> Helper loaded: file_helper
INFO - 2020-09-16 10:07:46 --> Helper loaded: cingru_helper
INFO - 2020-09-16 10:07:46 --> Helper loaded: form_helper
INFO - 2020-09-16 10:07:46 --> Form Validation Class Initialized
INFO - 2020-09-16 10:07:46 --> Encrypt Class Initialized
INFO - 2020-09-16 10:07:46 --> Encrypt Class Initialized
INFO - 2020-09-16 10:07:46 --> Database Driver Class Initialized
INFO - 2020-09-16 10:07:46 --> Controller Class Initialized
DEBUG - 2020-09-16 10:07:46 --> Session: "sess_save_path" is empty; using "session.save_path" value from php.ini.
INFO - 2020-09-16 10:07:46 --> Model "Projectarea_model" initialized
INFO - 2020-09-16 10:07:46 --> Final output sent to browser
DEBUG - 2020-09-16 10:07:46 --> Total execution time: 0.3477
INFO - 2020-09-16 10:07:46 --> Session: Class initialized using 'files' driver.
INFO - 2020-09-16 10:07:46 --> Email Class Initialized
INFO - 2020-09-16 10:07:46 --> Helper loaded: form_helper
INFO - 2020-09-16 10:07:46 --> Form Validation Class Initialized
INFO - 2020-09-16 10:07:46 --> Encrypt Class Initialized
INFO - 2020-09-16 10:07:46 --> Encrypt Class Initialized
INFO - 2020-09-16 10:07:46 --> Controller Class Initialized
INFO - 2020-09-16 10:07:46 --> Model "Projectarea_model" initialized
INFO - 2020-09-16 10:07:46 --> Final output sent to browser
DEBUG - 2020-09-16 10:07:46 --> Total execution time: 0.3623
INFO - 2020-09-16 10:10:53 --> Config Class Initialized
INFO - 2020-09-16 10:10:53 --> Hooks Class Initialized
DEBUG - 2020-09-16 10:10:53 --> UTF-8 Support Enabled
INFO - 2020-09-16 10:10:53 --> Utf8 Class Initialized
INFO - 2020-09-16 10:10:53 --> URI Class Initialized
INFO - 2020-09-16 10:10:53 --> Router Class Initialized
INFO - 2020-09-16 10:10:53 --> Output Class Initialized
INFO - 2020-09-16 10:10:53 --> Security Class Initialized
DEBUG - 2020-09-16 10:10:53 --> Global POST, GET and COOKIE data sanitized
INFO - 2020-09-16 10:10:53 --> Input Class Initialized
INFO - 2020-09-16 10:10:53 --> Language Class Initialized
INFO - 2020-09-16 10:10:53 --> Loader Class Initialized
INFO - 2020-09-16 10:10:53 --> Helper loaded: url_helper
INFO - 2020-09-16 10:10:53 --> Helper loaded: file_helper
INFO - 2020-09-16 10:10:53 --> Helper loaded: cingru_helper
INFO - 2020-09-16 10:10:53 --> Database Driver Class Initialized
DEBUG - 2020-09-16 10:10:53 --> Session: "sess_save_path" is empty; using "session.save_path" value from php.ini.
INFO - 2020-09-16 10:10:53 --> Session: Class initialized using 'files' driver.
INFO - 2020-09-16 10:10:53 --> Email Class Initialized
INFO - 2020-09-16 10:10:53 --> Helper loaded: form_helper
INFO - 2020-09-16 10:10:53 --> Form Validation Class Initialized
INFO - 2020-09-16 10:10:53 --> Encrypt Class Initialized
INFO - 2020-09-16 10:10:53 --> Encrypt Class Initialized
INFO - 2020-09-16 10:10:53 --> Controller Class Initialized
INFO - 2020-09-16 10:10:53 --> Model "Projectarea_model" initialized
INFO - 2020-09-16 10:10:53 --> File loaded: C:\xampp\htdocs\ajp\application\views\layout/header.php
INFO - 2020-09-16 10:10:53 --> File loaded: C:\xampp\htdocs\ajp\application\views\master/project_area.php
INFO - 2020-09-16 10:10:53 --> File loaded: C:\xampp\htdocs\ajp\application\views\layout/footer.php
INFO - 2020-09-16 10:10:53 --> File loaded: C:\xampp\htdocs\ajp\application\views\layout/template.php
INFO - 2020-09-16 10:10:53 --> Final output sent to browser
DEBUG - 2020-09-16 10:10:53 --> Total execution time: 0.2922
INFO - 2020-09-16 10:10:54 --> Config Class Initialized
INFO - 2020-09-16 10:10:54 --> Hooks Class Initialized
DEBUG - 2020-09-16 10:10:54 --> UTF-8 Support Enabled
INFO - 2020-09-16 10:10:54 --> Utf8 Class Initialized
INFO - 2020-09-16 10:10:54 --> URI Class Initialized
INFO - 2020-09-16 10:10:54 --> Router Class Initialized
INFO - 2020-09-16 10:10:54 --> Output Class Initialized
INFO - 2020-09-16 10:10:54 --> Security Class Initialized
DEBUG - 2020-09-16 10:10:54 --> Global POST, GET and COOKIE data sanitized
INFO - 2020-09-16 10:10:54 --> Input Class Initialized
INFO - 2020-09-16 10:10:54 --> Language Class Initialized
ERROR - 2020-09-16 10:10:54 --> 404 Page Not Found: Assets/css
INFO - 2020-09-16 10:10:54 --> Config Class Initialized
INFO - 2020-09-16 10:10:54 --> Hooks Class Initialized
DEBUG - 2020-09-16 10:10:54 --> UTF-8 Support Enabled
INFO - 2020-09-16 10:10:54 --> Utf8 Class Initialized
INFO - 2020-09-16 10:10:54 --> URI Class Initialized
INFO - 2020-09-16 10:10:54 --> Router Class Initialized
INFO - 2020-09-16 10:10:54 --> Output Class Initialized
INFO - 2020-09-16 10:10:54 --> Security Class Initialized
INFO - 2020-09-16 10:10:54 --> Config Class Initialized
INFO - 2020-09-16 10:10:54 --> Hooks Class Initialized
DEBUG - 2020-09-16 10:10:54 --> Global POST, GET and COOKIE data sanitized
INFO - 2020-09-16 10:10:54 --> Input Class Initialized
INFO - 2020-09-16 10:10:54 --> Language Class Initialized
INFO - 2020-09-16 10:10:54 --> Loader Class Initialized
INFO - 2020-09-16 10:10:54 --> Helper loaded: url_helper
DEBUG - 2020-09-16 10:10:54 --> UTF-8 Support Enabled
INFO - 2020-09-16 10:10:54 --> Utf8 Class Initialized
INFO - 2020-09-16 10:10:54 --> URI Class Initialized
INFO - 2020-09-16 10:10:54 --> Router Class Initialized
INFO - 2020-09-16 10:10:54 --> Helper loaded: file_helper
INFO - 2020-09-16 10:10:54 --> Helper loaded: cingru_helper
INFO - 2020-09-16 10:10:54 --> Database Driver Class Initialized
DEBUG - 2020-09-16 10:10:54 --> Session: "sess_save_path" is empty; using "session.save_path" value from php.ini.
INFO - 2020-09-16 10:10:54 --> Output Class Initialized
INFO - 2020-09-16 10:10:54 --> Security Class Initialized
DEBUG - 2020-09-16 10:10:54 --> Global POST, GET and COOKIE data sanitized
INFO - 2020-09-16 10:10:54 --> Input Class Initialized
INFO - 2020-09-16 10:10:54 --> Language Class Initialized
INFO - 2020-09-16 10:10:54 --> Loader Class Initialized
INFO - 2020-09-16 10:10:54 --> Session: Class initialized using 'files' driver.
INFO - 2020-09-16 10:10:54 --> Email Class Initialized
INFO - 2020-09-16 10:10:54 --> Helper loaded: form_helper
INFO - 2020-09-16 10:10:54 --> Form Validation Class Initialized
INFO - 2020-09-16 10:10:54 --> Encrypt Class Initialized
INFO - 2020-09-16 10:10:54 --> Encrypt Class Initialized
INFO - 2020-09-16 10:10:54 --> Helper loaded: url_helper
INFO - 2020-09-16 10:10:54 --> Helper loaded: file_helper
INFO - 2020-09-16 10:10:54 --> Helper loaded: cingru_helper
INFO - 2020-09-16 10:10:55 --> Controller Class Initialized
INFO - 2020-09-16 10:10:55 --> Database Driver Class Initialized
INFO - 2020-09-16 10:10:55 --> Model "Projectarea_model" initialized
DEBUG - 2020-09-16 10:10:55 --> Session: "sess_save_path" is empty; using "session.save_path" value from php.ini.
INFO - 2020-09-16 10:10:55 --> Final output sent to browser
DEBUG - 2020-09-16 10:10:55 --> Total execution time: 0.3430
INFO - 2020-09-16 10:10:55 --> Session: Class initialized using 'files' driver.
INFO - 2020-09-16 10:10:55 --> Email Class Initialized
INFO - 2020-09-16 10:10:55 --> Helper loaded: form_helper
INFO - 2020-09-16 10:10:55 --> Form Validation Class Initialized
INFO - 2020-09-16 10:10:55 --> Encrypt Class Initialized
INFO - 2020-09-16 10:10:55 --> Encrypt Class Initialized
INFO - 2020-09-16 10:10:55 --> Controller Class Initialized
INFO - 2020-09-16 10:10:55 --> Model "Projectarea_model" initialized
INFO - 2020-09-16 10:10:55 --> Final output sent to browser
DEBUG - 2020-09-16 10:10:55 --> Total execution time: 0.3213
INFO - 2020-09-16 10:11:02 --> Config Class Initialized
INFO - 2020-09-16 10:11:02 --> Hooks Class Initialized
DEBUG - 2020-09-16 10:11:02 --> UTF-8 Support Enabled
INFO - 2020-09-16 10:11:02 --> Utf8 Class Initialized
INFO - 2020-09-16 10:11:02 --> URI Class Initialized
INFO - 2020-09-16 10:11:02 --> Router Class Initialized
INFO - 2020-09-16 10:11:02 --> Output Class Initialized
INFO - 2020-09-16 10:11:02 --> Security Class Initialized
DEBUG - 2020-09-16 10:11:02 --> Global POST, GET and COOKIE data sanitized
INFO - 2020-09-16 10:11:02 --> Input Class Initialized
INFO - 2020-09-16 10:11:02 --> Language Class Initialized
INFO - 2020-09-16 10:11:02 --> Loader Class Initialized
INFO - 2020-09-16 10:11:02 --> Helper loaded: url_helper
INFO - 2020-09-16 10:11:02 --> Helper loaded: file_helper
INFO - 2020-09-16 10:11:02 --> Helper loaded: cingru_helper
INFO - 2020-09-16 10:11:02 --> Database Driver Class Initialized
DEBUG - 2020-09-16 10:11:02 --> Session: "sess_save_path" is empty; using "session.save_path" value from php.ini.
INFO - 2020-09-16 10:11:02 --> Session: Class initialized using 'files' driver.
INFO - 2020-09-16 10:11:02 --> Email Class Initialized
INFO - 2020-09-16 10:11:02 --> Helper loaded: form_helper
INFO - 2020-09-16 10:11:02 --> Form Validation Class Initialized
INFO - 2020-09-16 10:11:02 --> Encrypt Class Initialized
INFO - 2020-09-16 10:11:02 --> Encrypt Class Initialized
INFO - 2020-09-16 10:11:02 --> Controller Class Initialized
INFO - 2020-09-16 10:11:02 --> Model "Equipment_type_model" initialized
INFO - 2020-09-16 10:11:02 --> File loaded: C:\xampp\htdocs\ajp\application\views\layout/header.php
INFO - 2020-09-16 10:11:02 --> File loaded: C:\xampp\htdocs\ajp\application\views\master/equipment_type.php
INFO - 2020-09-16 10:11:02 --> File loaded: C:\xampp\htdocs\ajp\application\views\layout/footer.php
INFO - 2020-09-16 10:11:02 --> File loaded: C:\xampp\htdocs\ajp\application\views\layout/template.php
INFO - 2020-09-16 10:11:02 --> Final output sent to browser
DEBUG - 2020-09-16 10:11:02 --> Total execution time: 0.3048
INFO - 2020-09-16 10:11:03 --> Config Class Initialized
INFO - 2020-09-16 10:11:03 --> Hooks Class Initialized
DEBUG - 2020-09-16 10:11:03 --> UTF-8 Support Enabled
INFO - 2020-09-16 10:11:03 --> Utf8 Class Initialized
INFO - 2020-09-16 10:11:03 --> URI Class Initialized
INFO - 2020-09-16 10:11:03 --> Router Class Initialized
INFO - 2020-09-16 10:11:03 --> Output Class Initialized
INFO - 2020-09-16 10:11:03 --> Security Class Initialized
DEBUG - 2020-09-16 10:11:03 --> Global POST, GET and COOKIE data sanitized
INFO - 2020-09-16 10:11:03 --> Input Class Initialized
INFO - 2020-09-16 10:11:03 --> Language Class Initialized
ERROR - 2020-09-16 10:11:03 --> 404 Page Not Found: Assets/css
INFO - 2020-09-16 10:11:03 --> Config Class Initialized
INFO - 2020-09-16 10:11:03 --> Hooks Class Initialized
DEBUG - 2020-09-16 10:11:03 --> UTF-8 Support Enabled
INFO - 2020-09-16 10:11:03 --> Utf8 Class Initialized
INFO - 2020-09-16 10:11:03 --> URI Class Initialized
INFO - 2020-09-16 10:11:03 --> Config Class Initialized
INFO - 2020-09-16 10:11:03 --> Hooks Class Initialized
DEBUG - 2020-09-16 10:11:03 --> UTF-8 Support Enabled
INFO - 2020-09-16 10:11:03 --> Utf8 Class Initialized
INFO - 2020-09-16 10:11:03 --> URI Class Initialized
INFO - 2020-09-16 10:11:04 --> Router Class Initialized
INFO - 2020-09-16 10:11:04 --> Output Class Initialized
INFO - 2020-09-16 10:11:04 --> Security Class Initialized
DEBUG - 2020-09-16 10:11:04 --> Global POST, GET and COOKIE data sanitized
INFO - 2020-09-16 10:11:04 --> Input Class Initialized
INFO - 2020-09-16 10:11:04 --> Router Class Initialized
INFO - 2020-09-16 10:11:04 --> Output Class Initialized
INFO - 2020-09-16 10:11:04 --> Security Class Initialized
DEBUG - 2020-09-16 10:11:04 --> Global POST, GET and COOKIE data sanitized
INFO - 2020-09-16 10:11:04 --> Input Class Initialized
INFO - 2020-09-16 10:11:04 --> Language Class Initialized
INFO - 2020-09-16 10:11:04 --> Loader Class Initialized
INFO - 2020-09-16 10:11:04 --> Language Class Initialized
INFO - 2020-09-16 10:11:04 --> Loader Class Initialized
INFO - 2020-09-16 10:11:04 --> Helper loaded: url_helper
INFO - 2020-09-16 10:11:04 --> Helper loaded: file_helper
INFO - 2020-09-16 10:11:04 --> Helper loaded: url_helper
INFO - 2020-09-16 10:11:04 --> Helper loaded: file_helper
INFO - 2020-09-16 10:11:04 --> Helper loaded: cingru_helper
INFO - 2020-09-16 10:11:04 --> Helper loaded: cingru_helper
INFO - 2020-09-16 10:11:04 --> Database Driver Class Initialized
INFO - 2020-09-16 10:11:04 --> Database Driver Class Initialized
DEBUG - 2020-09-16 10:11:04 --> Session: "sess_save_path" is empty; using "session.save_path" value from php.ini.
INFO - 2020-09-16 10:11:04 --> Session: Class initialized using 'files' driver.
INFO - 2020-09-16 10:11:04 --> Email Class Initialized
DEBUG - 2020-09-16 10:11:04 --> Session: "sess_save_path" is empty; using "session.save_path" value from php.ini.
INFO - 2020-09-16 10:11:04 --> Helper loaded: form_helper
INFO - 2020-09-16 10:11:04 --> Form Validation Class Initialized
INFO - 2020-09-16 10:11:04 --> Encrypt Class Initialized
INFO - 2020-09-16 10:11:04 --> Encrypt Class Initialized
INFO - 2020-09-16 10:11:04 --> Controller Class Initialized
INFO - 2020-09-16 10:11:04 --> Model "Equipment_type_model" initialized
INFO - 2020-09-16 10:11:04 --> Final output sent to browser
DEBUG - 2020-09-16 10:11:04 --> Total execution time: 0.3748
INFO - 2020-09-16 10:11:04 --> Session: Class initialized using 'files' driver.
INFO - 2020-09-16 10:11:04 --> Email Class Initialized
INFO - 2020-09-16 10:11:04 --> Helper loaded: form_helper
INFO - 2020-09-16 10:11:04 --> Form Validation Class Initialized
INFO - 2020-09-16 10:11:04 --> Encrypt Class Initialized
INFO - 2020-09-16 10:11:04 --> Encrypt Class Initialized
INFO - 2020-09-16 10:11:04 --> Controller Class Initialized
INFO - 2020-09-16 10:11:04 --> Model "Equipment_type_model" initialized
INFO - 2020-09-16 10:11:04 --> Final output sent to browser
DEBUG - 2020-09-16 10:11:04 --> Total execution time: 0.4038
INFO - 2020-09-16 10:11:11 --> Config Class Initialized
INFO - 2020-09-16 10:11:11 --> Hooks Class Initialized
DEBUG - 2020-09-16 10:11:11 --> UTF-8 Support Enabled
INFO - 2020-09-16 10:11:11 --> Utf8 Class Initialized
INFO - 2020-09-16 10:11:11 --> URI Class Initialized
INFO - 2020-09-16 10:11:11 --> Router Class Initialized
INFO - 2020-09-16 10:11:11 --> Output Class Initialized
INFO - 2020-09-16 10:11:11 --> Security Class Initialized
DEBUG - 2020-09-16 10:11:11 --> Global POST, GET and COOKIE data sanitized
INFO - 2020-09-16 10:11:11 --> Input Class Initialized
INFO - 2020-09-16 10:11:11 --> Language Class Initialized
INFO - 2020-09-16 10:11:11 --> Loader Class Initialized
INFO - 2020-09-16 10:11:11 --> Helper loaded: url_helper
INFO - 2020-09-16 10:11:11 --> Helper loaded: file_helper
INFO - 2020-09-16 10:11:11 --> Helper loaded: cingru_helper
INFO - 2020-09-16 10:11:11 --> Database Driver Class Initialized
DEBUG - 2020-09-16 10:11:11 --> Session: "sess_save_path" is empty; using "session.save_path" value from php.ini.
INFO - 2020-09-16 10:11:11 --> Session: Class initialized using 'files' driver.
INFO - 2020-09-16 10:11:11 --> Email Class Initialized
INFO - 2020-09-16 10:11:11 --> Helper loaded: form_helper
INFO - 2020-09-16 10:11:11 --> Form Validation Class Initialized
INFO - 2020-09-16 10:11:11 --> Encrypt Class Initialized
INFO - 2020-09-16 10:11:11 --> Encrypt Class Initialized
INFO - 2020-09-16 10:11:11 --> Controller Class Initialized
INFO - 2020-09-16 10:11:11 --> Model "Projectarea_model" initialized
INFO - 2020-09-16 10:11:11 --> File loaded: C:\xampp\htdocs\ajp\application\views\layout/header.php
INFO - 2020-09-16 10:11:11 --> File loaded: C:\xampp\htdocs\ajp\application\views\master/project_area.php
INFO - 2020-09-16 10:11:11 --> File loaded: C:\xampp\htdocs\ajp\application\views\layout/footer.php
INFO - 2020-09-16 10:11:11 --> File loaded: C:\xampp\htdocs\ajp\application\views\layout/template.php
INFO - 2020-09-16 10:11:11 --> Final output sent to browser
DEBUG - 2020-09-16 10:11:11 --> Total execution time: 0.2838
INFO - 2020-09-16 10:11:12 --> Config Class Initialized
INFO - 2020-09-16 10:11:12 --> Hooks Class Initialized
DEBUG - 2020-09-16 10:11:12 --> UTF-8 Support Enabled
INFO - 2020-09-16 10:11:12 --> Utf8 Class Initialized
INFO - 2020-09-16 10:11:12 --> URI Class Initialized
INFO - 2020-09-16 10:11:12 --> Router Class Initialized
INFO - 2020-09-16 10:11:12 --> Output Class Initialized
INFO - 2020-09-16 10:11:12 --> Security Class Initialized
DEBUG - 2020-09-16 10:11:12 --> Global POST, GET and COOKIE data sanitized
INFO - 2020-09-16 10:11:12 --> Input Class Initialized
INFO - 2020-09-16 10:11:12 --> Language Class Initialized
ERROR - 2020-09-16 10:11:12 --> 404 Page Not Found: Assets/css
INFO - 2020-09-16 10:11:12 --> Config Class Initialized
INFO - 2020-09-16 10:11:12 --> Hooks Class Initialized
DEBUG - 2020-09-16 10:11:12 --> UTF-8 Support Enabled
INFO - 2020-09-16 10:11:12 --> Utf8 Class Initialized
INFO - 2020-09-16 10:11:12 --> URI Class Initialized
INFO - 2020-09-16 10:11:12 --> Router Class Initialized
INFO - 2020-09-16 10:11:12 --> Output Class Initialized
INFO - 2020-09-16 10:11:12 --> Config Class Initialized
INFO - 2020-09-16 10:11:12 --> Hooks Class Initialized
DEBUG - 2020-09-16 10:11:12 --> UTF-8 Support Enabled
INFO - 2020-09-16 10:11:12 --> Security Class Initialized
DEBUG - 2020-09-16 10:11:12 --> Global POST, GET and COOKIE data sanitized
INFO - 2020-09-16 10:11:12 --> Input Class Initialized
INFO - 2020-09-16 10:11:12 --> Language Class Initialized
INFO - 2020-09-16 10:11:12 --> Loader Class Initialized
INFO - 2020-09-16 10:11:12 --> Utf8 Class Initialized
INFO - 2020-09-16 10:11:12 --> Helper loaded: url_helper
INFO - 2020-09-16 10:11:12 --> Helper loaded: file_helper
INFO - 2020-09-16 10:11:12 --> Helper loaded: cingru_helper
INFO - 2020-09-16 10:11:12 --> URI Class Initialized
INFO - 2020-09-16 10:11:12 --> Database Driver Class Initialized
INFO - 2020-09-16 10:11:12 --> Router Class Initialized
DEBUG - 2020-09-16 10:11:12 --> Session: "sess_save_path" is empty; using "session.save_path" value from php.ini.
INFO - 2020-09-16 10:11:12 --> Session: Class initialized using 'files' driver.
INFO - 2020-09-16 10:11:12 --> Email Class Initialized
INFO - 2020-09-16 10:11:12 --> Helper loaded: form_helper
INFO - 2020-09-16 10:11:12 --> Output Class Initialized
INFO - 2020-09-16 10:11:12 --> Security Class Initialized
DEBUG - 2020-09-16 10:11:12 --> Global POST, GET and COOKIE data sanitized
INFO - 2020-09-16 10:11:12 --> Input Class Initialized
INFO - 2020-09-16 10:11:12 --> Language Class Initialized
INFO - 2020-09-16 10:11:12 --> Form Validation Class Initialized
INFO - 2020-09-16 10:11:12 --> Loader Class Initialized
INFO - 2020-09-16 10:11:12 --> Helper loaded: url_helper
INFO - 2020-09-16 10:11:12 --> Helper loaded: file_helper
INFO - 2020-09-16 10:11:12 --> Helper loaded: cingru_helper
INFO - 2020-09-16 10:11:12 --> Encrypt Class Initialized
INFO - 2020-09-16 10:11:12 --> Database Driver Class Initialized
DEBUG - 2020-09-16 10:11:12 --> Session: "sess_save_path" is empty; using "session.save_path" value from php.ini.
INFO - 2020-09-16 10:11:12 --> Encrypt Class Initialized
INFO - 2020-09-16 10:11:12 --> Controller Class Initialized
INFO - 2020-09-16 10:11:12 --> Model "Projectarea_model" initialized
INFO - 2020-09-16 10:11:12 --> Final output sent to browser
DEBUG - 2020-09-16 10:11:12 --> Total execution time: 0.2730
INFO - 2020-09-16 10:11:12 --> Session: Class initialized using 'files' driver.
INFO - 2020-09-16 10:11:12 --> Email Class Initialized
INFO - 2020-09-16 10:11:12 --> Helper loaded: form_helper
INFO - 2020-09-16 10:11:12 --> Form Validation Class Initialized
INFO - 2020-09-16 10:11:12 --> Encrypt Class Initialized
INFO - 2020-09-16 10:11:12 --> Encrypt Class Initialized
INFO - 2020-09-16 10:11:12 --> Controller Class Initialized
INFO - 2020-09-16 10:11:12 --> Model "Projectarea_model" initialized
INFO - 2020-09-16 10:11:12 --> Final output sent to browser
DEBUG - 2020-09-16 10:11:12 --> Total execution time: 0.2582
INFO - 2020-09-16 10:11:38 --> Config Class Initialized
INFO - 2020-09-16 10:11:38 --> Hooks Class Initialized
DEBUG - 2020-09-16 10:11:38 --> UTF-8 Support Enabled
INFO - 2020-09-16 10:11:38 --> Utf8 Class Initialized
INFO - 2020-09-16 10:11:38 --> URI Class Initialized
INFO - 2020-09-16 10:11:38 --> Router Class Initialized
INFO - 2020-09-16 10:11:38 --> Output Class Initialized
INFO - 2020-09-16 10:11:38 --> Security Class Initialized
DEBUG - 2020-09-16 10:11:38 --> Global POST, GET and COOKIE data sanitized
INFO - 2020-09-16 10:11:38 --> Input Class Initialized
INFO - 2020-09-16 10:11:38 --> Language Class Initialized
ERROR - 2020-09-16 10:11:38 --> 404 Page Not Found: Urequest/index
INFO - 2020-09-16 10:11:39 --> Config Class Initialized
INFO - 2020-09-16 10:11:39 --> Hooks Class Initialized
DEBUG - 2020-09-16 10:11:39 --> UTF-8 Support Enabled
INFO - 2020-09-16 10:11:39 --> Utf8 Class Initialized
INFO - 2020-09-16 10:11:39 --> URI Class Initialized
INFO - 2020-09-16 10:11:39 --> Router Class Initialized
INFO - 2020-09-16 10:11:39 --> Output Class Initialized
INFO - 2020-09-16 10:11:39 --> Security Class Initialized
DEBUG - 2020-09-16 10:11:39 --> Global POST, GET and COOKIE data sanitized
INFO - 2020-09-16 10:11:39 --> Input Class Initialized
INFO - 2020-09-16 10:11:39 --> Language Class Initialized
INFO - 2020-09-16 10:11:39 --> Loader Class Initialized
INFO - 2020-09-16 10:11:39 --> Helper loaded: url_helper
INFO - 2020-09-16 10:11:39 --> Helper loaded: file_helper
INFO - 2020-09-16 10:11:39 --> Helper loaded: cingru_helper
INFO - 2020-09-16 10:11:40 --> Database Driver Class Initialized
DEBUG - 2020-09-16 10:11:40 --> Session: "sess_save_path" is empty; using "session.save_path" value from php.ini.
INFO - 2020-09-16 10:11:40 --> Session: Class initialized using 'files' driver.
INFO - 2020-09-16 10:11:40 --> Email Class Initialized
INFO - 2020-09-16 10:11:40 --> Helper loaded: form_helper
INFO - 2020-09-16 10:11:40 --> Form Validation Class Initialized
INFO - 2020-09-16 10:11:40 --> Encrypt Class Initialized
INFO - 2020-09-16 10:11:40 --> Encrypt Class Initialized
INFO - 2020-09-16 10:11:40 --> Controller Class Initialized
INFO - 2020-09-16 10:11:40 --> Model "Projectarea_model" initialized
INFO - 2020-09-16 10:11:40 --> File loaded: C:\xampp\htdocs\ajp\application\views\layout/header.php
INFO - 2020-09-16 10:11:40 --> File loaded: C:\xampp\htdocs\ajp\application\views\master/project_area.php
INFO - 2020-09-16 10:11:40 --> File loaded: C:\xampp\htdocs\ajp\application\views\layout/footer.php
INFO - 2020-09-16 10:11:40 --> File loaded: C:\xampp\htdocs\ajp\application\views\layout/template.php
INFO - 2020-09-16 10:11:40 --> Final output sent to browser
DEBUG - 2020-09-16 10:11:40 --> Total execution time: 0.2993
INFO - 2020-09-16 10:11:40 --> Config Class Initialized
INFO - 2020-09-16 10:11:40 --> Hooks Class Initialized
DEBUG - 2020-09-16 10:11:40 --> UTF-8 Support Enabled
INFO - 2020-09-16 10:11:40 --> Utf8 Class Initialized
INFO - 2020-09-16 10:11:40 --> URI Class Initialized
INFO - 2020-09-16 10:11:40 --> Router Class Initialized
INFO - 2020-09-16 10:11:40 --> Output Class Initialized
INFO - 2020-09-16 10:11:40 --> Security Class Initialized
DEBUG - 2020-09-16 10:11:40 --> Global POST, GET and COOKIE data sanitized
INFO - 2020-09-16 10:11:40 --> Input Class Initialized
INFO - 2020-09-16 10:11:40 --> Language Class Initialized
ERROR - 2020-09-16 10:11:40 --> 404 Page Not Found: Assets/css
INFO - 2020-09-16 10:11:40 --> Config Class Initialized
INFO - 2020-09-16 10:11:41 --> Hooks Class Initialized
DEBUG - 2020-09-16 10:11:41 --> UTF-8 Support Enabled
INFO - 2020-09-16 10:11:41 --> Utf8 Class Initialized
INFO - 2020-09-16 10:11:41 --> URI Class Initialized
INFO - 2020-09-16 10:11:41 --> Router Class Initialized
INFO - 2020-09-16 10:11:41 --> Config Class Initialized
INFO - 2020-09-16 10:11:41 --> Hooks Class Initialized
DEBUG - 2020-09-16 10:11:41 --> UTF-8 Support Enabled
INFO - 2020-09-16 10:11:41 --> Utf8 Class Initialized
INFO - 2020-09-16 10:11:41 --> Output Class Initialized
INFO - 2020-09-16 10:11:41 --> Security Class Initialized
DEBUG - 2020-09-16 10:11:41 --> Global POST, GET and COOKIE data sanitized
INFO - 2020-09-16 10:11:41 --> Input Class Initialized
INFO - 2020-09-16 10:11:41 --> Language Class Initialized
INFO - 2020-09-16 10:11:41 --> Loader Class Initialized
INFO - 2020-09-16 10:11:41 --> URI Class Initialized
INFO - 2020-09-16 10:11:41 --> Router Class Initialized
INFO - 2020-09-16 10:11:41 --> Output Class Initialized
INFO - 2020-09-16 10:11:41 --> Security Class Initialized
INFO - 2020-09-16 10:11:41 --> Helper loaded: url_helper
DEBUG - 2020-09-16 10:11:41 --> Global POST, GET and COOKIE data sanitized
INFO - 2020-09-16 10:11:41 --> Input Class Initialized
INFO - 2020-09-16 10:11:41 --> Language Class Initialized
INFO - 2020-09-16 10:11:41 --> Loader Class Initialized
INFO - 2020-09-16 10:11:41 --> Helper loaded: url_helper
INFO - 2020-09-16 10:11:41 --> Helper loaded: file_helper
INFO - 2020-09-16 10:11:41 --> Helper loaded: cingru_helper
INFO - 2020-09-16 10:11:41 --> Helper loaded: file_helper
INFO - 2020-09-16 10:11:41 --> Database Driver Class Initialized
INFO - 2020-09-16 10:11:41 --> Helper loaded: cingru_helper
DEBUG - 2020-09-16 10:11:41 --> Session: "sess_save_path" is empty; using "session.save_path" value from php.ini.
INFO - 2020-09-16 10:11:41 --> Session: Class initialized using 'files' driver.
INFO - 2020-09-16 10:11:41 --> Email Class Initialized
INFO - 2020-09-16 10:11:41 --> Helper loaded: form_helper
INFO - 2020-09-16 10:11:41 --> Form Validation Class Initialized
INFO - 2020-09-16 10:11:41 --> Encrypt Class Initialized
INFO - 2020-09-16 10:11:41 --> Database Driver Class Initialized
INFO - 2020-09-16 10:11:41 --> Encrypt Class Initialized
INFO - 2020-09-16 10:11:41 --> Controller Class Initialized
INFO - 2020-09-16 10:11:41 --> Model "Projectarea_model" initialized
INFO - 2020-09-16 10:11:41 --> Final output sent to browser
DEBUG - 2020-09-16 10:11:41 --> Total execution time: 0.1779
DEBUG - 2020-09-16 10:11:41 --> Session: "sess_save_path" is empty; using "session.save_path" value from php.ini.
INFO - 2020-09-16 10:11:41 --> Session: Class initialized using 'files' driver.
INFO - 2020-09-16 10:11:41 --> Email Class Initialized
INFO - 2020-09-16 10:11:41 --> Helper loaded: form_helper
INFO - 2020-09-16 10:11:41 --> Form Validation Class Initialized
INFO - 2020-09-16 10:11:41 --> Encrypt Class Initialized
INFO - 2020-09-16 10:11:41 --> Encrypt Class Initialized
INFO - 2020-09-16 10:11:41 --> Controller Class Initialized
INFO - 2020-09-16 10:11:41 --> Model "Projectarea_model" initialized
INFO - 2020-09-16 10:11:41 --> Final output sent to browser
DEBUG - 2020-09-16 10:11:41 --> Total execution time: 0.4358
INFO - 2020-09-16 10:11:41 --> Config Class Initialized
INFO - 2020-09-16 10:11:41 --> Hooks Class Initialized
DEBUG - 2020-09-16 10:11:41 --> UTF-8 Support Enabled
INFO - 2020-09-16 10:11:42 --> Utf8 Class Initialized
INFO - 2020-09-16 10:11:42 --> URI Class Initialized
INFO - 2020-09-16 10:11:42 --> Router Class Initialized
INFO - 2020-09-16 10:11:42 --> Output Class Initialized
INFO - 2020-09-16 10:11:42 --> Security Class Initialized
DEBUG - 2020-09-16 10:11:42 --> Global POST, GET and COOKIE data sanitized
INFO - 2020-09-16 10:11:42 --> Input Class Initialized
INFO - 2020-09-16 10:11:42 --> Language Class Initialized
INFO - 2020-09-16 10:11:42 --> Loader Class Initialized
INFO - 2020-09-16 10:11:42 --> Helper loaded: url_helper
INFO - 2020-09-16 10:11:42 --> Helper loaded: file_helper
INFO - 2020-09-16 10:11:42 --> Helper loaded: cingru_helper
INFO - 2020-09-16 10:11:42 --> Database Driver Class Initialized
DEBUG - 2020-09-16 10:11:42 --> Session: "sess_save_path" is empty; using "session.save_path" value from php.ini.
INFO - 2020-09-16 10:11:42 --> Session: Class initialized using 'files' driver.
INFO - 2020-09-16 10:11:42 --> Email Class Initialized
INFO - 2020-09-16 10:11:42 --> Helper loaded: form_helper
INFO - 2020-09-16 10:11:42 --> Form Validation Class Initialized
INFO - 2020-09-16 10:11:42 --> Encrypt Class Initialized
INFO - 2020-09-16 10:11:42 --> Encrypt Class Initialized
INFO - 2020-09-16 10:11:42 --> Controller Class Initialized
INFO - 2020-09-16 10:11:42 --> File loaded: C:\xampp\htdocs\ajp\application\views\layout/header.php
INFO - 2020-09-16 10:11:42 --> File loaded: C:\xampp\htdocs\ajp\application\views\po/po.php
INFO - 2020-09-16 10:11:42 --> File loaded: C:\xampp\htdocs\ajp\application\views\layout/footer.php
INFO - 2020-09-16 10:11:42 --> File loaded: C:\xampp\htdocs\ajp\application\views\layout/template.php
INFO - 2020-09-16 10:11:42 --> Final output sent to browser
DEBUG - 2020-09-16 10:11:42 --> Total execution time: 0.3573
INFO - 2020-09-16 10:11:42 --> Config Class Initialized
INFO - 2020-09-16 10:11:42 --> Hooks Class Initialized
DEBUG - 2020-09-16 10:11:42 --> UTF-8 Support Enabled
INFO - 2020-09-16 10:11:42 --> Utf8 Class Initialized
INFO - 2020-09-16 10:11:42 --> URI Class Initialized
INFO - 2020-09-16 10:11:42 --> Router Class Initialized
INFO - 2020-09-16 10:11:42 --> Output Class Initialized
INFO - 2020-09-16 10:11:42 --> Security Class Initialized
DEBUG - 2020-09-16 10:11:42 --> Global POST, GET and COOKIE data sanitized
INFO - 2020-09-16 10:11:42 --> Input Class Initialized
INFO - 2020-09-16 10:11:43 --> Language Class Initialized
ERROR - 2020-09-16 10:11:43 --> 404 Page Not Found: Assets/css
INFO - 2020-09-16 10:15:37 --> Config Class Initialized
INFO - 2020-09-16 10:15:37 --> Hooks Class Initialized
DEBUG - 2020-09-16 10:15:37 --> UTF-8 Support Enabled
INFO - 2020-09-16 10:15:37 --> Utf8 Class Initialized
INFO - 2020-09-16 10:15:37 --> URI Class Initialized
INFO - 2020-09-16 10:15:37 --> Router Class Initialized
INFO - 2020-09-16 10:15:37 --> Output Class Initialized
INFO - 2020-09-16 10:15:37 --> Security Class Initialized
DEBUG - 2020-09-16 10:15:37 --> Global POST, GET and COOKIE data sanitized
INFO - 2020-09-16 10:15:37 --> Input Class Initialized
INFO - 2020-09-16 10:15:37 --> Language Class Initialized
INFO - 2020-09-16 10:15:37 --> Loader Class Initialized
INFO - 2020-09-16 10:15:37 --> Helper loaded: url_helper
INFO - 2020-09-16 10:15:37 --> Helper loaded: file_helper
INFO - 2020-09-16 10:15:37 --> Helper loaded: cingru_helper
INFO - 2020-09-16 10:15:37 --> Database Driver Class Initialized
DEBUG - 2020-09-16 10:15:37 --> Session: "sess_save_path" is empty; using "session.save_path" value from php.ini.
INFO - 2020-09-16 10:15:37 --> Session: Class initialized using 'files' driver.
INFO - 2020-09-16 10:15:37 --> Email Class Initialized
INFO - 2020-09-16 10:15:37 --> Helper loaded: form_helper
INFO - 2020-09-16 10:15:37 --> Form Validation Class Initialized
INFO - 2020-09-16 10:15:37 --> Encrypt Class Initialized
INFO - 2020-09-16 10:15:37 --> Encrypt Class Initialized
INFO - 2020-09-16 10:15:37 --> Controller Class Initialized
INFO - 2020-09-16 10:15:37 --> Model "Projectarea_model" initialized
INFO - 2020-09-16 10:15:37 --> File loaded: C:\xampp\htdocs\ajp\application\views\layout/header.php
INFO - 2020-09-16 10:15:37 --> File loaded: C:\xampp\htdocs\ajp\application\views\master/project_area.php
INFO - 2020-09-16 10:15:37 --> File loaded: C:\xampp\htdocs\ajp\application\views\layout/footer.php
INFO - 2020-09-16 10:15:37 --> File loaded: C:\xampp\htdocs\ajp\application\views\layout/template.php
INFO - 2020-09-16 10:15:37 --> Final output sent to browser
DEBUG - 2020-09-16 10:15:37 --> Total execution time: 0.3269
INFO - 2020-09-16 10:15:38 --> Config Class Initialized
INFO - 2020-09-16 10:15:38 --> Hooks Class Initialized
DEBUG - 2020-09-16 10:15:38 --> UTF-8 Support Enabled
INFO - 2020-09-16 10:15:38 --> Utf8 Class Initialized
INFO - 2020-09-16 10:15:38 --> URI Class Initialized
INFO - 2020-09-16 10:15:38 --> Router Class Initialized
INFO - 2020-09-16 10:15:38 --> Output Class Initialized
INFO - 2020-09-16 10:15:38 --> Security Class Initialized
DEBUG - 2020-09-16 10:15:38 --> Global POST, GET and COOKIE data sanitized
INFO - 2020-09-16 10:15:38 --> Input Class Initialized
INFO - 2020-09-16 10:15:38 --> Language Class Initialized
ERROR - 2020-09-16 10:15:38 --> 404 Page Not Found: Assets/css
INFO - 2020-09-16 10:15:38 --> Config Class Initialized
INFO - 2020-09-16 10:15:38 --> Hooks Class Initialized
DEBUG - 2020-09-16 10:15:38 --> UTF-8 Support Enabled
INFO - 2020-09-16 10:15:38 --> Utf8 Class Initialized
INFO - 2020-09-16 10:15:38 --> URI Class Initialized
INFO - 2020-09-16 10:15:38 --> Router Class Initialized
INFO - 2020-09-16 10:15:38 --> Output Class Initialized
INFO - 2020-09-16 10:15:38 --> Security Class Initialized
INFO - 2020-09-16 10:15:38 --> Config Class Initialized
INFO - 2020-09-16 10:15:38 --> Hooks Class Initialized
DEBUG - 2020-09-16 10:15:38 --> UTF-8 Support Enabled
DEBUG - 2020-09-16 10:15:38 --> Global POST, GET and COOKIE data sanitized
INFO - 2020-09-16 10:15:38 --> Input Class Initialized
INFO - 2020-09-16 10:15:38 --> Language Class Initialized
INFO - 2020-09-16 10:15:38 --> Loader Class Initialized
INFO - 2020-09-16 10:15:38 --> Helper loaded: url_helper
INFO - 2020-09-16 10:15:38 --> Utf8 Class Initialized
INFO - 2020-09-16 10:15:38 --> URI Class Initialized
INFO - 2020-09-16 10:15:38 --> Router Class Initialized
INFO - 2020-09-16 10:15:38 --> Output Class Initialized
INFO - 2020-09-16 10:15:38 --> Security Class Initialized
DEBUG - 2020-09-16 10:15:38 --> Global POST, GET and COOKIE data sanitized
INFO - 2020-09-16 10:15:38 --> Helper loaded: file_helper
INFO - 2020-09-16 10:15:38 --> Helper loaded: cingru_helper
INFO - 2020-09-16 10:15:38 --> Input Class Initialized
INFO - 2020-09-16 10:15:38 --> Database Driver Class Initialized
INFO - 2020-09-16 10:15:38 --> Language Class Initialized
DEBUG - 2020-09-16 10:15:38 --> Session: "sess_save_path" is empty; using "session.save_path" value from php.ini.
INFO - 2020-09-16 10:15:38 --> Session: Class initialized using 'files' driver.
INFO - 2020-09-16 10:15:38 --> Email Class Initialized
INFO - 2020-09-16 10:15:38 --> Helper loaded: form_helper
INFO - 2020-09-16 10:15:38 --> Loader Class Initialized
INFO - 2020-09-16 10:15:38 --> Helper loaded: url_helper
INFO - 2020-09-16 10:15:38 --> Helper loaded: file_helper
INFO - 2020-09-16 10:15:38 --> Helper loaded: cingru_helper
INFO - 2020-09-16 10:15:38 --> Form Validation Class Initialized
INFO - 2020-09-16 10:15:38 --> Database Driver Class Initialized
INFO - 2020-09-16 10:15:38 --> Encrypt Class Initialized
INFO - 2020-09-16 10:15:38 --> Encrypt Class Initialized
DEBUG - 2020-09-16 10:15:38 --> Session: "sess_save_path" is empty; using "session.save_path" value from php.ini.
INFO - 2020-09-16 10:15:38 --> Controller Class Initialized
INFO - 2020-09-16 10:15:38 --> Model "Projectarea_model" initialized
INFO - 2020-09-16 10:15:38 --> Final output sent to browser
DEBUG - 2020-09-16 10:15:38 --> Total execution time: 0.3310
INFO - 2020-09-16 10:15:38 --> Session: Class initialized using 'files' driver.
INFO - 2020-09-16 10:15:38 --> Email Class Initialized
INFO - 2020-09-16 10:15:38 --> Helper loaded: form_helper
INFO - 2020-09-16 10:15:38 --> Form Validation Class Initialized
INFO - 2020-09-16 10:15:38 --> Encrypt Class Initialized
INFO - 2020-09-16 10:15:38 --> Encrypt Class Initialized
INFO - 2020-09-16 10:15:38 --> Controller Class Initialized
INFO - 2020-09-16 10:15:38 --> Model "Projectarea_model" initialized
INFO - 2020-09-16 10:15:38 --> Final output sent to browser
DEBUG - 2020-09-16 10:15:38 --> Total execution time: 0.2911
