INFO - 2020-07-01 14:17:17 --> Config Class Initialized
INFO - 2020-07-01 14:17:17 --> Hooks Class Initialized
DEBUG - 2020-07-01 14:17:17 --> UTF-8 Support Enabled
INFO - 2020-07-01 14:17:17 --> Utf8 Class Initialized
INFO - 2020-07-01 14:17:17 --> URI Class Initialized
DEBUG - 2020-07-01 14:17:18 --> No URI present. Default controller set.
INFO - 2020-07-01 14:17:18 --> Router Class Initialized
INFO - 2020-07-01 14:17:18 --> Output Class Initialized
INFO - 2020-07-01 14:17:18 --> Security Class Initialized
DEBUG - 2020-07-01 14:17:18 --> Global POST, GET and COOKIE data sanitized
INFO - 2020-07-01 14:17:18 --> Input Class Initialized
INFO - 2020-07-01 14:17:18 --> Language Class Initialized
INFO - 2020-07-01 14:17:18 --> Loader Class Initialized
INFO - 2020-07-01 14:17:18 --> Helper loaded: url_helper
INFO - 2020-07-01 14:17:18 --> Helper loaded: file_helper
INFO - 2020-07-01 14:17:18 --> Helper loaded: cingru_helper
INFO - 2020-07-01 14:17:18 --> Database Driver Class Initialized
DEBUG - 2020-07-01 14:17:18 --> Session: "sess_save_path" is empty; using "session.save_path" value from php.ini.
INFO - 2020-07-01 14:17:18 --> Session: Class initialized using 'files' driver.
INFO - 2020-07-01 14:17:18 --> Email Class Initialized
INFO - 2020-07-01 14:17:18 --> Helper loaded: form_helper
INFO - 2020-07-01 14:17:18 --> Form Validation Class Initialized
INFO - 2020-07-01 14:17:18 --> Encrypt Class Initialized
INFO - 2020-07-01 14:17:18 --> Encrypt Class Initialized
INFO - 2020-07-01 14:17:18 --> Controller Class Initialized
INFO - 2020-07-01 14:17:18 --> Config Class Initialized
INFO - 2020-07-01 14:17:18 --> Hooks Class Initialized
DEBUG - 2020-07-01 14:17:18 --> UTF-8 Support Enabled
INFO - 2020-07-01 14:17:18 --> Utf8 Class Initialized
INFO - 2020-07-01 14:17:18 --> URI Class Initialized
INFO - 2020-07-01 14:17:18 --> Router Class Initialized
INFO - 2020-07-01 14:17:18 --> Output Class Initialized
INFO - 2020-07-01 14:17:18 --> Security Class Initialized
DEBUG - 2020-07-01 14:17:18 --> Global POST, GET and COOKIE data sanitized
INFO - 2020-07-01 14:17:18 --> Input Class Initialized
INFO - 2020-07-01 14:17:18 --> Language Class Initialized
INFO - 2020-07-01 14:17:18 --> Loader Class Initialized
INFO - 2020-07-01 14:17:18 --> Helper loaded: url_helper
INFO - 2020-07-01 14:17:18 --> Helper loaded: file_helper
INFO - 2020-07-01 14:17:18 --> Helper loaded: cingru_helper
INFO - 2020-07-01 14:17:18 --> Database Driver Class Initialized
DEBUG - 2020-07-01 14:17:18 --> Session: "sess_save_path" is empty; using "session.save_path" value from php.ini.
INFO - 2020-07-01 14:17:18 --> Session: Class initialized using 'files' driver.
INFO - 2020-07-01 14:17:18 --> Email Class Initialized
INFO - 2020-07-01 14:17:18 --> Helper loaded: form_helper
INFO - 2020-07-01 14:17:18 --> Form Validation Class Initialized
INFO - 2020-07-01 14:17:18 --> Encrypt Class Initialized
INFO - 2020-07-01 14:17:18 --> Encrypt Class Initialized
INFO - 2020-07-01 14:17:18 --> Controller Class Initialized
INFO - 2020-07-01 14:17:19 --> File loaded: C:\xampp\htdocs\ajp\application\views\layout/header.php
INFO - 2020-07-01 14:17:19 --> File loaded: C:\xampp\htdocs\ajp\application\views\dashboard.php
INFO - 2020-07-01 14:17:19 --> File loaded: C:\xampp\htdocs\ajp\application\views\layout/footer.php
INFO - 2020-07-01 14:17:19 --> File loaded: C:\xampp\htdocs\ajp\application\views\layout/template.php
INFO - 2020-07-01 14:17:19 --> Final output sent to browser
DEBUG - 2020-07-01 14:17:19 --> Total execution time: 0.4638
INFO - 2020-07-01 14:17:26 --> Config Class Initialized
INFO - 2020-07-01 14:17:26 --> Hooks Class Initialized
DEBUG - 2020-07-01 14:17:26 --> UTF-8 Support Enabled
INFO - 2020-07-01 14:17:26 --> Utf8 Class Initialized
INFO - 2020-07-01 14:17:26 --> URI Class Initialized
INFO - 2020-07-01 14:17:26 --> Router Class Initialized
INFO - 2020-07-01 14:17:26 --> Output Class Initialized
INFO - 2020-07-01 14:17:26 --> Security Class Initialized
DEBUG - 2020-07-01 14:17:26 --> Global POST, GET and COOKIE data sanitized
INFO - 2020-07-01 14:17:26 --> Input Class Initialized
INFO - 2020-07-01 14:17:26 --> Language Class Initialized
INFO - 2020-07-01 14:17:26 --> Loader Class Initialized
INFO - 2020-07-01 14:17:26 --> Helper loaded: url_helper
INFO - 2020-07-01 14:17:26 --> Helper loaded: file_helper
INFO - 2020-07-01 14:17:26 --> Helper loaded: cingru_helper
INFO - 2020-07-01 14:17:26 --> Database Driver Class Initialized
DEBUG - 2020-07-01 14:17:26 --> Session: "sess_save_path" is empty; using "session.save_path" value from php.ini.
INFO - 2020-07-01 14:17:26 --> Session: Class initialized using 'files' driver.
INFO - 2020-07-01 14:17:26 --> Email Class Initialized
INFO - 2020-07-01 14:17:26 --> Helper loaded: form_helper
INFO - 2020-07-01 14:17:26 --> Form Validation Class Initialized
INFO - 2020-07-01 14:17:26 --> Encrypt Class Initialized
INFO - 2020-07-01 14:17:26 --> Encrypt Class Initialized
INFO - 2020-07-01 14:17:26 --> Controller Class Initialized
INFO - 2020-07-01 14:17:26 --> Model "Projectarea_model" initialized
INFO - 2020-07-01 14:17:26 --> File loaded: C:\xampp\htdocs\ajp\application\views\layout/header.php
INFO - 2020-07-01 14:17:26 --> File loaded: C:\xampp\htdocs\ajp\application\views\master/project_area.php
INFO - 2020-07-01 14:17:26 --> File loaded: C:\xampp\htdocs\ajp\application\views\layout/footer.php
INFO - 2020-07-01 14:17:26 --> File loaded: C:\xampp\htdocs\ajp\application\views\layout/template.php
INFO - 2020-07-01 14:17:26 --> Final output sent to browser
DEBUG - 2020-07-01 14:17:26 --> Total execution time: 0.3026
INFO - 2020-07-01 14:17:27 --> Config Class Initialized
INFO - 2020-07-01 14:17:27 --> Hooks Class Initialized
DEBUG - 2020-07-01 14:17:27 --> UTF-8 Support Enabled
INFO - 2020-07-01 14:17:27 --> Utf8 Class Initialized
INFO - 2020-07-01 14:17:27 --> URI Class Initialized
INFO - 2020-07-01 14:17:27 --> Router Class Initialized
INFO - 2020-07-01 14:17:27 --> Config Class Initialized
INFO - 2020-07-01 14:17:27 --> Hooks Class Initialized
DEBUG - 2020-07-01 14:17:27 --> UTF-8 Support Enabled
INFO - 2020-07-01 14:17:27 --> Output Class Initialized
INFO - 2020-07-01 14:17:27 --> Config Class Initialized
INFO - 2020-07-01 14:17:27 --> Hooks Class Initialized
INFO - 2020-07-01 14:17:27 --> Security Class Initialized
DEBUG - 2020-07-01 14:17:27 --> UTF-8 Support Enabled
INFO - 2020-07-01 14:17:27 --> Utf8 Class Initialized
DEBUG - 2020-07-01 14:17:27 --> Global POST, GET and COOKIE data sanitized
INFO - 2020-07-01 14:17:27 --> Input Class Initialized
INFO - 2020-07-01 14:17:27 --> URI Class Initialized
INFO - 2020-07-01 14:17:27 --> Utf8 Class Initialized
INFO - 2020-07-01 14:17:27 --> Language Class Initialized
INFO - 2020-07-01 14:17:27 --> URI Class Initialized
INFO - 2020-07-01 14:17:27 --> Router Class Initialized
INFO - 2020-07-01 14:17:27 --> Loader Class Initialized
INFO - 2020-07-01 14:17:27 --> Output Class Initialized
INFO - 2020-07-01 14:17:27 --> Helper loaded: url_helper
INFO - 2020-07-01 14:17:27 --> Helper loaded: file_helper
INFO - 2020-07-01 14:17:27 --> Security Class Initialized
INFO - 2020-07-01 14:17:27 --> Helper loaded: cingru_helper
DEBUG - 2020-07-01 14:17:27 --> Global POST, GET and COOKIE data sanitized
INFO - 2020-07-01 14:17:27 --> Database Driver Class Initialized
INFO - 2020-07-01 14:17:27 --> Router Class Initialized
INFO - 2020-07-01 14:17:27 --> Output Class Initialized
INFO - 2020-07-01 14:17:27 --> Input Class Initialized
DEBUG - 2020-07-01 14:17:27 --> Session: "sess_save_path" is empty; using "session.save_path" value from php.ini.
INFO - 2020-07-01 14:17:27 --> Language Class Initialized
INFO - 2020-07-01 14:17:27 --> Session: Class initialized using 'files' driver.
INFO - 2020-07-01 14:17:27 --> Loader Class Initialized
INFO - 2020-07-01 14:17:27 --> Email Class Initialized
INFO - 2020-07-01 14:17:27 --> Helper loaded: url_helper
INFO - 2020-07-01 14:17:27 --> Helper loaded: file_helper
INFO - 2020-07-01 14:17:27 --> Helper loaded: form_helper
INFO - 2020-07-01 14:17:27 --> Form Validation Class Initialized
INFO - 2020-07-01 14:17:27 --> Security Class Initialized
INFO - 2020-07-01 14:17:27 --> Encrypt Class Initialized
DEBUG - 2020-07-01 14:17:27 --> Global POST, GET and COOKIE data sanitized
INFO - 2020-07-01 14:17:27 --> Encrypt Class Initialized
INFO - 2020-07-01 14:17:27 --> Input Class Initialized
INFO - 2020-07-01 14:17:27 --> Controller Class Initialized
INFO - 2020-07-01 14:17:27 --> Language Class Initialized
INFO - 2020-07-01 14:17:27 --> Model "Projectarea_model" initialized
INFO - 2020-07-01 14:17:27 --> Helper loaded: cingru_helper
INFO - 2020-07-01 14:17:27 --> Database Driver Class Initialized
ERROR - 2020-07-01 14:17:27 --> 404 Page Not Found: Master/assets
DEBUG - 2020-07-01 14:17:27 --> Session: "sess_save_path" is empty; using "session.save_path" value from php.ini.
INFO - 2020-07-01 14:17:27 --> Final output sent to browser
DEBUG - 2020-07-01 14:17:27 --> Total execution time: 0.2801
INFO - 2020-07-01 14:17:27 --> Session: Class initialized using 'files' driver.
INFO - 2020-07-01 14:17:27 --> Email Class Initialized
INFO - 2020-07-01 14:17:27 --> Helper loaded: form_helper
INFO - 2020-07-01 14:17:27 --> Form Validation Class Initialized
INFO - 2020-07-01 14:17:27 --> Encrypt Class Initialized
INFO - 2020-07-01 14:17:27 --> Encrypt Class Initialized
INFO - 2020-07-01 14:17:27 --> Controller Class Initialized
INFO - 2020-07-01 14:17:27 --> Model "Projectarea_model" initialized
INFO - 2020-07-01 14:17:27 --> Final output sent to browser
DEBUG - 2020-07-01 14:17:27 --> Total execution time: 0.3074
INFO - 2020-07-01 14:17:34 --> Config Class Initialized
INFO - 2020-07-01 14:17:34 --> Hooks Class Initialized
DEBUG - 2020-07-01 14:17:34 --> UTF-8 Support Enabled
INFO - 2020-07-01 14:17:34 --> Utf8 Class Initialized
INFO - 2020-07-01 14:17:34 --> URI Class Initialized
INFO - 2020-07-01 14:17:34 --> Router Class Initialized
INFO - 2020-07-01 14:17:34 --> Output Class Initialized
INFO - 2020-07-01 14:17:34 --> Security Class Initialized
DEBUG - 2020-07-01 14:17:34 --> Global POST, GET and COOKIE data sanitized
INFO - 2020-07-01 14:17:34 --> Input Class Initialized
INFO - 2020-07-01 14:17:34 --> Language Class Initialized
INFO - 2020-07-01 14:17:34 --> Loader Class Initialized
INFO - 2020-07-01 14:17:34 --> Helper loaded: url_helper
INFO - 2020-07-01 14:17:34 --> Helper loaded: file_helper
INFO - 2020-07-01 14:17:34 --> Helper loaded: cingru_helper
INFO - 2020-07-01 14:17:34 --> Database Driver Class Initialized
DEBUG - 2020-07-01 14:17:34 --> Session: "sess_save_path" is empty; using "session.save_path" value from php.ini.
INFO - 2020-07-01 14:17:34 --> Session: Class initialized using 'files' driver.
INFO - 2020-07-01 14:17:34 --> Email Class Initialized
INFO - 2020-07-01 14:17:34 --> Helper loaded: form_helper
INFO - 2020-07-01 14:17:34 --> Form Validation Class Initialized
INFO - 2020-07-01 14:17:34 --> Encrypt Class Initialized
INFO - 2020-07-01 14:17:34 --> Encrypt Class Initialized
INFO - 2020-07-01 14:17:34 --> Controller Class Initialized
INFO - 2020-07-01 14:17:34 --> Model "Material_category_model" initialized
INFO - 2020-07-01 14:17:34 --> File loaded: C:\xampp\htdocs\ajp\application\views\layout/header.php
INFO - 2020-07-01 14:17:34 --> File loaded: C:\xampp\htdocs\ajp\application\views\master/material_category.php
INFO - 2020-07-01 14:17:34 --> File loaded: C:\xampp\htdocs\ajp\application\views\layout/footer.php
INFO - 2020-07-01 14:17:34 --> File loaded: C:\xampp\htdocs\ajp\application\views\layout/template.php
INFO - 2020-07-01 14:17:34 --> Final output sent to browser
DEBUG - 2020-07-01 14:17:35 --> Total execution time: 0.3469
INFO - 2020-07-01 14:17:35 --> Config Class Initialized
INFO - 2020-07-01 14:17:35 --> Hooks Class Initialized
DEBUG - 2020-07-01 14:17:35 --> UTF-8 Support Enabled
INFO - 2020-07-01 14:17:35 --> Utf8 Class Initialized
INFO - 2020-07-01 14:17:35 --> URI Class Initialized
INFO - 2020-07-01 14:17:35 --> Router Class Initialized
INFO - 2020-07-01 14:17:35 --> Config Class Initialized
INFO - 2020-07-01 14:17:35 --> Output Class Initialized
INFO - 2020-07-01 14:17:35 --> Security Class Initialized
DEBUG - 2020-07-01 14:17:35 --> Global POST, GET and COOKIE data sanitized
INFO - 2020-07-01 14:17:35 --> Input Class Initialized
INFO - 2020-07-01 14:17:35 --> Language Class Initialized
INFO - 2020-07-01 14:17:35 --> Hooks Class Initialized
INFO - 2020-07-01 14:17:35 --> Loader Class Initialized
INFO - 2020-07-01 14:17:35 --> Helper loaded: url_helper
INFO - 2020-07-01 14:17:35 --> Helper loaded: file_helper
INFO - 2020-07-01 14:17:35 --> Helper loaded: cingru_helper
INFO - 2020-07-01 14:17:35 --> Database Driver Class Initialized
DEBUG - 2020-07-01 14:17:35 --> UTF-8 Support Enabled
INFO - 2020-07-01 14:17:35 --> Utf8 Class Initialized
INFO - 2020-07-01 14:17:35 --> URI Class Initialized
DEBUG - 2020-07-01 14:17:35 --> Session: "sess_save_path" is empty; using "session.save_path" value from php.ini.
INFO - 2020-07-01 14:17:35 --> Router Class Initialized
INFO - 2020-07-01 14:17:35 --> Output Class Initialized
INFO - 2020-07-01 14:17:35 --> Security Class Initialized
DEBUG - 2020-07-01 14:17:35 --> Global POST, GET and COOKIE data sanitized
INFO - 2020-07-01 14:17:35 --> Session: Class initialized using 'files' driver.
INFO - 2020-07-01 14:17:35 --> Email Class Initialized
INFO - 2020-07-01 14:17:35 --> Helper loaded: form_helper
INFO - 2020-07-01 14:17:35 --> Form Validation Class Initialized
INFO - 2020-07-01 14:17:35 --> Input Class Initialized
INFO - 2020-07-01 14:17:35 --> Encrypt Class Initialized
INFO - 2020-07-01 14:17:35 --> Encrypt Class Initialized
INFO - 2020-07-01 14:17:35 --> Controller Class Initialized
INFO - 2020-07-01 14:17:35 --> Model "Material_category_model" initialized
INFO - 2020-07-01 14:17:35 --> Language Class Initialized
INFO - 2020-07-01 14:17:35 --> Final output sent to browser
DEBUG - 2020-07-01 14:17:35 --> Total execution time: 0.1889
INFO - 2020-07-01 14:17:35 --> Loader Class Initialized
INFO - 2020-07-01 14:17:35 --> Helper loaded: url_helper
INFO - 2020-07-01 14:17:35 --> Helper loaded: file_helper
INFO - 2020-07-01 14:17:35 --> Helper loaded: cingru_helper
INFO - 2020-07-01 14:17:35 --> Database Driver Class Initialized
DEBUG - 2020-07-01 14:17:35 --> Session: "sess_save_path" is empty; using "session.save_path" value from php.ini.
INFO - 2020-07-01 14:17:35 --> Session: Class initialized using 'files' driver.
INFO - 2020-07-01 14:17:35 --> Email Class Initialized
INFO - 2020-07-01 14:17:35 --> Helper loaded: form_helper
INFO - 2020-07-01 14:17:35 --> Form Validation Class Initialized
INFO - 2020-07-01 14:17:35 --> Encrypt Class Initialized
INFO - 2020-07-01 14:17:35 --> Encrypt Class Initialized
INFO - 2020-07-01 14:17:35 --> Controller Class Initialized
INFO - 2020-07-01 14:17:35 --> Model "Material_category_model" initialized
INFO - 2020-07-01 14:17:35 --> Final output sent to browser
DEBUG - 2020-07-01 14:17:35 --> Total execution time: 0.2991
INFO - 2020-07-01 14:18:56 --> Config Class Initialized
INFO - 2020-07-01 14:18:56 --> Hooks Class Initialized
DEBUG - 2020-07-01 14:18:56 --> UTF-8 Support Enabled
INFO - 2020-07-01 14:18:56 --> Utf8 Class Initialized
INFO - 2020-07-01 14:18:56 --> URI Class Initialized
INFO - 2020-07-01 14:18:56 --> Router Class Initialized
INFO - 2020-07-01 14:18:56 --> Output Class Initialized
INFO - 2020-07-01 14:18:56 --> Security Class Initialized
DEBUG - 2020-07-01 14:18:56 --> Global POST, GET and COOKIE data sanitized
INFO - 2020-07-01 14:18:56 --> Input Class Initialized
INFO - 2020-07-01 14:18:56 --> Language Class Initialized
INFO - 2020-07-01 14:18:56 --> Loader Class Initialized
INFO - 2020-07-01 14:18:56 --> Helper loaded: url_helper
INFO - 2020-07-01 14:18:56 --> Helper loaded: file_helper
INFO - 2020-07-01 14:18:56 --> Helper loaded: cingru_helper
INFO - 2020-07-01 14:18:56 --> Database Driver Class Initialized
DEBUG - 2020-07-01 14:18:56 --> Session: "sess_save_path" is empty; using "session.save_path" value from php.ini.
INFO - 2020-07-01 14:18:56 --> Session: Class initialized using 'files' driver.
INFO - 2020-07-01 14:18:56 --> Email Class Initialized
INFO - 2020-07-01 14:18:56 --> Helper loaded: form_helper
INFO - 2020-07-01 14:18:56 --> Form Validation Class Initialized
INFO - 2020-07-01 14:18:56 --> Encrypt Class Initialized
INFO - 2020-07-01 14:18:56 --> Encrypt Class Initialized
INFO - 2020-07-01 14:18:56 --> Controller Class Initialized
INFO - 2020-07-01 14:18:56 --> Model "Menu_model" initialized
INFO - 2020-07-01 14:18:56 --> File loaded: C:\xampp\htdocs\ajp\application\views\layout/header.php
INFO - 2020-07-01 14:18:56 --> File loaded: C:\xampp\htdocs\ajp\application\views\administrator/role.php
INFO - 2020-07-01 14:18:56 --> File loaded: C:\xampp\htdocs\ajp\application\views\layout/footer.php
INFO - 2020-07-01 14:18:56 --> File loaded: C:\xampp\htdocs\ajp\application\views\layout/template.php
INFO - 2020-07-01 14:18:56 --> Final output sent to browser
DEBUG - 2020-07-01 14:18:56 --> Total execution time: 0.3217
INFO - 2020-07-01 14:18:57 --> Config Class Initialized
INFO - 2020-07-01 14:18:57 --> Hooks Class Initialized
DEBUG - 2020-07-01 14:18:57 --> UTF-8 Support Enabled
INFO - 2020-07-01 14:18:57 --> Utf8 Class Initialized
INFO - 2020-07-01 14:18:57 --> URI Class Initialized
INFO - 2020-07-01 14:18:57 --> Router Class Initialized
INFO - 2020-07-01 14:18:57 --> Output Class Initialized
INFO - 2020-07-01 14:18:57 --> Security Class Initialized
DEBUG - 2020-07-01 14:18:57 --> Global POST, GET and COOKIE data sanitized
INFO - 2020-07-01 14:18:57 --> Input Class Initialized
INFO - 2020-07-01 14:18:57 --> Language Class Initialized
ERROR - 2020-07-01 14:18:57 --> 404 Page Not Found: Administrator/assets
INFO - 2020-07-01 14:19:12 --> Config Class Initialized
INFO - 2020-07-01 14:19:12 --> Hooks Class Initialized
DEBUG - 2020-07-01 14:19:12 --> UTF-8 Support Enabled
INFO - 2020-07-01 14:19:12 --> Utf8 Class Initialized
INFO - 2020-07-01 14:19:12 --> URI Class Initialized
INFO - 2020-07-01 14:19:12 --> Router Class Initialized
INFO - 2020-07-01 14:19:12 --> Output Class Initialized
INFO - 2020-07-01 14:19:12 --> Security Class Initialized
DEBUG - 2020-07-01 14:19:12 --> Global POST, GET and COOKIE data sanitized
INFO - 2020-07-01 14:19:12 --> Input Class Initialized
INFO - 2020-07-01 14:19:12 --> Language Class Initialized
INFO - 2020-07-01 14:19:12 --> Loader Class Initialized
INFO - 2020-07-01 14:19:12 --> Helper loaded: url_helper
INFO - 2020-07-01 14:19:12 --> Helper loaded: file_helper
INFO - 2020-07-01 14:19:12 --> Helper loaded: cingru_helper
INFO - 2020-07-01 14:19:12 --> Database Driver Class Initialized
DEBUG - 2020-07-01 14:19:12 --> Session: "sess_save_path" is empty; using "session.save_path" value from php.ini.
INFO - 2020-07-01 14:19:12 --> Session: Class initialized using 'files' driver.
INFO - 2020-07-01 14:19:12 --> Email Class Initialized
INFO - 2020-07-01 14:19:12 --> Helper loaded: form_helper
INFO - 2020-07-01 14:19:12 --> Form Validation Class Initialized
INFO - 2020-07-01 14:19:12 --> Encrypt Class Initialized
INFO - 2020-07-01 14:19:12 --> Encrypt Class Initialized
INFO - 2020-07-01 14:19:12 --> Controller Class Initialized
INFO - 2020-07-01 14:19:12 --> Model "Menu_model" initialized
INFO - 2020-07-01 14:19:12 --> File loaded: C:\xampp\htdocs\ajp\application\views\layout/header.php
INFO - 2020-07-01 14:19:12 --> File loaded: C:\xampp\htdocs\ajp\application\views\administrator/roleaccess.php
INFO - 2020-07-01 14:19:12 --> File loaded: C:\xampp\htdocs\ajp\application\views\layout/footer.php
INFO - 2020-07-01 14:19:12 --> File loaded: C:\xampp\htdocs\ajp\application\views\layout/template.php
INFO - 2020-07-01 14:19:12 --> Final output sent to browser
DEBUG - 2020-07-01 14:19:12 --> Total execution time: 0.3161
INFO - 2020-07-01 14:19:12 --> Config Class Initialized
INFO - 2020-07-01 14:19:12 --> Hooks Class Initialized
DEBUG - 2020-07-01 14:19:12 --> UTF-8 Support Enabled
INFO - 2020-07-01 14:19:12 --> Utf8 Class Initialized
INFO - 2020-07-01 14:19:12 --> URI Class Initialized
INFO - 2020-07-01 14:19:12 --> Router Class Initialized
INFO - 2020-07-01 14:19:12 --> Output Class Initialized
INFO - 2020-07-01 14:19:12 --> Security Class Initialized
DEBUG - 2020-07-01 14:19:12 --> Global POST, GET and COOKIE data sanitized
INFO - 2020-07-01 14:19:12 --> Input Class Initialized
INFO - 2020-07-01 14:19:12 --> Language Class Initialized
INFO - 2020-07-01 14:19:12 --> Loader Class Initialized
INFO - 2020-07-01 14:19:12 --> Helper loaded: url_helper
INFO - 2020-07-01 14:19:12 --> Helper loaded: file_helper
INFO - 2020-07-01 14:19:12 --> Helper loaded: cingru_helper
INFO - 2020-07-01 14:19:12 --> Database Driver Class Initialized
DEBUG - 2020-07-01 14:19:12 --> Session: "sess_save_path" is empty; using "session.save_path" value from php.ini.
INFO - 2020-07-01 14:19:12 --> Session: Class initialized using 'files' driver.
INFO - 2020-07-01 14:19:12 --> Email Class Initialized
INFO - 2020-07-01 14:19:12 --> Helper loaded: form_helper
INFO - 2020-07-01 14:19:12 --> Form Validation Class Initialized
INFO - 2020-07-01 14:19:12 --> Encrypt Class Initialized
INFO - 2020-07-01 14:19:12 --> Encrypt Class Initialized
INFO - 2020-07-01 14:19:12 --> Controller Class Initialized
INFO - 2020-07-01 14:19:12 --> Model "Menu_model" initialized
INFO - 2020-07-01 14:19:12 --> File loaded: C:\xampp\htdocs\ajp\application\views\layout/header.php
INFO - 2020-07-01 14:19:13 --> File loaded: C:\xampp\htdocs\ajp\application\views\administrator/roleaccess.php
INFO - 2020-07-01 14:19:13 --> File loaded: C:\xampp\htdocs\ajp\application\views\layout/footer.php
INFO - 2020-07-01 14:19:13 --> File loaded: C:\xampp\htdocs\ajp\application\views\layout/template.php
INFO - 2020-07-01 14:19:13 --> Final output sent to browser
DEBUG - 2020-07-01 14:19:13 --> Total execution time: 0.2877
INFO - 2020-07-01 14:19:55 --> Config Class Initialized
INFO - 2020-07-01 14:19:55 --> Hooks Class Initialized
DEBUG - 2020-07-01 14:19:55 --> UTF-8 Support Enabled
INFO - 2020-07-01 14:19:55 --> Utf8 Class Initialized
INFO - 2020-07-01 14:19:55 --> URI Class Initialized
INFO - 2020-07-01 14:19:55 --> Router Class Initialized
INFO - 2020-07-01 14:19:55 --> Output Class Initialized
INFO - 2020-07-01 14:19:55 --> Security Class Initialized
DEBUG - 2020-07-01 14:19:55 --> Global POST, GET and COOKIE data sanitized
INFO - 2020-07-01 14:19:55 --> Input Class Initialized
INFO - 2020-07-01 14:19:55 --> Language Class Initialized
INFO - 2020-07-01 14:19:55 --> Loader Class Initialized
INFO - 2020-07-01 14:19:55 --> Helper loaded: url_helper
INFO - 2020-07-01 14:19:55 --> Helper loaded: file_helper
INFO - 2020-07-01 14:19:55 --> Helper loaded: cingru_helper
INFO - 2020-07-01 14:19:55 --> Database Driver Class Initialized
DEBUG - 2020-07-01 14:19:55 --> Session: "sess_save_path" is empty; using "session.save_path" value from php.ini.
INFO - 2020-07-01 14:19:55 --> Session: Class initialized using 'files' driver.
INFO - 2020-07-01 14:19:55 --> Email Class Initialized
INFO - 2020-07-01 14:19:55 --> Helper loaded: form_helper
INFO - 2020-07-01 14:19:55 --> Form Validation Class Initialized
INFO - 2020-07-01 14:19:55 --> Encrypt Class Initialized
INFO - 2020-07-01 14:19:55 --> Encrypt Class Initialized
INFO - 2020-07-01 14:19:55 --> Controller Class Initialized
INFO - 2020-07-01 14:19:55 --> Model "Menu_model" initialized
INFO - 2020-07-01 14:19:55 --> File loaded: C:\xampp\htdocs\ajp\application\views\layout/header.php
INFO - 2020-07-01 14:19:55 --> File loaded: C:\xampp\htdocs\ajp\application\views\administrator/role.php
INFO - 2020-07-01 14:19:55 --> File loaded: C:\xampp\htdocs\ajp\application\views\layout/footer.php
INFO - 2020-07-01 14:19:55 --> File loaded: C:\xampp\htdocs\ajp\application\views\layout/template.php
INFO - 2020-07-01 14:19:55 --> Final output sent to browser
DEBUG - 2020-07-01 14:19:55 --> Total execution time: 0.3431
INFO - 2020-07-01 14:20:00 --> Config Class Initialized
INFO - 2020-07-01 14:20:00 --> Hooks Class Initialized
DEBUG - 2020-07-01 14:20:00 --> UTF-8 Support Enabled
INFO - 2020-07-01 14:20:00 --> Utf8 Class Initialized
INFO - 2020-07-01 14:20:00 --> URI Class Initialized
INFO - 2020-07-01 14:20:00 --> Router Class Initialized
INFO - 2020-07-01 14:20:00 --> Output Class Initialized
INFO - 2020-07-01 14:20:00 --> Security Class Initialized
DEBUG - 2020-07-01 14:20:00 --> Global POST, GET and COOKIE data sanitized
INFO - 2020-07-01 14:20:00 --> Input Class Initialized
INFO - 2020-07-01 14:20:00 --> Language Class Initialized
INFO - 2020-07-01 14:20:00 --> Loader Class Initialized
INFO - 2020-07-01 14:20:00 --> Helper loaded: url_helper
INFO - 2020-07-01 14:20:00 --> Helper loaded: file_helper
INFO - 2020-07-01 14:20:00 --> Helper loaded: cingru_helper
INFO - 2020-07-01 14:20:00 --> Database Driver Class Initialized
DEBUG - 2020-07-01 14:20:00 --> Session: "sess_save_path" is empty; using "session.save_path" value from php.ini.
INFO - 2020-07-01 14:20:00 --> Session: Class initialized using 'files' driver.
INFO - 2020-07-01 14:20:00 --> Email Class Initialized
INFO - 2020-07-01 14:20:00 --> Helper loaded: form_helper
INFO - 2020-07-01 14:20:00 --> Form Validation Class Initialized
INFO - 2020-07-01 14:20:00 --> Encrypt Class Initialized
INFO - 2020-07-01 14:20:00 --> Encrypt Class Initialized
INFO - 2020-07-01 14:20:00 --> Controller Class Initialized
INFO - 2020-07-01 14:20:00 --> Model "Menu_model" initialized
INFO - 2020-07-01 14:20:00 --> File loaded: C:\xampp\htdocs\ajp\application\views\layout/header.php
INFO - 2020-07-01 14:20:00 --> File loaded: C:\xampp\htdocs\ajp\application\views\administrator/roleaccess.php
INFO - 2020-07-01 14:20:00 --> File loaded: C:\xampp\htdocs\ajp\application\views\layout/footer.php
INFO - 2020-07-01 14:20:00 --> File loaded: C:\xampp\htdocs\ajp\application\views\layout/template.php
INFO - 2020-07-01 14:20:00 --> Final output sent to browser
DEBUG - 2020-07-01 14:20:00 --> Total execution time: 0.3187
INFO - 2020-07-01 14:20:01 --> Config Class Initialized
INFO - 2020-07-01 14:20:01 --> Hooks Class Initialized
DEBUG - 2020-07-01 14:20:01 --> UTF-8 Support Enabled
INFO - 2020-07-01 14:20:01 --> Utf8 Class Initialized
INFO - 2020-07-01 14:20:01 --> URI Class Initialized
INFO - 2020-07-01 14:20:01 --> Router Class Initialized
INFO - 2020-07-01 14:20:01 --> Output Class Initialized
INFO - 2020-07-01 14:20:01 --> Security Class Initialized
DEBUG - 2020-07-01 14:20:01 --> Global POST, GET and COOKIE data sanitized
INFO - 2020-07-01 14:20:01 --> Input Class Initialized
INFO - 2020-07-01 14:20:01 --> Language Class Initialized
INFO - 2020-07-01 14:20:01 --> Loader Class Initialized
INFO - 2020-07-01 14:20:01 --> Helper loaded: url_helper
INFO - 2020-07-01 14:20:01 --> Helper loaded: file_helper
INFO - 2020-07-01 14:20:01 --> Helper loaded: cingru_helper
INFO - 2020-07-01 14:20:01 --> Database Driver Class Initialized
DEBUG - 2020-07-01 14:20:01 --> Session: "sess_save_path" is empty; using "session.save_path" value from php.ini.
INFO - 2020-07-01 14:20:01 --> Session: Class initialized using 'files' driver.
INFO - 2020-07-01 14:20:01 --> Email Class Initialized
INFO - 2020-07-01 14:20:01 --> Helper loaded: form_helper
INFO - 2020-07-01 14:20:01 --> Form Validation Class Initialized
INFO - 2020-07-01 14:20:01 --> Encrypt Class Initialized
INFO - 2020-07-01 14:20:01 --> Encrypt Class Initialized
INFO - 2020-07-01 14:20:01 --> Controller Class Initialized
INFO - 2020-07-01 14:20:01 --> Model "Menu_model" initialized
INFO - 2020-07-01 14:20:01 --> File loaded: C:\xampp\htdocs\ajp\application\views\layout/header.php
INFO - 2020-07-01 14:20:01 --> File loaded: C:\xampp\htdocs\ajp\application\views\administrator/roleaccess.php
INFO - 2020-07-01 14:20:01 --> File loaded: C:\xampp\htdocs\ajp\application\views\layout/footer.php
INFO - 2020-07-01 14:20:01 --> File loaded: C:\xampp\htdocs\ajp\application\views\layout/template.php
INFO - 2020-07-01 14:20:01 --> Final output sent to browser
DEBUG - 2020-07-01 14:20:01 --> Total execution time: 0.3128
INFO - 2020-07-01 14:20:04 --> Config Class Initialized
INFO - 2020-07-01 14:20:04 --> Hooks Class Initialized
DEBUG - 2020-07-01 14:20:04 --> UTF-8 Support Enabled
INFO - 2020-07-01 14:20:04 --> Utf8 Class Initialized
INFO - 2020-07-01 14:20:04 --> URI Class Initialized
INFO - 2020-07-01 14:20:04 --> Router Class Initialized
INFO - 2020-07-01 14:20:04 --> Output Class Initialized
INFO - 2020-07-01 14:20:04 --> Security Class Initialized
DEBUG - 2020-07-01 14:20:04 --> Global POST, GET and COOKIE data sanitized
INFO - 2020-07-01 14:20:04 --> Input Class Initialized
INFO - 2020-07-01 14:20:04 --> Language Class Initialized
INFO - 2020-07-01 14:20:04 --> Loader Class Initialized
INFO - 2020-07-01 14:20:04 --> Helper loaded: url_helper
INFO - 2020-07-01 14:20:04 --> Helper loaded: file_helper
INFO - 2020-07-01 14:20:04 --> Helper loaded: cingru_helper
INFO - 2020-07-01 14:20:04 --> Database Driver Class Initialized
DEBUG - 2020-07-01 14:20:04 --> Session: "sess_save_path" is empty; using "session.save_path" value from php.ini.
INFO - 2020-07-01 14:20:04 --> Session: Class initialized using 'files' driver.
INFO - 2020-07-01 14:20:04 --> Email Class Initialized
INFO - 2020-07-01 14:20:04 --> Helper loaded: form_helper
INFO - 2020-07-01 14:20:04 --> Form Validation Class Initialized
INFO - 2020-07-01 14:20:04 --> Encrypt Class Initialized
INFO - 2020-07-01 14:20:04 --> Encrypt Class Initialized
INFO - 2020-07-01 14:20:04 --> Controller Class Initialized
INFO - 2020-07-01 14:20:04 --> Model "Menu_model" initialized
INFO - 2020-07-01 14:20:04 --> Final output sent to browser
DEBUG - 2020-07-01 14:20:04 --> Total execution time: 0.2370
INFO - 2020-07-01 14:20:04 --> Config Class Initialized
INFO - 2020-07-01 14:20:04 --> Hooks Class Initialized
DEBUG - 2020-07-01 14:20:04 --> UTF-8 Support Enabled
INFO - 2020-07-01 14:20:04 --> Utf8 Class Initialized
INFO - 2020-07-01 14:20:04 --> URI Class Initialized
INFO - 2020-07-01 14:20:04 --> Router Class Initialized
INFO - 2020-07-01 14:20:04 --> Output Class Initialized
INFO - 2020-07-01 14:20:04 --> Security Class Initialized
DEBUG - 2020-07-01 14:20:04 --> Global POST, GET and COOKIE data sanitized
INFO - 2020-07-01 14:20:04 --> Input Class Initialized
INFO - 2020-07-01 14:20:04 --> Language Class Initialized
INFO - 2020-07-01 14:20:04 --> Loader Class Initialized
INFO - 2020-07-01 14:20:04 --> Helper loaded: url_helper
INFO - 2020-07-01 14:20:04 --> Helper loaded: file_helper
INFO - 2020-07-01 14:20:04 --> Helper loaded: cingru_helper
INFO - 2020-07-01 14:20:04 --> Database Driver Class Initialized
DEBUG - 2020-07-01 14:20:04 --> Session: "sess_save_path" is empty; using "session.save_path" value from php.ini.
INFO - 2020-07-01 14:20:04 --> Session: Class initialized using 'files' driver.
INFO - 2020-07-01 14:20:04 --> Email Class Initialized
INFO - 2020-07-01 14:20:04 --> Helper loaded: form_helper
INFO - 2020-07-01 14:20:04 --> Form Validation Class Initialized
INFO - 2020-07-01 14:20:04 --> Encrypt Class Initialized
INFO - 2020-07-01 14:20:04 --> Encrypt Class Initialized
INFO - 2020-07-01 14:20:04 --> Controller Class Initialized
INFO - 2020-07-01 14:20:04 --> Model "Menu_model" initialized
INFO - 2020-07-01 14:20:04 --> File loaded: C:\xampp\htdocs\ajp\application\views\layout/header.php
INFO - 2020-07-01 14:20:04 --> File loaded: C:\xampp\htdocs\ajp\application\views\administrator/roleaccess.php
INFO - 2020-07-01 14:20:04 --> File loaded: C:\xampp\htdocs\ajp\application\views\layout/footer.php
INFO - 2020-07-01 14:20:04 --> File loaded: C:\xampp\htdocs\ajp\application\views\layout/template.php
INFO - 2020-07-01 14:20:04 --> Final output sent to browser
DEBUG - 2020-07-01 14:20:04 --> Total execution time: 0.2958
INFO - 2020-07-01 14:20:05 --> Config Class Initialized
INFO - 2020-07-01 14:20:05 --> Hooks Class Initialized
DEBUG - 2020-07-01 14:20:05 --> UTF-8 Support Enabled
INFO - 2020-07-01 14:20:05 --> Utf8 Class Initialized
INFO - 2020-07-01 14:20:05 --> URI Class Initialized
INFO - 2020-07-01 14:20:05 --> Router Class Initialized
INFO - 2020-07-01 14:20:05 --> Output Class Initialized
INFO - 2020-07-01 14:20:05 --> Security Class Initialized
DEBUG - 2020-07-01 14:20:05 --> Global POST, GET and COOKIE data sanitized
INFO - 2020-07-01 14:20:05 --> Input Class Initialized
INFO - 2020-07-01 14:20:05 --> Language Class Initialized
INFO - 2020-07-01 14:20:05 --> Loader Class Initialized
INFO - 2020-07-01 14:20:05 --> Helper loaded: url_helper
INFO - 2020-07-01 14:20:05 --> Helper loaded: file_helper
INFO - 2020-07-01 14:20:05 --> Helper loaded: cingru_helper
INFO - 2020-07-01 14:20:05 --> Database Driver Class Initialized
DEBUG - 2020-07-01 14:20:05 --> Session: "sess_save_path" is empty; using "session.save_path" value from php.ini.
INFO - 2020-07-01 14:20:05 --> Session: Class initialized using 'files' driver.
INFO - 2020-07-01 14:20:05 --> Email Class Initialized
INFO - 2020-07-01 14:20:05 --> Helper loaded: form_helper
INFO - 2020-07-01 14:20:05 --> Form Validation Class Initialized
INFO - 2020-07-01 14:20:05 --> Encrypt Class Initialized
INFO - 2020-07-01 14:20:05 --> Encrypt Class Initialized
INFO - 2020-07-01 14:20:05 --> Controller Class Initialized
INFO - 2020-07-01 14:20:05 --> Model "Menu_model" initialized
INFO - 2020-07-01 14:20:05 --> File loaded: C:\xampp\htdocs\ajp\application\views\layout/header.php
INFO - 2020-07-01 14:20:05 --> File loaded: C:\xampp\htdocs\ajp\application\views\administrator/roleaccess.php
INFO - 2020-07-01 14:20:05 --> File loaded: C:\xampp\htdocs\ajp\application\views\layout/footer.php
INFO - 2020-07-01 14:20:05 --> File loaded: C:\xampp\htdocs\ajp\application\views\layout/template.php
INFO - 2020-07-01 14:20:05 --> Final output sent to browser
DEBUG - 2020-07-01 14:20:05 --> Total execution time: 0.3097
INFO - 2020-07-01 14:20:11 --> Config Class Initialized
INFO - 2020-07-01 14:20:11 --> Hooks Class Initialized
DEBUG - 2020-07-01 14:20:11 --> UTF-8 Support Enabled
INFO - 2020-07-01 14:20:11 --> Utf8 Class Initialized
INFO - 2020-07-01 14:20:11 --> URI Class Initialized
INFO - 2020-07-01 14:20:11 --> Router Class Initialized
INFO - 2020-07-01 14:20:11 --> Output Class Initialized
INFO - 2020-07-01 14:20:11 --> Security Class Initialized
DEBUG - 2020-07-01 14:20:11 --> Global POST, GET and COOKIE data sanitized
INFO - 2020-07-01 14:20:12 --> Input Class Initialized
INFO - 2020-07-01 14:20:12 --> Language Class Initialized
INFO - 2020-07-01 14:20:12 --> Loader Class Initialized
INFO - 2020-07-01 14:20:12 --> Helper loaded: url_helper
INFO - 2020-07-01 14:20:12 --> Helper loaded: file_helper
INFO - 2020-07-01 14:20:12 --> Helper loaded: cingru_helper
INFO - 2020-07-01 14:20:12 --> Database Driver Class Initialized
DEBUG - 2020-07-01 14:20:12 --> Session: "sess_save_path" is empty; using "session.save_path" value from php.ini.
INFO - 2020-07-01 14:20:12 --> Session: Class initialized using 'files' driver.
INFO - 2020-07-01 14:20:12 --> Email Class Initialized
INFO - 2020-07-01 14:20:12 --> Helper loaded: form_helper
INFO - 2020-07-01 14:20:12 --> Form Validation Class Initialized
INFO - 2020-07-01 14:20:12 --> Encrypt Class Initialized
INFO - 2020-07-01 14:20:12 --> Encrypt Class Initialized
INFO - 2020-07-01 14:20:12 --> Controller Class Initialized
INFO - 2020-07-01 14:20:12 --> Model "Menu_model" initialized
INFO - 2020-07-01 14:20:12 --> Final output sent to browser
DEBUG - 2020-07-01 14:20:12 --> Total execution time: 0.2336
INFO - 2020-07-01 14:20:12 --> Config Class Initialized
INFO - 2020-07-01 14:20:12 --> Hooks Class Initialized
DEBUG - 2020-07-01 14:20:12 --> UTF-8 Support Enabled
INFO - 2020-07-01 14:20:12 --> Utf8 Class Initialized
INFO - 2020-07-01 14:20:12 --> URI Class Initialized
INFO - 2020-07-01 14:20:12 --> Router Class Initialized
INFO - 2020-07-01 14:20:12 --> Output Class Initialized
INFO - 2020-07-01 14:20:12 --> Security Class Initialized
DEBUG - 2020-07-01 14:20:12 --> Global POST, GET and COOKIE data sanitized
INFO - 2020-07-01 14:20:12 --> Input Class Initialized
INFO - 2020-07-01 14:20:12 --> Language Class Initialized
INFO - 2020-07-01 14:20:12 --> Loader Class Initialized
INFO - 2020-07-01 14:20:12 --> Helper loaded: url_helper
INFO - 2020-07-01 14:20:12 --> Helper loaded: file_helper
INFO - 2020-07-01 14:20:12 --> Helper loaded: cingru_helper
INFO - 2020-07-01 14:20:12 --> Database Driver Class Initialized
DEBUG - 2020-07-01 14:20:12 --> Session: "sess_save_path" is empty; using "session.save_path" value from php.ini.
INFO - 2020-07-01 14:20:12 --> Session: Class initialized using 'files' driver.
INFO - 2020-07-01 14:20:12 --> Email Class Initialized
INFO - 2020-07-01 14:20:12 --> Helper loaded: form_helper
INFO - 2020-07-01 14:20:12 --> Form Validation Class Initialized
INFO - 2020-07-01 14:20:12 --> Encrypt Class Initialized
INFO - 2020-07-01 14:20:12 --> Encrypt Class Initialized
INFO - 2020-07-01 14:20:12 --> Controller Class Initialized
INFO - 2020-07-01 14:20:12 --> Model "Menu_model" initialized
INFO - 2020-07-01 14:20:12 --> File loaded: C:\xampp\htdocs\ajp\application\views\layout/header.php
INFO - 2020-07-01 14:20:12 --> File loaded: C:\xampp\htdocs\ajp\application\views\administrator/roleaccess.php
INFO - 2020-07-01 14:20:12 --> File loaded: C:\xampp\htdocs\ajp\application\views\layout/footer.php
INFO - 2020-07-01 14:20:12 --> File loaded: C:\xampp\htdocs\ajp\application\views\layout/template.php
INFO - 2020-07-01 14:20:12 --> Final output sent to browser
DEBUG - 2020-07-01 14:20:12 --> Total execution time: 0.3152
INFO - 2020-07-01 14:20:12 --> Config Class Initialized
INFO - 2020-07-01 14:20:12 --> Hooks Class Initialized
DEBUG - 2020-07-01 14:20:12 --> UTF-8 Support Enabled
INFO - 2020-07-01 14:20:12 --> Utf8 Class Initialized
INFO - 2020-07-01 14:20:12 --> URI Class Initialized
INFO - 2020-07-01 14:20:12 --> Router Class Initialized
INFO - 2020-07-01 14:20:12 --> Output Class Initialized
INFO - 2020-07-01 14:20:12 --> Security Class Initialized
DEBUG - 2020-07-01 14:20:12 --> Global POST, GET and COOKIE data sanitized
INFO - 2020-07-01 14:20:12 --> Input Class Initialized
INFO - 2020-07-01 14:20:12 --> Language Class Initialized
INFO - 2020-07-01 14:20:12 --> Loader Class Initialized
INFO - 2020-07-01 14:20:12 --> Helper loaded: url_helper
INFO - 2020-07-01 14:20:12 --> Helper loaded: file_helper
INFO - 2020-07-01 14:20:12 --> Helper loaded: cingru_helper
INFO - 2020-07-01 14:20:12 --> Database Driver Class Initialized
DEBUG - 2020-07-01 14:20:13 --> Session: "sess_save_path" is empty; using "session.save_path" value from php.ini.
INFO - 2020-07-01 14:20:13 --> Session: Class initialized using 'files' driver.
INFO - 2020-07-01 14:20:13 --> Email Class Initialized
INFO - 2020-07-01 14:20:13 --> Helper loaded: form_helper
INFO - 2020-07-01 14:20:13 --> Form Validation Class Initialized
INFO - 2020-07-01 14:20:13 --> Encrypt Class Initialized
INFO - 2020-07-01 14:20:13 --> Encrypt Class Initialized
INFO - 2020-07-01 14:20:13 --> Controller Class Initialized
INFO - 2020-07-01 14:20:13 --> Model "Menu_model" initialized
INFO - 2020-07-01 14:20:13 --> File loaded: C:\xampp\htdocs\ajp\application\views\layout/header.php
INFO - 2020-07-01 14:20:13 --> File loaded: C:\xampp\htdocs\ajp\application\views\administrator/roleaccess.php
INFO - 2020-07-01 14:20:13 --> File loaded: C:\xampp\htdocs\ajp\application\views\layout/footer.php
INFO - 2020-07-01 14:20:13 --> File loaded: C:\xampp\htdocs\ajp\application\views\layout/template.php
INFO - 2020-07-01 14:20:13 --> Final output sent to browser
DEBUG - 2020-07-01 14:20:13 --> Total execution time: 0.3035
INFO - 2020-07-01 14:20:15 --> Config Class Initialized
INFO - 2020-07-01 14:20:15 --> Hooks Class Initialized
DEBUG - 2020-07-01 14:20:15 --> UTF-8 Support Enabled
INFO - 2020-07-01 14:20:15 --> Utf8 Class Initialized
INFO - 2020-07-01 14:20:15 --> URI Class Initialized
INFO - 2020-07-01 14:20:15 --> Router Class Initialized
INFO - 2020-07-01 14:20:15 --> Output Class Initialized
INFO - 2020-07-01 14:20:15 --> Security Class Initialized
DEBUG - 2020-07-01 14:20:15 --> Global POST, GET and COOKIE data sanitized
INFO - 2020-07-01 14:20:15 --> Input Class Initialized
INFO - 2020-07-01 14:20:15 --> Language Class Initialized
INFO - 2020-07-01 14:20:15 --> Loader Class Initialized
INFO - 2020-07-01 14:20:15 --> Helper loaded: url_helper
INFO - 2020-07-01 14:20:15 --> Helper loaded: file_helper
INFO - 2020-07-01 14:20:15 --> Helper loaded: cingru_helper
INFO - 2020-07-01 14:20:15 --> Database Driver Class Initialized
DEBUG - 2020-07-01 14:20:15 --> Session: "sess_save_path" is empty; using "session.save_path" value from php.ini.
INFO - 2020-07-01 14:20:15 --> Session: Class initialized using 'files' driver.
INFO - 2020-07-01 14:20:15 --> Email Class Initialized
INFO - 2020-07-01 14:20:15 --> Helper loaded: form_helper
INFO - 2020-07-01 14:20:15 --> Form Validation Class Initialized
INFO - 2020-07-01 14:20:15 --> Encrypt Class Initialized
INFO - 2020-07-01 14:20:15 --> Encrypt Class Initialized
INFO - 2020-07-01 14:20:15 --> Controller Class Initialized
INFO - 2020-07-01 14:20:15 --> Model "Manpower_model" initialized
INFO - 2020-07-01 14:20:15 --> File loaded: C:\xampp\htdocs\ajp\application\views\layout/header.php
INFO - 2020-07-01 14:20:15 --> File loaded: C:\xampp\htdocs\ajp\application\views\master/manpower.php
INFO - 2020-07-01 14:20:15 --> File loaded: C:\xampp\htdocs\ajp\application\views\layout/footer.php
INFO - 2020-07-01 14:20:16 --> File loaded: C:\xampp\htdocs\ajp\application\views\layout/template.php
INFO - 2020-07-01 14:20:16 --> Final output sent to browser
DEBUG - 2020-07-01 14:20:16 --> Total execution time: 0.3476
INFO - 2020-07-01 14:20:16 --> Config Class Initialized
INFO - 2020-07-01 14:20:16 --> Hooks Class Initialized
INFO - 2020-07-01 14:20:16 --> Config Class Initialized
INFO - 2020-07-01 14:20:16 --> Hooks Class Initialized
DEBUG - 2020-07-01 14:20:16 --> UTF-8 Support Enabled
INFO - 2020-07-01 14:20:16 --> Utf8 Class Initialized
INFO - 2020-07-01 14:20:16 --> URI Class Initialized
INFO - 2020-07-01 14:20:16 --> Router Class Initialized
INFO - 2020-07-01 14:20:16 --> Output Class Initialized
DEBUG - 2020-07-01 14:20:16 --> UTF-8 Support Enabled
INFO - 2020-07-01 14:20:16 --> Utf8 Class Initialized
INFO - 2020-07-01 14:20:16 --> URI Class Initialized
INFO - 2020-07-01 14:20:16 --> Router Class Initialized
INFO - 2020-07-01 14:20:16 --> Output Class Initialized
INFO - 2020-07-01 14:20:16 --> Security Class Initialized
DEBUG - 2020-07-01 14:20:16 --> Global POST, GET and COOKIE data sanitized
INFO - 2020-07-01 14:20:16 --> Input Class Initialized
INFO - 2020-07-01 14:20:16 --> Language Class Initialized
INFO - 2020-07-01 14:20:16 --> Loader Class Initialized
INFO - 2020-07-01 14:20:16 --> Helper loaded: url_helper
INFO - 2020-07-01 14:20:16 --> Security Class Initialized
DEBUG - 2020-07-01 14:20:16 --> Global POST, GET and COOKIE data sanitized
INFO - 2020-07-01 14:20:16 --> Input Class Initialized
INFO - 2020-07-01 14:20:16 --> Language Class Initialized
INFO - 2020-07-01 14:20:16 --> Helper loaded: file_helper
INFO - 2020-07-01 14:20:16 --> Loader Class Initialized
INFO - 2020-07-01 14:20:16 --> Helper loaded: url_helper
INFO - 2020-07-01 14:20:16 --> Helper loaded: file_helper
INFO - 2020-07-01 14:20:16 --> Helper loaded: cingru_helper
INFO - 2020-07-01 14:20:16 --> Helper loaded: cingru_helper
INFO - 2020-07-01 14:20:16 --> Database Driver Class Initialized
DEBUG - 2020-07-01 14:20:16 --> Session: "sess_save_path" is empty; using "session.save_path" value from php.ini.
INFO - 2020-07-01 14:20:16 --> Database Driver Class Initialized
INFO - 2020-07-01 14:20:16 --> Session: Class initialized using 'files' driver.
DEBUG - 2020-07-01 14:20:16 --> Session: "sess_save_path" is empty; using "session.save_path" value from php.ini.
INFO - 2020-07-01 14:20:16 --> Email Class Initialized
INFO - 2020-07-01 14:20:16 --> Helper loaded: form_helper
INFO - 2020-07-01 14:20:16 --> Form Validation Class Initialized
INFO - 2020-07-01 14:20:16 --> Encrypt Class Initialized
INFO - 2020-07-01 14:20:16 --> Encrypt Class Initialized
INFO - 2020-07-01 14:20:16 --> Controller Class Initialized
INFO - 2020-07-01 14:20:16 --> Model "Manpower_model" initialized
INFO - 2020-07-01 14:20:16 --> Final output sent to browser
DEBUG - 2020-07-01 14:20:16 --> Total execution time: 0.2041
INFO - 2020-07-01 14:20:16 --> Session: Class initialized using 'files' driver.
INFO - 2020-07-01 14:20:16 --> Email Class Initialized
INFO - 2020-07-01 14:20:16 --> Helper loaded: form_helper
INFO - 2020-07-01 14:20:16 --> Form Validation Class Initialized
INFO - 2020-07-01 14:20:16 --> Encrypt Class Initialized
INFO - 2020-07-01 14:20:16 --> Encrypt Class Initialized
INFO - 2020-07-01 14:20:16 --> Controller Class Initialized
INFO - 2020-07-01 14:20:16 --> Model "Manpower_model" initialized
INFO - 2020-07-01 14:20:16 --> Final output sent to browser
DEBUG - 2020-07-01 14:20:16 --> Total execution time: 0.3462
INFO - 2020-07-01 14:21:39 --> Config Class Initialized
INFO - 2020-07-01 14:21:39 --> Hooks Class Initialized
DEBUG - 2020-07-01 14:21:39 --> UTF-8 Support Enabled
INFO - 2020-07-01 14:21:39 --> Utf8 Class Initialized
INFO - 2020-07-01 14:21:39 --> URI Class Initialized
INFO - 2020-07-01 14:21:39 --> Router Class Initialized
INFO - 2020-07-01 14:21:39 --> Output Class Initialized
INFO - 2020-07-01 14:21:39 --> Security Class Initialized
DEBUG - 2020-07-01 14:21:39 --> Global POST, GET and COOKIE data sanitized
INFO - 2020-07-01 14:21:39 --> Input Class Initialized
INFO - 2020-07-01 14:21:39 --> Language Class Initialized
INFO - 2020-07-01 14:21:39 --> Loader Class Initialized
INFO - 2020-07-01 14:21:39 --> Helper loaded: url_helper
INFO - 2020-07-01 14:21:39 --> Helper loaded: file_helper
INFO - 2020-07-01 14:21:39 --> Helper loaded: cingru_helper
INFO - 2020-07-01 14:21:39 --> Database Driver Class Initialized
DEBUG - 2020-07-01 14:21:39 --> Session: "sess_save_path" is empty; using "session.save_path" value from php.ini.
INFO - 2020-07-01 14:21:39 --> Session: Class initialized using 'files' driver.
INFO - 2020-07-01 14:21:39 --> Email Class Initialized
INFO - 2020-07-01 14:21:39 --> Helper loaded: form_helper
INFO - 2020-07-01 14:21:39 --> Form Validation Class Initialized
INFO - 2020-07-01 14:21:39 --> Encrypt Class Initialized
INFO - 2020-07-01 14:21:39 --> Encrypt Class Initialized
INFO - 2020-07-01 14:21:39 --> Controller Class Initialized
INFO - 2020-07-01 14:21:39 --> Model "Pic_model" initialized
INFO - 2020-07-01 14:21:39 --> File loaded: C:\xampp\htdocs\ajp\application\views\layout/header.php
INFO - 2020-07-01 14:21:39 --> File loaded: C:\xampp\htdocs\ajp\application\views\master/purchase_handler.php
INFO - 2020-07-01 14:21:39 --> File loaded: C:\xampp\htdocs\ajp\application\views\layout/footer.php
INFO - 2020-07-01 14:21:39 --> File loaded: C:\xampp\htdocs\ajp\application\views\layout/template.php
INFO - 2020-07-01 14:21:39 --> Final output sent to browser
DEBUG - 2020-07-01 14:21:39 --> Total execution time: 0.3248
INFO - 2020-07-01 14:21:40 --> Config Class Initialized
INFO - 2020-07-01 14:21:40 --> Hooks Class Initialized
DEBUG - 2020-07-01 14:21:40 --> UTF-8 Support Enabled
INFO - 2020-07-01 14:21:40 --> Utf8 Class Initialized
INFO - 2020-07-01 14:21:40 --> URI Class Initialized
INFO - 2020-07-01 14:21:40 --> Router Class Initialized
INFO - 2020-07-01 14:21:40 --> Config Class Initialized
INFO - 2020-07-01 14:21:40 --> Hooks Class Initialized
INFO - 2020-07-01 14:21:40 --> Output Class Initialized
DEBUG - 2020-07-01 14:21:40 --> UTF-8 Support Enabled
INFO - 2020-07-01 14:21:40 --> Utf8 Class Initialized
INFO - 2020-07-01 14:21:40 --> URI Class Initialized
INFO - 2020-07-01 14:21:40 --> Router Class Initialized
INFO - 2020-07-01 14:21:40 --> Output Class Initialized
INFO - 2020-07-01 14:21:40 --> Security Class Initialized
INFO - 2020-07-01 14:21:40 --> Security Class Initialized
DEBUG - 2020-07-01 14:21:40 --> Global POST, GET and COOKIE data sanitized
INFO - 2020-07-01 14:21:40 --> Input Class Initialized
INFO - 2020-07-01 14:21:40 --> Language Class Initialized
INFO - 2020-07-01 14:21:40 --> Loader Class Initialized
DEBUG - 2020-07-01 14:21:40 --> Global POST, GET and COOKIE data sanitized
INFO - 2020-07-01 14:21:40 --> Input Class Initialized
INFO - 2020-07-01 14:21:40 --> Language Class Initialized
INFO - 2020-07-01 14:21:40 --> Loader Class Initialized
INFO - 2020-07-01 14:21:40 --> Helper loaded: url_helper
INFO - 2020-07-01 14:21:40 --> Helper loaded: url_helper
INFO - 2020-07-01 14:21:40 --> Helper loaded: file_helper
INFO - 2020-07-01 14:21:40 --> Helper loaded: cingru_helper
INFO - 2020-07-01 14:21:40 --> Helper loaded: file_helper
INFO - 2020-07-01 14:21:40 --> Database Driver Class Initialized
DEBUG - 2020-07-01 14:21:40 --> Session: "sess_save_path" is empty; using "session.save_path" value from php.ini.
INFO - 2020-07-01 14:21:40 --> Helper loaded: cingru_helper
INFO - 2020-07-01 14:21:40 --> Database Driver Class Initialized
INFO - 2020-07-01 14:21:40 --> Session: Class initialized using 'files' driver.
INFO - 2020-07-01 14:21:40 --> Email Class Initialized
INFO - 2020-07-01 14:21:40 --> Helper loaded: form_helper
DEBUG - 2020-07-01 14:21:40 --> Session: "sess_save_path" is empty; using "session.save_path" value from php.ini.
INFO - 2020-07-01 14:21:40 --> Form Validation Class Initialized
INFO - 2020-07-01 14:21:40 --> Encrypt Class Initialized
INFO - 2020-07-01 14:21:40 --> Encrypt Class Initialized
INFO - 2020-07-01 14:21:40 --> Controller Class Initialized
INFO - 2020-07-01 14:21:40 --> Model "Pic_model" initialized
INFO - 2020-07-01 14:21:40 --> Final output sent to browser
DEBUG - 2020-07-01 14:21:40 --> Total execution time: 0.2430
INFO - 2020-07-01 14:21:40 --> Session: Class initialized using 'files' driver.
INFO - 2020-07-01 14:21:40 --> Email Class Initialized
INFO - 2020-07-01 14:21:40 --> Helper loaded: form_helper
INFO - 2020-07-01 14:21:40 --> Form Validation Class Initialized
INFO - 2020-07-01 14:21:40 --> Encrypt Class Initialized
INFO - 2020-07-01 14:21:40 --> Encrypt Class Initialized
INFO - 2020-07-01 14:21:40 --> Controller Class Initialized
INFO - 2020-07-01 14:21:40 --> Model "Pic_model" initialized
INFO - 2020-07-01 14:21:40 --> Final output sent to browser
DEBUG - 2020-07-01 14:21:40 --> Total execution time: 0.2756
INFO - 2020-07-01 14:21:46 --> Config Class Initialized
INFO - 2020-07-01 14:21:46 --> Hooks Class Initialized
DEBUG - 2020-07-01 14:21:46 --> UTF-8 Support Enabled
INFO - 2020-07-01 14:21:46 --> Utf8 Class Initialized
INFO - 2020-07-01 14:21:46 --> URI Class Initialized
INFO - 2020-07-01 14:21:46 --> Router Class Initialized
INFO - 2020-07-01 14:21:46 --> Output Class Initialized
INFO - 2020-07-01 14:21:46 --> Security Class Initialized
DEBUG - 2020-07-01 14:21:46 --> Global POST, GET and COOKIE data sanitized
INFO - 2020-07-01 14:21:46 --> Input Class Initialized
INFO - 2020-07-01 14:21:46 --> Language Class Initialized
INFO - 2020-07-01 14:21:46 --> Loader Class Initialized
INFO - 2020-07-01 14:21:46 --> Helper loaded: url_helper
INFO - 2020-07-01 14:21:46 --> Helper loaded: file_helper
INFO - 2020-07-01 14:21:46 --> Helper loaded: cingru_helper
INFO - 2020-07-01 14:21:46 --> Database Driver Class Initialized
DEBUG - 2020-07-01 14:21:46 --> Session: "sess_save_path" is empty; using "session.save_path" value from php.ini.
INFO - 2020-07-01 14:21:46 --> Session: Class initialized using 'files' driver.
INFO - 2020-07-01 14:21:46 --> Email Class Initialized
INFO - 2020-07-01 14:21:46 --> Helper loaded: form_helper
INFO - 2020-07-01 14:21:46 --> Form Validation Class Initialized
INFO - 2020-07-01 14:21:46 --> Encrypt Class Initialized
INFO - 2020-07-01 14:21:46 --> Encrypt Class Initialized
INFO - 2020-07-01 14:21:46 --> Controller Class Initialized
INFO - 2020-07-01 14:21:46 --> Config Class Initialized
INFO - 2020-07-01 14:21:46 --> Hooks Class Initialized
DEBUG - 2020-07-01 14:21:46 --> UTF-8 Support Enabled
INFO - 2020-07-01 14:21:46 --> Utf8 Class Initialized
INFO - 2020-07-01 14:21:46 --> URI Class Initialized
INFO - 2020-07-01 14:21:46 --> Router Class Initialized
INFO - 2020-07-01 14:21:46 --> Output Class Initialized
INFO - 2020-07-01 14:21:46 --> Security Class Initialized
DEBUG - 2020-07-01 14:21:46 --> Global POST, GET and COOKIE data sanitized
INFO - 2020-07-01 14:21:46 --> Input Class Initialized
INFO - 2020-07-01 14:21:46 --> Language Class Initialized
INFO - 2020-07-01 14:21:46 --> Loader Class Initialized
INFO - 2020-07-01 14:21:46 --> Helper loaded: url_helper
INFO - 2020-07-01 14:21:46 --> Helper loaded: file_helper
INFO - 2020-07-01 14:21:46 --> Helper loaded: cingru_helper
INFO - 2020-07-01 14:21:46 --> Database Driver Class Initialized
DEBUG - 2020-07-01 14:21:46 --> Session: "sess_save_path" is empty; using "session.save_path" value from php.ini.
INFO - 2020-07-01 14:21:46 --> Session: Class initialized using 'files' driver.
INFO - 2020-07-01 14:21:46 --> Email Class Initialized
INFO - 2020-07-01 14:21:46 --> Helper loaded: form_helper
INFO - 2020-07-01 14:21:46 --> Form Validation Class Initialized
INFO - 2020-07-01 14:21:46 --> Encrypt Class Initialized
INFO - 2020-07-01 14:21:46 --> Encrypt Class Initialized
INFO - 2020-07-01 14:21:46 --> Controller Class Initialized
INFO - 2020-07-01 14:21:46 --> File loaded: C:\xampp\htdocs\ajp\application\views\login.php
INFO - 2020-07-01 14:21:46 --> Final output sent to browser
DEBUG - 2020-07-01 14:21:46 --> Total execution time: 0.2789
INFO - 2020-07-01 14:46:50 --> Config Class Initialized
INFO - 2020-07-01 14:46:50 --> Hooks Class Initialized
DEBUG - 2020-07-01 14:46:50 --> UTF-8 Support Enabled
INFO - 2020-07-01 14:46:50 --> Utf8 Class Initialized
INFO - 2020-07-01 14:46:50 --> URI Class Initialized
DEBUG - 2020-07-01 14:46:50 --> No URI present. Default controller set.
INFO - 2020-07-01 14:46:50 --> Router Class Initialized
INFO - 2020-07-01 14:46:50 --> Output Class Initialized
INFO - 2020-07-01 14:46:50 --> Security Class Initialized
DEBUG - 2020-07-01 14:46:50 --> Global POST, GET and COOKIE data sanitized
INFO - 2020-07-01 14:46:50 --> Input Class Initialized
INFO - 2020-07-01 14:46:50 --> Language Class Initialized
INFO - 2020-07-01 14:46:50 --> Loader Class Initialized
INFO - 2020-07-01 14:46:50 --> Helper loaded: url_helper
INFO - 2020-07-01 14:46:50 --> Helper loaded: file_helper
INFO - 2020-07-01 14:46:50 --> Helper loaded: cingru_helper
INFO - 2020-07-01 14:46:50 --> Database Driver Class Initialized
DEBUG - 2020-07-01 14:46:50 --> Session: "sess_save_path" is empty; using "session.save_path" value from php.ini.
INFO - 2020-07-01 14:46:50 --> Session: Class initialized using 'files' driver.
INFO - 2020-07-01 14:46:50 --> Email Class Initialized
INFO - 2020-07-01 14:46:50 --> Helper loaded: form_helper
INFO - 2020-07-01 14:46:50 --> Form Validation Class Initialized
INFO - 2020-07-01 14:46:50 --> Encrypt Class Initialized
INFO - 2020-07-01 14:46:50 --> Encrypt Class Initialized
INFO - 2020-07-01 14:46:50 --> Controller Class Initialized
INFO - 2020-07-01 14:46:50 --> Config Class Initialized
INFO - 2020-07-01 14:46:50 --> Hooks Class Initialized
DEBUG - 2020-07-01 14:46:50 --> UTF-8 Support Enabled
INFO - 2020-07-01 14:46:50 --> Utf8 Class Initialized
INFO - 2020-07-01 14:46:50 --> URI Class Initialized
INFO - 2020-07-01 14:46:50 --> Router Class Initialized
INFO - 2020-07-01 14:46:50 --> Output Class Initialized
INFO - 2020-07-01 14:46:50 --> Security Class Initialized
DEBUG - 2020-07-01 14:46:50 --> Global POST, GET and COOKIE data sanitized
INFO - 2020-07-01 14:46:50 --> Input Class Initialized
INFO - 2020-07-01 14:46:50 --> Language Class Initialized
INFO - 2020-07-01 14:46:50 --> Loader Class Initialized
INFO - 2020-07-01 14:46:50 --> Helper loaded: url_helper
INFO - 2020-07-01 14:46:50 --> Helper loaded: file_helper
INFO - 2020-07-01 14:46:50 --> Helper loaded: cingru_helper
INFO - 2020-07-01 14:46:50 --> Database Driver Class Initialized
DEBUG - 2020-07-01 14:46:50 --> Session: "sess_save_path" is empty; using "session.save_path" value from php.ini.
INFO - 2020-07-01 14:46:50 --> Session: Class initialized using 'files' driver.
INFO - 2020-07-01 14:46:50 --> Email Class Initialized
INFO - 2020-07-01 14:46:50 --> Helper loaded: form_helper
INFO - 2020-07-01 14:46:50 --> Form Validation Class Initialized
INFO - 2020-07-01 14:46:50 --> Encrypt Class Initialized
INFO - 2020-07-01 14:46:50 --> Encrypt Class Initialized
INFO - 2020-07-01 14:46:50 --> Controller Class Initialized
INFO - 2020-07-01 14:46:50 --> File loaded: C:\xampp\htdocs\ajp\application\views\layout/header.php
INFO - 2020-07-01 14:46:50 --> File loaded: C:\xampp\htdocs\ajp\application\views\dashboard.php
INFO - 2020-07-01 14:46:50 --> File loaded: C:\xampp\htdocs\ajp\application\views\layout/footer.php
INFO - 2020-07-01 14:46:50 --> File loaded: C:\xampp\htdocs\ajp\application\views\layout/template.php
INFO - 2020-07-01 14:46:50 --> Final output sent to browser
DEBUG - 2020-07-01 14:46:50 --> Total execution time: 0.2503
INFO - 2020-07-01 14:46:53 --> Config Class Initialized
INFO - 2020-07-01 14:46:53 --> Hooks Class Initialized
DEBUG - 2020-07-01 14:46:54 --> UTF-8 Support Enabled
INFO - 2020-07-01 14:46:54 --> Utf8 Class Initialized
INFO - 2020-07-01 14:46:54 --> URI Class Initialized
INFO - 2020-07-01 14:46:54 --> Router Class Initialized
INFO - 2020-07-01 14:46:54 --> Output Class Initialized
INFO - 2020-07-01 14:46:54 --> Security Class Initialized
DEBUG - 2020-07-01 14:46:54 --> Global POST, GET and COOKIE data sanitized
INFO - 2020-07-01 14:46:54 --> Input Class Initialized
INFO - 2020-07-01 14:46:54 --> Language Class Initialized
INFO - 2020-07-01 14:46:54 --> Loader Class Initialized
INFO - 2020-07-01 14:46:54 --> Helper loaded: url_helper
INFO - 2020-07-01 14:46:54 --> Helper loaded: file_helper
INFO - 2020-07-01 14:46:54 --> Helper loaded: cingru_helper
INFO - 2020-07-01 14:46:54 --> Database Driver Class Initialized
DEBUG - 2020-07-01 14:46:54 --> Session: "sess_save_path" is empty; using "session.save_path" value from php.ini.
INFO - 2020-07-01 14:46:54 --> Session: Class initialized using 'files' driver.
INFO - 2020-07-01 14:46:54 --> Email Class Initialized
INFO - 2020-07-01 14:46:54 --> Helper loaded: form_helper
INFO - 2020-07-01 14:46:54 --> Form Validation Class Initialized
INFO - 2020-07-01 14:46:54 --> Encrypt Class Initialized
INFO - 2020-07-01 14:46:54 --> Encrypt Class Initialized
INFO - 2020-07-01 14:46:54 --> Controller Class Initialized
INFO - 2020-07-01 14:46:54 --> Model "Manpower_model" initialized
INFO - 2020-07-01 14:46:54 --> File loaded: C:\xampp\htdocs\ajp\application\views\layout/header.php
INFO - 2020-07-01 14:46:54 --> File loaded: C:\xampp\htdocs\ajp\application\views\master/manpower.php
INFO - 2020-07-01 14:46:54 --> File loaded: C:\xampp\htdocs\ajp\application\views\layout/footer.php
INFO - 2020-07-01 14:46:54 --> File loaded: C:\xampp\htdocs\ajp\application\views\layout/template.php
INFO - 2020-07-01 14:46:54 --> Final output sent to browser
DEBUG - 2020-07-01 14:46:54 --> Total execution time: 0.2605
INFO - 2020-07-01 14:46:54 --> Config Class Initialized
INFO - 2020-07-01 14:46:54 --> Hooks Class Initialized
DEBUG - 2020-07-01 14:46:54 --> UTF-8 Support Enabled
INFO - 2020-07-01 14:46:54 --> Config Class Initialized
INFO - 2020-07-01 14:46:54 --> Hooks Class Initialized
DEBUG - 2020-07-01 14:46:54 --> UTF-8 Support Enabled
INFO - 2020-07-01 14:46:54 --> Utf8 Class Initialized
INFO - 2020-07-01 14:46:54 --> URI Class Initialized
INFO - 2020-07-01 14:46:54 --> Router Class Initialized
INFO - 2020-07-01 14:46:54 --> Utf8 Class Initialized
INFO - 2020-07-01 14:46:54 --> Output Class Initialized
INFO - 2020-07-01 14:46:54 --> Security Class Initialized
DEBUG - 2020-07-01 14:46:54 --> Global POST, GET and COOKIE data sanitized
INFO - 2020-07-01 14:46:54 --> Input Class Initialized
INFO - 2020-07-01 14:46:54 --> Language Class Initialized
INFO - 2020-07-01 14:46:54 --> URI Class Initialized
INFO - 2020-07-01 14:46:54 --> Router Class Initialized
INFO - 2020-07-01 14:46:54 --> Output Class Initialized
INFO - 2020-07-01 14:46:54 --> Security Class Initialized
INFO - 2020-07-01 14:46:54 --> Loader Class Initialized
DEBUG - 2020-07-01 14:46:54 --> Global POST, GET and COOKIE data sanitized
INFO - 2020-07-01 14:46:54 --> Input Class Initialized
INFO - 2020-07-01 14:46:54 --> Language Class Initialized
INFO - 2020-07-01 14:46:54 --> Loader Class Initialized
INFO - 2020-07-01 14:46:54 --> Helper loaded: url_helper
INFO - 2020-07-01 14:46:54 --> Helper loaded: file_helper
INFO - 2020-07-01 14:46:54 --> Helper loaded: cingru_helper
INFO - 2020-07-01 14:46:54 --> Database Driver Class Initialized
INFO - 2020-07-01 14:46:54 --> Helper loaded: url_helper
INFO - 2020-07-01 14:46:54 --> Helper loaded: file_helper
INFO - 2020-07-01 14:46:54 --> Helper loaded: cingru_helper
DEBUG - 2020-07-01 14:46:54 --> Session: "sess_save_path" is empty; using "session.save_path" value from php.ini.
INFO - 2020-07-01 14:46:54 --> Database Driver Class Initialized
DEBUG - 2020-07-01 14:46:54 --> Session: "sess_save_path" is empty; using "session.save_path" value from php.ini.
INFO - 2020-07-01 14:46:54 --> Session: Class initialized using 'files' driver.
INFO - 2020-07-01 14:46:54 --> Email Class Initialized
INFO - 2020-07-01 14:46:54 --> Helper loaded: form_helper
INFO - 2020-07-01 14:46:54 --> Form Validation Class Initialized
INFO - 2020-07-01 14:46:54 --> Encrypt Class Initialized
INFO - 2020-07-01 14:46:54 --> Encrypt Class Initialized
INFO - 2020-07-01 14:46:54 --> Controller Class Initialized
INFO - 2020-07-01 14:46:54 --> Model "Manpower_model" initialized
INFO - 2020-07-01 14:46:54 --> Final output sent to browser
DEBUG - 2020-07-01 14:46:54 --> Total execution time: 0.2430
INFO - 2020-07-01 14:46:54 --> Session: Class initialized using 'files' driver.
INFO - 2020-07-01 14:46:54 --> Email Class Initialized
INFO - 2020-07-01 14:46:54 --> Helper loaded: form_helper
INFO - 2020-07-01 14:46:54 --> Form Validation Class Initialized
INFO - 2020-07-01 14:46:54 --> Encrypt Class Initialized
INFO - 2020-07-01 14:46:54 --> Encrypt Class Initialized
INFO - 2020-07-01 14:46:54 --> Controller Class Initialized
INFO - 2020-07-01 14:46:54 --> Model "Manpower_model" initialized
INFO - 2020-07-01 14:46:55 --> Final output sent to browser
DEBUG - 2020-07-01 14:46:55 --> Total execution time: 0.3350
INFO - 2020-07-01 14:47:01 --> Config Class Initialized
INFO - 2020-07-01 14:47:01 --> Hooks Class Initialized
DEBUG - 2020-07-01 14:47:01 --> UTF-8 Support Enabled
INFO - 2020-07-01 14:47:01 --> Utf8 Class Initialized
INFO - 2020-07-01 14:47:01 --> URI Class Initialized
INFO - 2020-07-01 14:47:01 --> Router Class Initialized
INFO - 2020-07-01 14:47:01 --> Output Class Initialized
INFO - 2020-07-01 14:47:01 --> Security Class Initialized
DEBUG - 2020-07-01 14:47:01 --> Global POST, GET and COOKIE data sanitized
INFO - 2020-07-01 14:47:01 --> Input Class Initialized
INFO - 2020-07-01 14:47:01 --> Language Class Initialized
INFO - 2020-07-01 14:47:02 --> Loader Class Initialized
INFO - 2020-07-01 14:47:02 --> Helper loaded: url_helper
INFO - 2020-07-01 14:47:02 --> Helper loaded: file_helper
INFO - 2020-07-01 14:47:02 --> Helper loaded: cingru_helper
INFO - 2020-07-01 14:47:02 --> Database Driver Class Initialized
DEBUG - 2020-07-01 14:47:02 --> Session: "sess_save_path" is empty; using "session.save_path" value from php.ini.
INFO - 2020-07-01 14:47:02 --> Session: Class initialized using 'files' driver.
INFO - 2020-07-01 14:47:02 --> Email Class Initialized
INFO - 2020-07-01 14:47:02 --> Helper loaded: form_helper
INFO - 2020-07-01 14:47:02 --> Form Validation Class Initialized
INFO - 2020-07-01 14:47:02 --> Encrypt Class Initialized
INFO - 2020-07-01 14:47:02 --> Encrypt Class Initialized
INFO - 2020-07-01 14:47:02 --> Controller Class Initialized
INFO - 2020-07-01 14:47:02 --> Model "Manpower_model" initialized
INFO - 2020-07-01 14:47:02 --> Final output sent to browser
DEBUG - 2020-07-01 14:47:02 --> Total execution time: 0.3307
INFO - 2020-07-01 14:47:17 --> Config Class Initialized
INFO - 2020-07-01 14:47:17 --> Hooks Class Initialized
DEBUG - 2020-07-01 14:47:17 --> UTF-8 Support Enabled
INFO - 2020-07-01 14:47:17 --> Utf8 Class Initialized
INFO - 2020-07-01 14:47:17 --> URI Class Initialized
INFO - 2020-07-01 14:47:17 --> Router Class Initialized
INFO - 2020-07-01 14:47:17 --> Output Class Initialized
INFO - 2020-07-01 14:47:17 --> Security Class Initialized
DEBUG - 2020-07-01 14:47:17 --> Global POST, GET and COOKIE data sanitized
INFO - 2020-07-01 14:47:17 --> Input Class Initialized
INFO - 2020-07-01 14:47:17 --> Language Class Initialized
INFO - 2020-07-01 14:47:17 --> Loader Class Initialized
INFO - 2020-07-01 14:47:17 --> Helper loaded: url_helper
INFO - 2020-07-01 14:47:17 --> Helper loaded: file_helper
INFO - 2020-07-01 14:47:17 --> Helper loaded: cingru_helper
INFO - 2020-07-01 14:47:17 --> Database Driver Class Initialized
DEBUG - 2020-07-01 14:47:17 --> Session: "sess_save_path" is empty; using "session.save_path" value from php.ini.
INFO - 2020-07-01 14:47:17 --> Session: Class initialized using 'files' driver.
INFO - 2020-07-01 14:47:17 --> Email Class Initialized
INFO - 2020-07-01 14:47:17 --> Helper loaded: form_helper
INFO - 2020-07-01 14:47:17 --> Form Validation Class Initialized
INFO - 2020-07-01 14:47:17 --> Encrypt Class Initialized
INFO - 2020-07-01 14:47:17 --> Encrypt Class Initialized
INFO - 2020-07-01 14:47:17 --> Controller Class Initialized
INFO - 2020-07-01 14:47:17 --> Model "Manpower_model" initialized
INFO - 2020-07-01 14:47:17 --> Final output sent to browser
DEBUG - 2020-07-01 14:47:17 --> Total execution time: 0.2930
INFO - 2020-07-01 14:47:32 --> Config Class Initialized
INFO - 2020-07-01 14:47:32 --> Hooks Class Initialized
DEBUG - 2020-07-01 14:47:32 --> UTF-8 Support Enabled
INFO - 2020-07-01 14:47:32 --> Utf8 Class Initialized
INFO - 2020-07-01 14:47:32 --> URI Class Initialized
INFO - 2020-07-01 14:47:32 --> Router Class Initialized
INFO - 2020-07-01 14:47:32 --> Output Class Initialized
INFO - 2020-07-01 14:47:32 --> Security Class Initialized
DEBUG - 2020-07-01 14:47:32 --> Global POST, GET and COOKIE data sanitized
INFO - 2020-07-01 14:47:32 --> Input Class Initialized
INFO - 2020-07-01 14:47:32 --> Language Class Initialized
INFO - 2020-07-01 14:47:32 --> Loader Class Initialized
INFO - 2020-07-01 14:47:32 --> Helper loaded: url_helper
INFO - 2020-07-01 14:47:32 --> Helper loaded: file_helper
INFO - 2020-07-01 14:47:32 --> Helper loaded: cingru_helper
INFO - 2020-07-01 14:47:32 --> Database Driver Class Initialized
DEBUG - 2020-07-01 14:47:32 --> Session: "sess_save_path" is empty; using "session.save_path" value from php.ini.
INFO - 2020-07-01 14:47:32 --> Session: Class initialized using 'files' driver.
INFO - 2020-07-01 14:47:32 --> Email Class Initialized
INFO - 2020-07-01 14:47:32 --> Helper loaded: form_helper
INFO - 2020-07-01 14:47:32 --> Form Validation Class Initialized
INFO - 2020-07-01 14:47:32 --> Encrypt Class Initialized
INFO - 2020-07-01 14:47:32 --> Encrypt Class Initialized
INFO - 2020-07-01 14:47:32 --> Controller Class Initialized
INFO - 2020-07-01 14:47:32 --> Model "Projectarea_model" initialized
INFO - 2020-07-01 14:47:32 --> File loaded: C:\xampp\htdocs\ajp\application\views\layout/header.php
INFO - 2020-07-01 14:47:32 --> File loaded: C:\xampp\htdocs\ajp\application\views\master/project_area.php
INFO - 2020-07-01 14:47:32 --> File loaded: C:\xampp\htdocs\ajp\application\views\layout/footer.php
INFO - 2020-07-01 14:47:32 --> File loaded: C:\xampp\htdocs\ajp\application\views\layout/template.php
INFO - 2020-07-01 14:47:32 --> Final output sent to browser
DEBUG - 2020-07-01 14:47:32 --> Total execution time: 0.3070
INFO - 2020-07-01 14:47:32 --> Config Class Initialized
INFO - 2020-07-01 14:47:32 --> Hooks Class Initialized
DEBUG - 2020-07-01 14:47:32 --> UTF-8 Support Enabled
INFO - 2020-07-01 14:47:32 --> Utf8 Class Initialized
INFO - 2020-07-01 14:47:32 --> URI Class Initialized
INFO - 2020-07-01 14:47:32 --> Config Class Initialized
INFO - 2020-07-01 14:47:32 --> Router Class Initialized
INFO - 2020-07-01 14:47:32 --> Output Class Initialized
INFO - 2020-07-01 14:47:32 --> Security Class Initialized
DEBUG - 2020-07-01 14:47:32 --> Global POST, GET and COOKIE data sanitized
INFO - 2020-07-01 14:47:32 --> Input Class Initialized
INFO - 2020-07-01 14:47:32 --> Language Class Initialized
INFO - 2020-07-01 14:47:32 --> Hooks Class Initialized
INFO - 2020-07-01 14:47:32 --> Loader Class Initialized
INFO - 2020-07-01 14:47:32 --> Helper loaded: url_helper
INFO - 2020-07-01 14:47:32 --> Helper loaded: file_helper
INFO - 2020-07-01 14:47:32 --> Helper loaded: cingru_helper
DEBUG - 2020-07-01 14:47:32 --> UTF-8 Support Enabled
INFO - 2020-07-01 14:47:32 --> Utf8 Class Initialized
INFO - 2020-07-01 14:47:32 --> URI Class Initialized
INFO - 2020-07-01 14:47:32 --> Router Class Initialized
INFO - 2020-07-01 14:47:32 --> Output Class Initialized
INFO - 2020-07-01 14:47:33 --> Database Driver Class Initialized
INFO - 2020-07-01 14:47:33 --> Security Class Initialized
DEBUG - 2020-07-01 14:47:33 --> Session: "sess_save_path" is empty; using "session.save_path" value from php.ini.
INFO - 2020-07-01 14:47:33 --> Session: Class initialized using 'files' driver.
INFO - 2020-07-01 14:47:33 --> Email Class Initialized
DEBUG - 2020-07-01 14:47:33 --> Global POST, GET and COOKIE data sanitized
INFO - 2020-07-01 14:47:33 --> Input Class Initialized
INFO - 2020-07-01 14:47:33 --> Language Class Initialized
INFO - 2020-07-01 14:47:33 --> Loader Class Initialized
INFO - 2020-07-01 14:47:33 --> Helper loaded: url_helper
INFO - 2020-07-01 14:47:33 --> Helper loaded: form_helper
INFO - 2020-07-01 14:47:33 --> Form Validation Class Initialized
INFO - 2020-07-01 14:47:33 --> Encrypt Class Initialized
INFO - 2020-07-01 14:47:33 --> Encrypt Class Initialized
INFO - 2020-07-01 14:47:33 --> Controller Class Initialized
INFO - 2020-07-01 14:47:33 --> Model "Projectarea_model" initialized
INFO - 2020-07-01 14:47:33 --> Helper loaded: file_helper
INFO - 2020-07-01 14:47:33 --> Helper loaded: cingru_helper
INFO - 2020-07-01 14:47:33 --> Database Driver Class Initialized
INFO - 2020-07-01 14:47:33 --> Final output sent to browser
DEBUG - 2020-07-01 14:47:33 --> Total execution time: 0.1796
DEBUG - 2020-07-01 14:47:33 --> Session: "sess_save_path" is empty; using "session.save_path" value from php.ini.
INFO - 2020-07-01 14:47:33 --> Session: Class initialized using 'files' driver.
INFO - 2020-07-01 14:47:33 --> Email Class Initialized
INFO - 2020-07-01 14:47:33 --> Helper loaded: form_helper
INFO - 2020-07-01 14:47:33 --> Form Validation Class Initialized
INFO - 2020-07-01 14:47:33 --> Encrypt Class Initialized
INFO - 2020-07-01 14:47:33 --> Encrypt Class Initialized
INFO - 2020-07-01 14:47:33 --> Controller Class Initialized
INFO - 2020-07-01 14:47:33 --> Model "Projectarea_model" initialized
INFO - 2020-07-01 14:47:33 --> Final output sent to browser
DEBUG - 2020-07-01 14:47:33 --> Total execution time: 0.2184
INFO - 2020-07-01 14:47:39 --> Config Class Initialized
INFO - 2020-07-01 14:47:39 --> Hooks Class Initialized
DEBUG - 2020-07-01 14:47:39 --> UTF-8 Support Enabled
INFO - 2020-07-01 14:47:39 --> Utf8 Class Initialized
INFO - 2020-07-01 14:47:39 --> URI Class Initialized
INFO - 2020-07-01 14:47:39 --> Router Class Initialized
INFO - 2020-07-01 14:47:39 --> Output Class Initialized
INFO - 2020-07-01 14:47:39 --> Security Class Initialized
DEBUG - 2020-07-01 14:47:39 --> Global POST, GET and COOKIE data sanitized
INFO - 2020-07-01 14:47:39 --> Input Class Initialized
INFO - 2020-07-01 14:47:39 --> Language Class Initialized
INFO - 2020-07-01 14:47:39 --> Loader Class Initialized
INFO - 2020-07-01 14:47:39 --> Helper loaded: url_helper
INFO - 2020-07-01 14:47:39 --> Helper loaded: file_helper
INFO - 2020-07-01 14:47:39 --> Helper loaded: cingru_helper
INFO - 2020-07-01 14:47:39 --> Database Driver Class Initialized
DEBUG - 2020-07-01 14:47:39 --> Session: "sess_save_path" is empty; using "session.save_path" value from php.ini.
INFO - 2020-07-01 14:47:39 --> Session: Class initialized using 'files' driver.
INFO - 2020-07-01 14:47:39 --> Email Class Initialized
INFO - 2020-07-01 14:47:39 --> Helper loaded: form_helper
INFO - 2020-07-01 14:47:39 --> Form Validation Class Initialized
INFO - 2020-07-01 14:47:39 --> Encrypt Class Initialized
INFO - 2020-07-01 14:47:39 --> Encrypt Class Initialized
INFO - 2020-07-01 14:47:39 --> Controller Class Initialized
INFO - 2020-07-01 14:47:39 --> Model "Material_group_model" initialized
INFO - 2020-07-01 14:47:39 --> File loaded: C:\xampp\htdocs\ajp\application\views\layout/header.php
INFO - 2020-07-01 14:47:39 --> File loaded: C:\xampp\htdocs\ajp\application\views\master/material_group.php
INFO - 2020-07-01 14:47:39 --> File loaded: C:\xampp\htdocs\ajp\application\views\layout/footer.php
INFO - 2020-07-01 14:47:39 --> File loaded: C:\xampp\htdocs\ajp\application\views\layout/template.php
INFO - 2020-07-01 14:47:39 --> Final output sent to browser
DEBUG - 2020-07-01 14:47:39 --> Total execution time: 0.3287
INFO - 2020-07-01 14:47:39 --> Config Class Initialized
INFO - 2020-07-01 14:47:39 --> Hooks Class Initialized
INFO - 2020-07-01 14:47:39 --> Config Class Initialized
DEBUG - 2020-07-01 14:47:39 --> UTF-8 Support Enabled
INFO - 2020-07-01 14:47:39 --> Utf8 Class Initialized
INFO - 2020-07-01 14:47:39 --> URI Class Initialized
INFO - 2020-07-01 14:47:39 --> Hooks Class Initialized
INFO - 2020-07-01 14:47:39 --> Router Class Initialized
INFO - 2020-07-01 14:47:39 --> Output Class Initialized
INFO - 2020-07-01 14:47:39 --> Security Class Initialized
DEBUG - 2020-07-01 14:47:39 --> Global POST, GET and COOKIE data sanitized
INFO - 2020-07-01 14:47:39 --> Input Class Initialized
INFO - 2020-07-01 14:47:39 --> Language Class Initialized
DEBUG - 2020-07-01 14:47:39 --> UTF-8 Support Enabled
INFO - 2020-07-01 14:47:39 --> Utf8 Class Initialized
INFO - 2020-07-01 14:47:39 --> URI Class Initialized
INFO - 2020-07-01 14:47:39 --> Router Class Initialized
INFO - 2020-07-01 14:47:39 --> Output Class Initialized
INFO - 2020-07-01 14:47:39 --> Loader Class Initialized
INFO - 2020-07-01 14:47:39 --> Helper loaded: url_helper
INFO - 2020-07-01 14:47:39 --> Helper loaded: file_helper
INFO - 2020-07-01 14:47:39 --> Helper loaded: cingru_helper
INFO - 2020-07-01 14:47:39 --> Security Class Initialized
INFO - 2020-07-01 14:47:39 --> Database Driver Class Initialized
DEBUG - 2020-07-01 14:47:39 --> Global POST, GET and COOKIE data sanitized
DEBUG - 2020-07-01 14:47:39 --> Session: "sess_save_path" is empty; using "session.save_path" value from php.ini.
INFO - 2020-07-01 14:47:39 --> Session: Class initialized using 'files' driver.
INFO - 2020-07-01 14:47:39 --> Email Class Initialized
INFO - 2020-07-01 14:47:39 --> Input Class Initialized
INFO - 2020-07-01 14:47:39 --> Helper loaded: form_helper
INFO - 2020-07-01 14:47:39 --> Form Validation Class Initialized
INFO - 2020-07-01 14:47:39 --> Encrypt Class Initialized
INFO - 2020-07-01 14:47:39 --> Encrypt Class Initialized
INFO - 2020-07-01 14:47:39 --> Controller Class Initialized
INFO - 2020-07-01 14:47:39 --> Model "Material_group_model" initialized
INFO - 2020-07-01 14:47:39 --> Language Class Initialized
INFO - 2020-07-01 14:47:39 --> Final output sent to browser
INFO - 2020-07-01 14:47:39 --> Loader Class Initialized
INFO - 2020-07-01 14:47:39 --> Helper loaded: url_helper
INFO - 2020-07-01 14:47:39 --> Helper loaded: file_helper
INFO - 2020-07-01 14:47:39 --> Helper loaded: cingru_helper
DEBUG - 2020-07-01 14:47:39 --> Total execution time: 0.1418
INFO - 2020-07-01 14:47:39 --> Database Driver Class Initialized
DEBUG - 2020-07-01 14:47:39 --> Session: "sess_save_path" is empty; using "session.save_path" value from php.ini.
INFO - 2020-07-01 14:47:39 --> Session: Class initialized using 'files' driver.
INFO - 2020-07-01 14:47:39 --> Email Class Initialized
INFO - 2020-07-01 14:47:39 --> Helper loaded: form_helper
INFO - 2020-07-01 14:47:39 --> Form Validation Class Initialized
INFO - 2020-07-01 14:47:39 --> Encrypt Class Initialized
INFO - 2020-07-01 14:47:39 --> Encrypt Class Initialized
INFO - 2020-07-01 14:47:39 --> Controller Class Initialized
INFO - 2020-07-01 14:47:39 --> Model "Material_group_model" initialized
INFO - 2020-07-01 14:47:39 --> Final output sent to browser
DEBUG - 2020-07-01 14:47:39 --> Total execution time: 0.2191
INFO - 2020-07-01 14:47:55 --> Config Class Initialized
INFO - 2020-07-01 14:47:55 --> Hooks Class Initialized
DEBUG - 2020-07-01 14:47:55 --> UTF-8 Support Enabled
INFO - 2020-07-01 14:47:55 --> Utf8 Class Initialized
INFO - 2020-07-01 14:47:55 --> URI Class Initialized
INFO - 2020-07-01 14:47:55 --> Router Class Initialized
INFO - 2020-07-01 14:47:55 --> Output Class Initialized
INFO - 2020-07-01 14:47:55 --> Security Class Initialized
DEBUG - 2020-07-01 14:47:55 --> Global POST, GET and COOKIE data sanitized
INFO - 2020-07-01 14:47:55 --> Input Class Initialized
INFO - 2020-07-01 14:47:55 --> Language Class Initialized
INFO - 2020-07-01 14:47:55 --> Loader Class Initialized
INFO - 2020-07-01 14:47:55 --> Helper loaded: url_helper
INFO - 2020-07-01 14:47:55 --> Helper loaded: file_helper
INFO - 2020-07-01 14:47:55 --> Helper loaded: cingru_helper
INFO - 2020-07-01 14:47:55 --> Database Driver Class Initialized
DEBUG - 2020-07-01 14:47:55 --> Session: "sess_save_path" is empty; using "session.save_path" value from php.ini.
INFO - 2020-07-01 14:47:55 --> Session: Class initialized using 'files' driver.
INFO - 2020-07-01 14:47:55 --> Email Class Initialized
INFO - 2020-07-01 14:47:55 --> Helper loaded: form_helper
INFO - 2020-07-01 14:47:55 --> Form Validation Class Initialized
INFO - 2020-07-01 14:47:55 --> Encrypt Class Initialized
INFO - 2020-07-01 14:47:55 --> Encrypt Class Initialized
INFO - 2020-07-01 14:47:55 --> Controller Class Initialized
INFO - 2020-07-01 14:47:55 --> Model "Projectarea_model" initialized
INFO - 2020-07-01 14:47:55 --> File loaded: C:\xampp\htdocs\ajp\application\views\layout/header.php
INFO - 2020-07-01 14:47:55 --> File loaded: C:\xampp\htdocs\ajp\application\views\master/project_area.php
INFO - 2020-07-01 14:47:55 --> File loaded: C:\xampp\htdocs\ajp\application\views\layout/footer.php
INFO - 2020-07-01 14:47:55 --> File loaded: C:\xampp\htdocs\ajp\application\views\layout/template.php
INFO - 2020-07-01 14:47:55 --> Final output sent to browser
DEBUG - 2020-07-01 14:47:55 --> Total execution time: 0.2649
INFO - 2020-07-01 14:47:55 --> Config Class Initialized
INFO - 2020-07-01 14:47:55 --> Hooks Class Initialized
DEBUG - 2020-07-01 14:47:56 --> UTF-8 Support Enabled
INFO - 2020-07-01 14:47:56 --> Utf8 Class Initialized
INFO - 2020-07-01 14:47:56 --> URI Class Initialized
INFO - 2020-07-01 14:47:56 --> Router Class Initialized
INFO - 2020-07-01 14:47:56 --> Config Class Initialized
INFO - 2020-07-01 14:47:56 --> Output Class Initialized
INFO - 2020-07-01 14:47:56 --> Security Class Initialized
DEBUG - 2020-07-01 14:47:56 --> Global POST, GET and COOKIE data sanitized
INFO - 2020-07-01 14:47:56 --> Input Class Initialized
INFO - 2020-07-01 14:47:56 --> Language Class Initialized
INFO - 2020-07-01 14:47:56 --> Hooks Class Initialized
INFO - 2020-07-01 14:47:56 --> Loader Class Initialized
INFO - 2020-07-01 14:47:56 --> Helper loaded: url_helper
INFO - 2020-07-01 14:47:56 --> Helper loaded: file_helper
INFO - 2020-07-01 14:47:56 --> Helper loaded: cingru_helper
DEBUG - 2020-07-01 14:47:56 --> UTF-8 Support Enabled
INFO - 2020-07-01 14:47:56 --> Database Driver Class Initialized
DEBUG - 2020-07-01 14:47:56 --> Session: "sess_save_path" is empty; using "session.save_path" value from php.ini.
INFO - 2020-07-01 14:47:56 --> Session: Class initialized using 'files' driver.
INFO - 2020-07-01 14:47:56 --> Utf8 Class Initialized
INFO - 2020-07-01 14:47:56 --> Email Class Initialized
INFO - 2020-07-01 14:47:56 --> Helper loaded: form_helper
INFO - 2020-07-01 14:47:56 --> Form Validation Class Initialized
INFO - 2020-07-01 14:47:56 --> Encrypt Class Initialized
INFO - 2020-07-01 14:47:56 --> URI Class Initialized
INFO - 2020-07-01 14:47:56 --> Router Class Initialized
INFO - 2020-07-01 14:47:56 --> Output Class Initialized
INFO - 2020-07-01 14:47:56 --> Security Class Initialized
INFO - 2020-07-01 14:47:56 --> Encrypt Class Initialized
DEBUG - 2020-07-01 14:47:56 --> Global POST, GET and COOKIE data sanitized
INFO - 2020-07-01 14:47:56 --> Input Class Initialized
INFO - 2020-07-01 14:47:56 --> Language Class Initialized
INFO - 2020-07-01 14:47:56 --> Loader Class Initialized
INFO - 2020-07-01 14:47:56 --> Helper loaded: url_helper
INFO - 2020-07-01 14:47:56 --> Helper loaded: file_helper
INFO - 2020-07-01 14:47:56 --> Controller Class Initialized
INFO - 2020-07-01 14:47:56 --> Model "Projectarea_model" initialized
INFO - 2020-07-01 14:47:56 --> Final output sent to browser
DEBUG - 2020-07-01 14:47:56 --> Total execution time: 0.1834
INFO - 2020-07-01 14:47:56 --> Helper loaded: cingru_helper
INFO - 2020-07-01 14:47:56 --> Database Driver Class Initialized
DEBUG - 2020-07-01 14:47:56 --> Session: "sess_save_path" is empty; using "session.save_path" value from php.ini.
INFO - 2020-07-01 14:47:56 --> Session: Class initialized using 'files' driver.
INFO - 2020-07-01 14:47:56 --> Email Class Initialized
INFO - 2020-07-01 14:47:56 --> Helper loaded: form_helper
INFO - 2020-07-01 14:47:56 --> Form Validation Class Initialized
INFO - 2020-07-01 14:47:56 --> Encrypt Class Initialized
INFO - 2020-07-01 14:47:56 --> Encrypt Class Initialized
INFO - 2020-07-01 14:47:56 --> Controller Class Initialized
INFO - 2020-07-01 14:47:56 --> Model "Projectarea_model" initialized
INFO - 2020-07-01 14:47:56 --> Final output sent to browser
DEBUG - 2020-07-01 14:47:56 --> Total execution time: 0.2146
INFO - 2020-07-01 14:48:17 --> Config Class Initialized
INFO - 2020-07-01 14:48:17 --> Hooks Class Initialized
DEBUG - 2020-07-01 14:48:17 --> UTF-8 Support Enabled
INFO - 2020-07-01 14:48:17 --> Utf8 Class Initialized
INFO - 2020-07-01 14:48:17 --> URI Class Initialized
INFO - 2020-07-01 14:48:17 --> Router Class Initialized
INFO - 2020-07-01 14:48:17 --> Output Class Initialized
INFO - 2020-07-01 14:48:17 --> Security Class Initialized
DEBUG - 2020-07-01 14:48:17 --> Global POST, GET and COOKIE data sanitized
INFO - 2020-07-01 14:48:18 --> Input Class Initialized
INFO - 2020-07-01 14:48:18 --> Language Class Initialized
INFO - 2020-07-01 14:48:18 --> Loader Class Initialized
INFO - 2020-07-01 14:48:18 --> Helper loaded: url_helper
INFO - 2020-07-01 14:48:18 --> Helper loaded: file_helper
INFO - 2020-07-01 14:48:18 --> Helper loaded: cingru_helper
INFO - 2020-07-01 14:48:18 --> Database Driver Class Initialized
DEBUG - 2020-07-01 14:48:18 --> Session: "sess_save_path" is empty; using "session.save_path" value from php.ini.
INFO - 2020-07-01 14:48:18 --> Session: Class initialized using 'files' driver.
INFO - 2020-07-01 14:48:18 --> Email Class Initialized
INFO - 2020-07-01 14:48:18 --> Helper loaded: form_helper
INFO - 2020-07-01 14:48:18 --> Form Validation Class Initialized
INFO - 2020-07-01 14:48:18 --> Encrypt Class Initialized
INFO - 2020-07-01 14:48:18 --> Encrypt Class Initialized
INFO - 2020-07-01 14:48:18 --> Controller Class Initialized
INFO - 2020-07-01 14:48:18 --> Model "Projectarea_model" initialized
INFO - 2020-07-01 14:48:18 --> Final output sent to browser
DEBUG - 2020-07-01 14:48:18 --> Total execution time: 0.2584
INFO - 2020-07-01 14:48:18 --> Config Class Initialized
INFO - 2020-07-01 14:48:18 --> Hooks Class Initialized
DEBUG - 2020-07-01 14:48:18 --> UTF-8 Support Enabled
INFO - 2020-07-01 14:48:18 --> Utf8 Class Initialized
INFO - 2020-07-01 14:48:18 --> URI Class Initialized
INFO - 2020-07-01 14:48:18 --> Router Class Initialized
INFO - 2020-07-01 14:48:18 --> Output Class Initialized
INFO - 2020-07-01 14:48:18 --> Security Class Initialized
DEBUG - 2020-07-01 14:48:18 --> Global POST, GET and COOKIE data sanitized
INFO - 2020-07-01 14:48:18 --> Input Class Initialized
INFO - 2020-07-01 14:48:18 --> Language Class Initialized
INFO - 2020-07-01 14:48:18 --> Loader Class Initialized
INFO - 2020-07-01 14:48:18 --> Helper loaded: url_helper
INFO - 2020-07-01 14:48:18 --> Helper loaded: file_helper
INFO - 2020-07-01 14:48:18 --> Helper loaded: cingru_helper
INFO - 2020-07-01 14:48:18 --> Database Driver Class Initialized
DEBUG - 2020-07-01 14:48:18 --> Session: "sess_save_path" is empty; using "session.save_path" value from php.ini.
INFO - 2020-07-01 14:48:18 --> Session: Class initialized using 'files' driver.
INFO - 2020-07-01 14:48:18 --> Email Class Initialized
INFO - 2020-07-01 14:48:18 --> Helper loaded: form_helper
INFO - 2020-07-01 14:48:18 --> Form Validation Class Initialized
INFO - 2020-07-01 14:48:18 --> Encrypt Class Initialized
INFO - 2020-07-01 14:48:18 --> Encrypt Class Initialized
INFO - 2020-07-01 14:48:18 --> Controller Class Initialized
INFO - 2020-07-01 14:48:18 --> Model "Projectarea_model" initialized
INFO - 2020-07-01 14:48:18 --> Final output sent to browser
DEBUG - 2020-07-01 14:48:18 --> Total execution time: 0.2697
INFO - 2020-07-01 14:48:20 --> Config Class Initialized
INFO - 2020-07-01 14:48:20 --> Hooks Class Initialized
DEBUG - 2020-07-01 14:48:20 --> UTF-8 Support Enabled
INFO - 2020-07-01 14:48:20 --> Utf8 Class Initialized
INFO - 2020-07-01 14:48:20 --> URI Class Initialized
INFO - 2020-07-01 14:48:20 --> Router Class Initialized
INFO - 2020-07-01 14:48:20 --> Output Class Initialized
INFO - 2020-07-01 14:48:20 --> Security Class Initialized
DEBUG - 2020-07-01 14:48:20 --> Global POST, GET and COOKIE data sanitized
INFO - 2020-07-01 14:48:20 --> Input Class Initialized
INFO - 2020-07-01 14:48:20 --> Language Class Initialized
INFO - 2020-07-01 14:48:20 --> Loader Class Initialized
INFO - 2020-07-01 14:48:20 --> Helper loaded: url_helper
INFO - 2020-07-01 14:48:20 --> Helper loaded: file_helper
INFO - 2020-07-01 14:48:20 --> Helper loaded: cingru_helper
INFO - 2020-07-01 14:48:20 --> Database Driver Class Initialized
DEBUG - 2020-07-01 14:48:20 --> Session: "sess_save_path" is empty; using "session.save_path" value from php.ini.
INFO - 2020-07-01 14:48:20 --> Session: Class initialized using 'files' driver.
INFO - 2020-07-01 14:48:20 --> Email Class Initialized
INFO - 2020-07-01 14:48:20 --> Helper loaded: form_helper
INFO - 2020-07-01 14:48:20 --> Form Validation Class Initialized
INFO - 2020-07-01 14:48:20 --> Encrypt Class Initialized
INFO - 2020-07-01 14:48:20 --> Encrypt Class Initialized
INFO - 2020-07-01 14:48:20 --> Controller Class Initialized
INFO - 2020-07-01 14:48:20 --> Model "Projectarea_model" initialized
INFO - 2020-07-01 14:48:20 --> Final output sent to browser
DEBUG - 2020-07-01 14:48:20 --> Total execution time: 0.2223
INFO - 2020-07-01 14:48:25 --> Config Class Initialized
INFO - 2020-07-01 14:48:25 --> Hooks Class Initialized
DEBUG - 2020-07-01 14:48:25 --> UTF-8 Support Enabled
INFO - 2020-07-01 14:48:25 --> Utf8 Class Initialized
INFO - 2020-07-01 14:48:25 --> URI Class Initialized
INFO - 2020-07-01 14:48:25 --> Router Class Initialized
INFO - 2020-07-01 14:48:25 --> Output Class Initialized
INFO - 2020-07-01 14:48:25 --> Security Class Initialized
DEBUG - 2020-07-01 14:48:25 --> Global POST, GET and COOKIE data sanitized
INFO - 2020-07-01 14:48:25 --> Input Class Initialized
INFO - 2020-07-01 14:48:25 --> Language Class Initialized
INFO - 2020-07-01 14:48:25 --> Loader Class Initialized
INFO - 2020-07-01 14:48:25 --> Helper loaded: url_helper
INFO - 2020-07-01 14:48:25 --> Helper loaded: file_helper
INFO - 2020-07-01 14:48:25 --> Helper loaded: cingru_helper
INFO - 2020-07-01 14:48:25 --> Database Driver Class Initialized
DEBUG - 2020-07-01 14:48:25 --> Session: "sess_save_path" is empty; using "session.save_path" value from php.ini.
INFO - 2020-07-01 14:48:25 --> Session: Class initialized using 'files' driver.
INFO - 2020-07-01 14:48:25 --> Email Class Initialized
INFO - 2020-07-01 14:48:25 --> Helper loaded: form_helper
INFO - 2020-07-01 14:48:25 --> Form Validation Class Initialized
INFO - 2020-07-01 14:48:25 --> Encrypt Class Initialized
INFO - 2020-07-01 14:48:25 --> Encrypt Class Initialized
INFO - 2020-07-01 14:48:25 --> Controller Class Initialized
INFO - 2020-07-01 14:48:25 --> Model "Projectarea_model" initialized
INFO - 2020-07-01 14:48:25 --> Final output sent to browser
DEBUG - 2020-07-01 14:48:25 --> Total execution time: 0.2233
