INFO - 2021-01-12 11:15:42 --> Config Class Initialized
INFO - 2021-01-12 11:15:42 --> Hooks Class Initialized
DEBUG - 2021-01-12 11:15:43 --> UTF-8 Support Enabled
INFO - 2021-01-12 11:15:43 --> Utf8 Class Initialized
INFO - 2021-01-12 11:15:43 --> URI Class Initialized
DEBUG - 2021-01-12 11:15:43 --> No URI present. Default controller set.
INFO - 2021-01-12 11:15:43 --> Router Class Initialized
INFO - 2021-01-12 11:15:43 --> Output Class Initialized
INFO - 2021-01-12 11:15:43 --> Security Class Initialized
DEBUG - 2021-01-12 11:15:43 --> Global POST, GET and COOKIE data sanitized
INFO - 2021-01-12 11:15:43 --> Input Class Initialized
INFO - 2021-01-12 11:15:43 --> Language Class Initialized
INFO - 2021-01-12 11:15:43 --> Loader Class Initialized
INFO - 2021-01-12 11:15:44 --> Helper loaded: url_helper
INFO - 2021-01-12 11:15:44 --> Helper loaded: file_helper
INFO - 2021-01-12 11:15:44 --> Helper loaded: cingru_helper
INFO - 2021-01-12 11:15:44 --> Database Driver Class Initialized
DEBUG - 2021-01-12 11:15:47 --> Session: "sess_save_path" is empty; using "session.save_path" value from php.ini.
INFO - 2021-01-12 11:15:47 --> Session: Class initialized using 'files' driver.
INFO - 2021-01-12 11:15:47 --> Email Class Initialized
INFO - 2021-01-12 11:15:47 --> Helper loaded: form_helper
INFO - 2021-01-12 11:15:47 --> Form Validation Class Initialized
INFO - 2021-01-12 11:15:47 --> Encrypt Class Initialized
INFO - 2021-01-12 11:15:47 --> Encrypt Class Initialized
INFO - 2021-01-12 11:15:47 --> Controller Class Initialized
INFO - 2021-01-12 11:15:47 --> File loaded: C:\xampp\htdocs\ajp\application\views\login.php
INFO - 2021-01-12 11:15:47 --> Final output sent to browser
DEBUG - 2021-01-12 11:15:47 --> Total execution time: 5.0091
INFO - 2021-01-12 11:15:58 --> Config Class Initialized
INFO - 2021-01-12 11:15:58 --> Hooks Class Initialized
DEBUG - 2021-01-12 11:15:58 --> UTF-8 Support Enabled
INFO - 2021-01-12 11:15:58 --> Utf8 Class Initialized
INFO - 2021-01-12 11:15:58 --> URI Class Initialized
INFO - 2021-01-12 11:15:58 --> Router Class Initialized
INFO - 2021-01-12 11:15:58 --> Output Class Initialized
INFO - 2021-01-12 11:15:58 --> Security Class Initialized
DEBUG - 2021-01-12 11:15:58 --> Global POST, GET and COOKIE data sanitized
INFO - 2021-01-12 11:15:58 --> Input Class Initialized
INFO - 2021-01-12 11:15:58 --> Language Class Initialized
INFO - 2021-01-12 11:15:58 --> Loader Class Initialized
INFO - 2021-01-12 11:15:58 --> Helper loaded: url_helper
INFO - 2021-01-12 11:15:58 --> Helper loaded: file_helper
INFO - 2021-01-12 11:15:58 --> Helper loaded: cingru_helper
INFO - 2021-01-12 11:15:58 --> Database Driver Class Initialized
DEBUG - 2021-01-12 11:15:58 --> Session: "sess_save_path" is empty; using "session.save_path" value from php.ini.
INFO - 2021-01-12 11:15:58 --> Session: Class initialized using 'files' driver.
INFO - 2021-01-12 11:15:58 --> Email Class Initialized
INFO - 2021-01-12 11:15:58 --> Helper loaded: form_helper
INFO - 2021-01-12 11:15:58 --> Form Validation Class Initialized
INFO - 2021-01-12 11:15:58 --> Encrypt Class Initialized
INFO - 2021-01-12 11:15:58 --> Encrypt Class Initialized
INFO - 2021-01-12 11:15:58 --> Controller Class Initialized
INFO - 2021-01-12 11:15:58 --> Language file loaded: language/english/form_validation_lang.php
INFO - 2021-01-12 11:15:59 --> Config Class Initialized
INFO - 2021-01-12 11:15:59 --> Hooks Class Initialized
DEBUG - 2021-01-12 11:15:59 --> UTF-8 Support Enabled
INFO - 2021-01-12 11:15:59 --> Utf8 Class Initialized
INFO - 2021-01-12 11:15:59 --> URI Class Initialized
INFO - 2021-01-12 11:15:59 --> Router Class Initialized
INFO - 2021-01-12 11:15:59 --> Output Class Initialized
INFO - 2021-01-12 11:15:59 --> Security Class Initialized
DEBUG - 2021-01-12 11:15:59 --> Global POST, GET and COOKIE data sanitized
INFO - 2021-01-12 11:15:59 --> Input Class Initialized
INFO - 2021-01-12 11:15:59 --> Language Class Initialized
INFO - 2021-01-12 11:15:59 --> Loader Class Initialized
INFO - 2021-01-12 11:15:59 --> Helper loaded: url_helper
INFO - 2021-01-12 11:15:59 --> Helper loaded: file_helper
INFO - 2021-01-12 11:15:59 --> Helper loaded: cingru_helper
INFO - 2021-01-12 11:15:59 --> Database Driver Class Initialized
DEBUG - 2021-01-12 11:15:59 --> Session: "sess_save_path" is empty; using "session.save_path" value from php.ini.
INFO - 2021-01-12 11:15:59 --> Session: Class initialized using 'files' driver.
INFO - 2021-01-12 11:15:59 --> Email Class Initialized
INFO - 2021-01-12 11:15:59 --> Helper loaded: form_helper
INFO - 2021-01-12 11:15:59 --> Form Validation Class Initialized
INFO - 2021-01-12 11:15:59 --> Encrypt Class Initialized
INFO - 2021-01-12 11:15:59 --> Encrypt Class Initialized
INFO - 2021-01-12 11:15:59 --> Controller Class Initialized
INFO - 2021-01-12 11:15:59 --> File loaded: C:\xampp\htdocs\ajp\application\views\layout/header.php
INFO - 2021-01-12 11:15:59 --> File loaded: C:\xampp\htdocs\ajp\application\views\dashboard.php
INFO - 2021-01-12 11:15:59 --> File loaded: C:\xampp\htdocs\ajp\application\views\layout/footer.php
INFO - 2021-01-12 11:15:59 --> File loaded: C:\xampp\htdocs\ajp\application\views\layout/template.php
INFO - 2021-01-12 11:15:59 --> Final output sent to browser
DEBUG - 2021-01-12 11:15:59 --> Total execution time: 0.6642
INFO - 2021-01-12 11:16:05 --> Config Class Initialized
INFO - 2021-01-12 11:16:05 --> Hooks Class Initialized
DEBUG - 2021-01-12 11:16:05 --> UTF-8 Support Enabled
INFO - 2021-01-12 11:16:05 --> Utf8 Class Initialized
INFO - 2021-01-12 11:16:05 --> URI Class Initialized
INFO - 2021-01-12 11:16:05 --> Router Class Initialized
INFO - 2021-01-12 11:16:05 --> Output Class Initialized
INFO - 2021-01-12 11:16:05 --> Security Class Initialized
DEBUG - 2021-01-12 11:16:05 --> Global POST, GET and COOKIE data sanitized
INFO - 2021-01-12 11:16:05 --> Input Class Initialized
INFO - 2021-01-12 11:16:05 --> Language Class Initialized
INFO - 2021-01-12 11:16:05 --> Loader Class Initialized
INFO - 2021-01-12 11:16:05 --> Helper loaded: url_helper
INFO - 2021-01-12 11:16:05 --> Helper loaded: file_helper
INFO - 2021-01-12 11:16:05 --> Helper loaded: cingru_helper
INFO - 2021-01-12 11:16:05 --> Database Driver Class Initialized
DEBUG - 2021-01-12 11:16:05 --> Session: "sess_save_path" is empty; using "session.save_path" value from php.ini.
INFO - 2021-01-12 11:16:05 --> Session: Class initialized using 'files' driver.
INFO - 2021-01-12 11:16:05 --> Email Class Initialized
INFO - 2021-01-12 11:16:05 --> Helper loaded: form_helper
INFO - 2021-01-12 11:16:05 --> Form Validation Class Initialized
INFO - 2021-01-12 11:16:05 --> Encrypt Class Initialized
INFO - 2021-01-12 11:16:05 --> Encrypt Class Initialized
INFO - 2021-01-12 11:16:05 --> Controller Class Initialized
INFO - 2021-01-12 11:16:05 --> Model "M_storage_location_model" initialized
INFO - 2021-01-12 11:16:05 --> File loaded: C:\xampp\htdocs\ajp\application\views\layout/header.php
INFO - 2021-01-12 11:16:05 --> File loaded: C:\xampp\htdocs\ajp\application\views\master/storage_location.php
INFO - 2021-01-12 11:16:05 --> File loaded: C:\xampp\htdocs\ajp\application\views\layout/footer.php
INFO - 2021-01-12 11:16:05 --> File loaded: C:\xampp\htdocs\ajp\application\views\layout/template.php
INFO - 2021-01-12 11:16:05 --> Final output sent to browser
DEBUG - 2021-01-12 11:16:05 --> Total execution time: 0.5368
INFO - 2021-01-12 11:16:06 --> Config Class Initialized
INFO - 2021-01-12 11:16:06 --> Hooks Class Initialized
DEBUG - 2021-01-12 11:16:06 --> UTF-8 Support Enabled
INFO - 2021-01-12 11:16:06 --> Utf8 Class Initialized
INFO - 2021-01-12 11:16:06 --> URI Class Initialized
INFO - 2021-01-12 11:16:06 --> Router Class Initialized
INFO - 2021-01-12 11:16:06 --> Output Class Initialized
INFO - 2021-01-12 11:16:06 --> Security Class Initialized
DEBUG - 2021-01-12 11:16:06 --> Global POST, GET and COOKIE data sanitized
INFO - 2021-01-12 11:16:06 --> Config Class Initialized
INFO - 2021-01-12 11:16:06 --> Hooks Class Initialized
DEBUG - 2021-01-12 11:16:06 --> UTF-8 Support Enabled
INFO - 2021-01-12 11:16:06 --> Utf8 Class Initialized
INFO - 2021-01-12 11:16:06 --> Input Class Initialized
INFO - 2021-01-12 11:16:06 --> URI Class Initialized
INFO - 2021-01-12 11:16:06 --> Router Class Initialized
INFO - 2021-01-12 11:16:06 --> Config Class Initialized
INFO - 2021-01-12 11:16:06 --> Hooks Class Initialized
INFO - 2021-01-12 11:16:06 --> Output Class Initialized
INFO - 2021-01-12 11:16:06 --> Security Class Initialized
INFO - 2021-01-12 11:16:06 --> Language Class Initialized
DEBUG - 2021-01-12 11:16:06 --> UTF-8 Support Enabled
INFO - 2021-01-12 11:16:06 --> Utf8 Class Initialized
INFO - 2021-01-12 11:16:06 --> Loader Class Initialized
INFO - 2021-01-12 11:16:06 --> URI Class Initialized
INFO - 2021-01-12 11:16:06 --> Helper loaded: url_helper
INFO - 2021-01-12 11:16:06 --> Router Class Initialized
INFO - 2021-01-12 11:16:06 --> Helper loaded: file_helper
INFO - 2021-01-12 11:16:06 --> Helper loaded: cingru_helper
INFO - 2021-01-12 11:16:06 --> Output Class Initialized
DEBUG - 2021-01-12 11:16:06 --> Global POST, GET and COOKIE data sanitized
INFO - 2021-01-12 11:16:06 --> Input Class Initialized
INFO - 2021-01-12 11:16:06 --> Language Class Initialized
INFO - 2021-01-12 11:16:06 --> Loader Class Initialized
INFO - 2021-01-12 11:16:06 --> Database Driver Class Initialized
INFO - 2021-01-12 11:16:06 --> Helper loaded: url_helper
INFO - 2021-01-12 11:16:06 --> Security Class Initialized
INFO - 2021-01-12 11:16:06 --> Helper loaded: file_helper
DEBUG - 2021-01-12 11:16:06 --> Global POST, GET and COOKIE data sanitized
INFO - 2021-01-12 11:16:06 --> Input Class Initialized
INFO - 2021-01-12 11:16:06 --> Helper loaded: cingru_helper
INFO - 2021-01-12 11:16:06 --> Language Class Initialized
INFO - 2021-01-12 11:16:06 --> Database Driver Class Initialized
DEBUG - 2021-01-12 11:16:06 --> Session: "sess_save_path" is empty; using "session.save_path" value from php.ini.
INFO - 2021-01-12 11:16:06 --> Session: Class initialized using 'files' driver.
INFO - 2021-01-12 11:16:06 --> Email Class Initialized
INFO - 2021-01-12 11:16:06 --> Helper loaded: form_helper
INFO - 2021-01-12 11:16:06 --> Form Validation Class Initialized
INFO - 2021-01-12 11:16:06 --> Encrypt Class Initialized
DEBUG - 2021-01-12 11:16:06 --> Session: "sess_save_path" is empty; using "session.save_path" value from php.ini.
INFO - 2021-01-12 11:16:06 --> Encrypt Class Initialized
INFO - 2021-01-12 11:16:06 --> Controller Class Initialized
ERROR - 2021-01-12 11:16:06 --> 404 Page Not Found: Master/assets
INFO - 2021-01-12 11:16:06 --> Model "M_storage_location_model" initialized
INFO - 2021-01-12 11:16:06 --> Final output sent to browser
DEBUG - 2021-01-12 11:16:06 --> Total execution time: 0.2844
INFO - 2021-01-12 11:16:06 --> Session: Class initialized using 'files' driver.
INFO - 2021-01-12 11:16:06 --> Email Class Initialized
INFO - 2021-01-12 11:16:06 --> Helper loaded: form_helper
INFO - 2021-01-12 11:16:06 --> Form Validation Class Initialized
INFO - 2021-01-12 11:16:06 --> Encrypt Class Initialized
INFO - 2021-01-12 11:16:06 --> Encrypt Class Initialized
INFO - 2021-01-12 11:16:06 --> Controller Class Initialized
INFO - 2021-01-12 11:16:06 --> Model "M_storage_location_model" initialized
INFO - 2021-01-12 11:16:06 --> Final output sent to browser
DEBUG - 2021-01-12 11:16:06 --> Total execution time: 0.2802
INFO - 2021-01-12 11:16:09 --> Config Class Initialized
INFO - 2021-01-12 11:16:09 --> Hooks Class Initialized
DEBUG - 2021-01-12 11:16:10 --> UTF-8 Support Enabled
INFO - 2021-01-12 11:16:10 --> Utf8 Class Initialized
INFO - 2021-01-12 11:16:10 --> URI Class Initialized
INFO - 2021-01-12 11:16:10 --> Router Class Initialized
INFO - 2021-01-12 11:16:10 --> Output Class Initialized
INFO - 2021-01-12 11:16:10 --> Security Class Initialized
DEBUG - 2021-01-12 11:16:10 --> Global POST, GET and COOKIE data sanitized
INFO - 2021-01-12 11:16:10 --> Input Class Initialized
INFO - 2021-01-12 11:16:10 --> Language Class Initialized
INFO - 2021-01-12 11:16:10 --> Loader Class Initialized
INFO - 2021-01-12 11:16:10 --> Helper loaded: url_helper
INFO - 2021-01-12 11:16:10 --> Helper loaded: file_helper
INFO - 2021-01-12 11:16:10 --> Helper loaded: cingru_helper
INFO - 2021-01-12 11:16:10 --> Database Driver Class Initialized
DEBUG - 2021-01-12 11:16:10 --> Session: "sess_save_path" is empty; using "session.save_path" value from php.ini.
INFO - 2021-01-12 11:16:10 --> Session: Class initialized using 'files' driver.
INFO - 2021-01-12 11:16:10 --> Email Class Initialized
INFO - 2021-01-12 11:16:10 --> Helper loaded: form_helper
INFO - 2021-01-12 11:16:10 --> Form Validation Class Initialized
INFO - 2021-01-12 11:16:10 --> Encrypt Class Initialized
INFO - 2021-01-12 11:16:10 --> Encrypt Class Initialized
INFO - 2021-01-12 11:16:10 --> Controller Class Initialized
INFO - 2021-01-12 11:16:10 --> File loaded: C:\xampp\htdocs\ajp\application\views\layout/header.php
INFO - 2021-01-12 11:16:10 --> File loaded: C:\xampp\htdocs\ajp\application\views\master/m_supplier.php
INFO - 2021-01-12 11:16:10 --> File loaded: C:\xampp\htdocs\ajp\application\views\layout/footer.php
INFO - 2021-01-12 11:16:10 --> File loaded: C:\xampp\htdocs\ajp\application\views\layout/template.php
INFO - 2021-01-12 11:16:10 --> Final output sent to browser
DEBUG - 2021-01-12 11:16:10 --> Total execution time: 0.4775
INFO - 2021-01-12 11:16:25 --> Config Class Initialized
INFO - 2021-01-12 11:16:25 --> Hooks Class Initialized
DEBUG - 2021-01-12 11:16:25 --> UTF-8 Support Enabled
INFO - 2021-01-12 11:16:25 --> Utf8 Class Initialized
INFO - 2021-01-12 11:16:25 --> URI Class Initialized
INFO - 2021-01-12 11:16:25 --> Router Class Initialized
INFO - 2021-01-12 11:16:25 --> Output Class Initialized
INFO - 2021-01-12 11:16:25 --> Security Class Initialized
DEBUG - 2021-01-12 11:16:25 --> Global POST, GET and COOKIE data sanitized
INFO - 2021-01-12 11:16:25 --> Input Class Initialized
INFO - 2021-01-12 11:16:25 --> Language Class Initialized
INFO - 2021-01-12 11:16:25 --> Loader Class Initialized
INFO - 2021-01-12 11:16:25 --> Helper loaded: url_helper
INFO - 2021-01-12 11:16:25 --> Helper loaded: file_helper
INFO - 2021-01-12 11:16:25 --> Helper loaded: cingru_helper
INFO - 2021-01-12 11:16:25 --> Database Driver Class Initialized
DEBUG - 2021-01-12 11:16:25 --> Session: "sess_save_path" is empty; using "session.save_path" value from php.ini.
INFO - 2021-01-12 11:16:25 --> Session: Class initialized using 'files' driver.
INFO - 2021-01-12 11:16:25 --> Email Class Initialized
INFO - 2021-01-12 11:16:25 --> Helper loaded: form_helper
INFO - 2021-01-12 11:16:25 --> Form Validation Class Initialized
INFO - 2021-01-12 11:16:25 --> Encrypt Class Initialized
INFO - 2021-01-12 11:16:25 --> Encrypt Class Initialized
INFO - 2021-01-12 11:16:25 --> Controller Class Initialized
INFO - 2021-01-12 11:16:25 --> Model "Brand_model" initialized
INFO - 2021-01-12 11:16:25 --> File loaded: C:\xampp\htdocs\ajp\application\views\layout/header.php
INFO - 2021-01-12 11:16:25 --> File loaded: C:\xampp\htdocs\ajp\application\views\master/brand.php
INFO - 2021-01-12 11:16:25 --> File loaded: C:\xampp\htdocs\ajp\application\views\layout/footer.php
INFO - 2021-01-12 11:16:25 --> File loaded: C:\xampp\htdocs\ajp\application\views\layout/template.php
INFO - 2021-01-12 11:16:25 --> Final output sent to browser
DEBUG - 2021-01-12 11:16:25 --> Total execution time: 0.4246
INFO - 2021-01-12 11:16:25 --> Config Class Initialized
INFO - 2021-01-12 11:16:25 --> Hooks Class Initialized
DEBUG - 2021-01-12 11:16:25 --> UTF-8 Support Enabled
INFO - 2021-01-12 11:16:25 --> Utf8 Class Initialized
INFO - 2021-01-12 11:16:25 --> URI Class Initialized
INFO - 2021-01-12 11:16:26 --> Config Class Initialized
INFO - 2021-01-12 11:16:26 --> Hooks Class Initialized
DEBUG - 2021-01-12 11:16:26 --> UTF-8 Support Enabled
INFO - 2021-01-12 11:16:26 --> Router Class Initialized
INFO - 2021-01-12 11:16:26 --> Output Class Initialized
INFO - 2021-01-12 11:16:26 --> Security Class Initialized
DEBUG - 2021-01-12 11:16:26 --> Global POST, GET and COOKIE data sanitized
INFO - 2021-01-12 11:16:26 --> Utf8 Class Initialized
INFO - 2021-01-12 11:16:26 --> URI Class Initialized
INFO - 2021-01-12 11:16:26 --> Router Class Initialized
INFO - 2021-01-12 11:16:26 --> Output Class Initialized
INFO - 2021-01-12 11:16:26 --> Input Class Initialized
INFO - 2021-01-12 11:16:26 --> Security Class Initialized
DEBUG - 2021-01-12 11:16:26 --> Global POST, GET and COOKIE data sanitized
INFO - 2021-01-12 11:16:26 --> Input Class Initialized
INFO - 2021-01-12 11:16:26 --> Language Class Initialized
INFO - 2021-01-12 11:16:26 --> Language Class Initialized
INFO - 2021-01-12 11:16:26 --> Loader Class Initialized
INFO - 2021-01-12 11:16:26 --> Helper loaded: url_helper
INFO - 2021-01-12 11:16:26 --> Helper loaded: file_helper
INFO - 2021-01-12 11:16:26 --> Helper loaded: cingru_helper
INFO - 2021-01-12 11:16:26 --> Loader Class Initialized
INFO - 2021-01-12 11:16:26 --> Database Driver Class Initialized
INFO - 2021-01-12 11:16:26 --> Helper loaded: url_helper
DEBUG - 2021-01-12 11:16:26 --> Session: "sess_save_path" is empty; using "session.save_path" value from php.ini.
INFO - 2021-01-12 11:16:26 --> Session: Class initialized using 'files' driver.
INFO - 2021-01-12 11:16:26 --> Email Class Initialized
INFO - 2021-01-12 11:16:26 --> Helper loaded: file_helper
INFO - 2021-01-12 11:16:26 --> Helper loaded: form_helper
INFO - 2021-01-12 11:16:26 --> Form Validation Class Initialized
INFO - 2021-01-12 11:16:26 --> Encrypt Class Initialized
INFO - 2021-01-12 11:16:26 --> Encrypt Class Initialized
INFO - 2021-01-12 11:16:26 --> Controller Class Initialized
INFO - 2021-01-12 11:16:26 --> Model "Brand_model" initialized
INFO - 2021-01-12 11:16:26 --> Helper loaded: cingru_helper
INFO - 2021-01-12 11:16:26 --> Database Driver Class Initialized
DEBUG - 2021-01-12 11:16:26 --> Session: "sess_save_path" is empty; using "session.save_path" value from php.ini.
INFO - 2021-01-12 11:16:26 --> Final output sent to browser
DEBUG - 2021-01-12 11:16:26 --> Total execution time: 0.1535
INFO - 2021-01-12 11:16:26 --> Session: Class initialized using 'files' driver.
INFO - 2021-01-12 11:16:26 --> Email Class Initialized
INFO - 2021-01-12 11:16:26 --> Helper loaded: form_helper
INFO - 2021-01-12 11:16:26 --> Form Validation Class Initialized
INFO - 2021-01-12 11:16:26 --> Encrypt Class Initialized
INFO - 2021-01-12 11:16:26 --> Encrypt Class Initialized
INFO - 2021-01-12 11:16:26 --> Controller Class Initialized
INFO - 2021-01-12 11:16:26 --> Model "Brand_model" initialized
INFO - 2021-01-12 11:16:26 --> Final output sent to browser
DEBUG - 2021-01-12 11:16:26 --> Total execution time: 0.3280
INFO - 2021-01-12 11:16:30 --> Config Class Initialized
INFO - 2021-01-12 11:16:30 --> Hooks Class Initialized
DEBUG - 2021-01-12 11:16:30 --> UTF-8 Support Enabled
INFO - 2021-01-12 11:16:30 --> Utf8 Class Initialized
INFO - 2021-01-12 11:16:30 --> URI Class Initialized
INFO - 2021-01-12 11:16:30 --> Router Class Initialized
INFO - 2021-01-12 11:16:30 --> Output Class Initialized
INFO - 2021-01-12 11:16:30 --> Security Class Initialized
DEBUG - 2021-01-12 11:16:30 --> Global POST, GET and COOKIE data sanitized
INFO - 2021-01-12 11:16:30 --> Input Class Initialized
INFO - 2021-01-12 11:16:30 --> Language Class Initialized
INFO - 2021-01-12 11:16:30 --> Loader Class Initialized
INFO - 2021-01-12 11:16:30 --> Helper loaded: url_helper
INFO - 2021-01-12 11:16:30 --> Helper loaded: file_helper
INFO - 2021-01-12 11:16:30 --> Helper loaded: cingru_helper
INFO - 2021-01-12 11:16:30 --> Database Driver Class Initialized
DEBUG - 2021-01-12 11:16:30 --> Session: "sess_save_path" is empty; using "session.save_path" value from php.ini.
INFO - 2021-01-12 11:16:30 --> Session: Class initialized using 'files' driver.
INFO - 2021-01-12 11:16:30 --> Email Class Initialized
INFO - 2021-01-12 11:16:30 --> Helper loaded: form_helper
INFO - 2021-01-12 11:16:30 --> Form Validation Class Initialized
INFO - 2021-01-12 11:16:30 --> Encrypt Class Initialized
INFO - 2021-01-12 11:16:30 --> Encrypt Class Initialized
INFO - 2021-01-12 11:16:30 --> Controller Class Initialized
INFO - 2021-01-12 11:16:30 --> Model "Pic_model" initialized
INFO - 2021-01-12 11:16:30 --> File loaded: C:\xampp\htdocs\ajp\application\views\layout/header.php
INFO - 2021-01-12 11:16:30 --> File loaded: C:\xampp\htdocs\ajp\application\views\master/purchase_handler.php
INFO - 2021-01-12 11:16:30 --> File loaded: C:\xampp\htdocs\ajp\application\views\layout/footer.php
INFO - 2021-01-12 11:16:30 --> File loaded: C:\xampp\htdocs\ajp\application\views\layout/template.php
INFO - 2021-01-12 11:16:30 --> Final output sent to browser
DEBUG - 2021-01-12 11:16:30 --> Total execution time: 0.3733
INFO - 2021-01-12 11:16:30 --> Config Class Initialized
INFO - 2021-01-12 11:16:30 --> Hooks Class Initialized
DEBUG - 2021-01-12 11:16:30 --> UTF-8 Support Enabled
INFO - 2021-01-12 11:16:30 --> Utf8 Class Initialized
INFO - 2021-01-12 11:16:30 --> URI Class Initialized
INFO - 2021-01-12 11:16:30 --> Config Class Initialized
INFO - 2021-01-12 11:16:30 --> Hooks Class Initialized
DEBUG - 2021-01-12 11:16:30 --> UTF-8 Support Enabled
INFO - 2021-01-12 11:16:30 --> Utf8 Class Initialized
INFO - 2021-01-12 11:16:30 --> URI Class Initialized
INFO - 2021-01-12 11:16:30 --> Router Class Initialized
INFO - 2021-01-12 11:16:30 --> Output Class Initialized
INFO - 2021-01-12 11:16:30 --> Security Class Initialized
DEBUG - 2021-01-12 11:16:30 --> Global POST, GET and COOKIE data sanitized
INFO - 2021-01-12 11:16:30 --> Router Class Initialized
INFO - 2021-01-12 11:16:30 --> Output Class Initialized
INFO - 2021-01-12 11:16:30 --> Security Class Initialized
INFO - 2021-01-12 11:16:30 --> Input Class Initialized
DEBUG - 2021-01-12 11:16:30 --> Global POST, GET and COOKIE data sanitized
INFO - 2021-01-12 11:16:30 --> Input Class Initialized
INFO - 2021-01-12 11:16:30 --> Language Class Initialized
INFO - 2021-01-12 11:16:30 --> Loader Class Initialized
INFO - 2021-01-12 11:16:30 --> Language Class Initialized
INFO - 2021-01-12 11:16:30 --> Helper loaded: url_helper
INFO - 2021-01-12 11:16:31 --> Helper loaded: file_helper
INFO - 2021-01-12 11:16:31 --> Helper loaded: cingru_helper
INFO - 2021-01-12 11:16:31 --> Loader Class Initialized
INFO - 2021-01-12 11:16:31 --> Database Driver Class Initialized
INFO - 2021-01-12 11:16:31 --> Helper loaded: url_helper
DEBUG - 2021-01-12 11:16:31 --> Session: "sess_save_path" is empty; using "session.save_path" value from php.ini.
INFO - 2021-01-12 11:16:31 --> Session: Class initialized using 'files' driver.
INFO - 2021-01-12 11:16:31 --> Email Class Initialized
INFO - 2021-01-12 11:16:31 --> Helper loaded: file_helper
INFO - 2021-01-12 11:16:31 --> Helper loaded: form_helper
INFO - 2021-01-12 11:16:31 --> Form Validation Class Initialized
INFO - 2021-01-12 11:16:31 --> Encrypt Class Initialized
INFO - 2021-01-12 11:16:31 --> Encrypt Class Initialized
INFO - 2021-01-12 11:16:31 --> Controller Class Initialized
INFO - 2021-01-12 11:16:31 --> Helper loaded: cingru_helper
INFO - 2021-01-12 11:16:31 --> Model "Pic_model" initialized
INFO - 2021-01-12 11:16:31 --> Database Driver Class Initialized
DEBUG - 2021-01-12 11:16:31 --> Session: "sess_save_path" is empty; using "session.save_path" value from php.ini.
INFO - 2021-01-12 11:16:31 --> Final output sent to browser
DEBUG - 2021-01-12 11:16:31 --> Total execution time: 0.1350
INFO - 2021-01-12 11:16:31 --> Session: Class initialized using 'files' driver.
INFO - 2021-01-12 11:16:31 --> Email Class Initialized
INFO - 2021-01-12 11:16:31 --> Helper loaded: form_helper
INFO - 2021-01-12 11:16:31 --> Form Validation Class Initialized
INFO - 2021-01-12 11:16:31 --> Encrypt Class Initialized
INFO - 2021-01-12 11:16:31 --> Encrypt Class Initialized
INFO - 2021-01-12 11:16:31 --> Controller Class Initialized
INFO - 2021-01-12 11:16:31 --> Model "Pic_model" initialized
INFO - 2021-01-12 11:16:31 --> Final output sent to browser
DEBUG - 2021-01-12 11:16:31 --> Total execution time: 0.2781
INFO - 2021-01-12 11:16:35 --> Config Class Initialized
INFO - 2021-01-12 11:16:35 --> Hooks Class Initialized
DEBUG - 2021-01-12 11:16:35 --> UTF-8 Support Enabled
INFO - 2021-01-12 11:16:35 --> Utf8 Class Initialized
INFO - 2021-01-12 11:16:35 --> URI Class Initialized
INFO - 2021-01-12 11:16:35 --> Router Class Initialized
INFO - 2021-01-12 11:16:35 --> Output Class Initialized
INFO - 2021-01-12 11:16:35 --> Security Class Initialized
DEBUG - 2021-01-12 11:16:35 --> Global POST, GET and COOKIE data sanitized
INFO - 2021-01-12 11:16:35 --> Input Class Initialized
INFO - 2021-01-12 11:16:35 --> Language Class Initialized
ERROR - 2021-01-12 11:16:35 --> 404 Page Not Found: Master/m_master
INFO - 2021-01-12 11:16:37 --> Config Class Initialized
INFO - 2021-01-12 11:16:37 --> Hooks Class Initialized
DEBUG - 2021-01-12 11:16:37 --> UTF-8 Support Enabled
INFO - 2021-01-12 11:16:37 --> Utf8 Class Initialized
INFO - 2021-01-12 11:16:37 --> URI Class Initialized
INFO - 2021-01-12 11:16:37 --> Router Class Initialized
INFO - 2021-01-12 11:16:37 --> Output Class Initialized
INFO - 2021-01-12 11:16:37 --> Security Class Initialized
DEBUG - 2021-01-12 11:16:37 --> Global POST, GET and COOKIE data sanitized
INFO - 2021-01-12 11:16:37 --> Input Class Initialized
INFO - 2021-01-12 11:16:37 --> Language Class Initialized
INFO - 2021-01-12 11:16:37 --> Loader Class Initialized
INFO - 2021-01-12 11:16:37 --> Helper loaded: url_helper
INFO - 2021-01-12 11:16:37 --> Helper loaded: file_helper
INFO - 2021-01-12 11:16:37 --> Helper loaded: cingru_helper
INFO - 2021-01-12 11:16:37 --> Database Driver Class Initialized
DEBUG - 2021-01-12 11:16:37 --> Session: "sess_save_path" is empty; using "session.save_path" value from php.ini.
INFO - 2021-01-12 11:16:37 --> Session: Class initialized using 'files' driver.
INFO - 2021-01-12 11:16:37 --> Email Class Initialized
INFO - 2021-01-12 11:16:37 --> Helper loaded: form_helper
INFO - 2021-01-12 11:16:37 --> Form Validation Class Initialized
INFO - 2021-01-12 11:16:37 --> Encrypt Class Initialized
INFO - 2021-01-12 11:16:37 --> Encrypt Class Initialized
INFO - 2021-01-12 11:16:37 --> Controller Class Initialized
INFO - 2021-01-12 11:16:37 --> Model "Pic_model" initialized
INFO - 2021-01-12 11:16:37 --> File loaded: C:\xampp\htdocs\ajp\application\views\layout/header.php
INFO - 2021-01-12 11:16:37 --> File loaded: C:\xampp\htdocs\ajp\application\views\master/purchase_handler.php
INFO - 2021-01-12 11:16:37 --> File loaded: C:\xampp\htdocs\ajp\application\views\layout/footer.php
INFO - 2021-01-12 11:16:37 --> File loaded: C:\xampp\htdocs\ajp\application\views\layout/template.php
INFO - 2021-01-12 11:16:37 --> Final output sent to browser
DEBUG - 2021-01-12 11:16:37 --> Total execution time: 0.2971
INFO - 2021-01-12 11:16:38 --> Config Class Initialized
INFO - 2021-01-12 11:16:38 --> Hooks Class Initialized
DEBUG - 2021-01-12 11:16:38 --> UTF-8 Support Enabled
INFO - 2021-01-12 11:16:38 --> Utf8 Class Initialized
INFO - 2021-01-12 11:16:38 --> URI Class Initialized
INFO - 2021-01-12 11:16:38 --> Config Class Initialized
INFO - 2021-01-12 11:16:38 --> Hooks Class Initialized
DEBUG - 2021-01-12 11:16:38 --> UTF-8 Support Enabled
INFO - 2021-01-12 11:16:38 --> Utf8 Class Initialized
INFO - 2021-01-12 11:16:38 --> URI Class Initialized
INFO - 2021-01-12 11:16:38 --> Router Class Initialized
INFO - 2021-01-12 11:16:38 --> Output Class Initialized
INFO - 2021-01-12 11:16:38 --> Security Class Initialized
DEBUG - 2021-01-12 11:16:38 --> Global POST, GET and COOKIE data sanitized
INFO - 2021-01-12 11:16:38 --> Router Class Initialized
INFO - 2021-01-12 11:16:38 --> Output Class Initialized
INFO - 2021-01-12 11:16:38 --> Security Class Initialized
INFO - 2021-01-12 11:16:38 --> Input Class Initialized
DEBUG - 2021-01-12 11:16:38 --> Global POST, GET and COOKIE data sanitized
INFO - 2021-01-12 11:16:38 --> Input Class Initialized
INFO - 2021-01-12 11:16:38 --> Language Class Initialized
INFO - 2021-01-12 11:16:38 --> Loader Class Initialized
INFO - 2021-01-12 11:16:38 --> Helper loaded: url_helper
INFO - 2021-01-12 11:16:38 --> Language Class Initialized
INFO - 2021-01-12 11:16:38 --> Loader Class Initialized
INFO - 2021-01-12 11:16:38 --> Helper loaded: url_helper
INFO - 2021-01-12 11:16:38 --> Helper loaded: file_helper
INFO - 2021-01-12 11:16:38 --> Helper loaded: file_helper
INFO - 2021-01-12 11:16:38 --> Helper loaded: cingru_helper
INFO - 2021-01-12 11:16:38 --> Helper loaded: cingru_helper
INFO - 2021-01-12 11:16:38 --> Database Driver Class Initialized
DEBUG - 2021-01-12 11:16:38 --> Session: "sess_save_path" is empty; using "session.save_path" value from php.ini.
INFO - 2021-01-12 11:16:38 --> Database Driver Class Initialized
INFO - 2021-01-12 11:16:38 --> Session: Class initialized using 'files' driver.
INFO - 2021-01-12 11:16:38 --> Email Class Initialized
INFO - 2021-01-12 11:16:38 --> Helper loaded: form_helper
DEBUG - 2021-01-12 11:16:38 --> Session: "sess_save_path" is empty; using "session.save_path" value from php.ini.
INFO - 2021-01-12 11:16:38 --> Form Validation Class Initialized
INFO - 2021-01-12 11:16:38 --> Encrypt Class Initialized
INFO - 2021-01-12 11:16:38 --> Encrypt Class Initialized
INFO - 2021-01-12 11:16:38 --> Controller Class Initialized
INFO - 2021-01-12 11:16:38 --> Model "Pic_model" initialized
INFO - 2021-01-12 11:16:38 --> Final output sent to browser
DEBUG - 2021-01-12 11:16:38 --> Total execution time: 0.1635
INFO - 2021-01-12 11:16:38 --> Session: Class initialized using 'files' driver.
INFO - 2021-01-12 11:16:38 --> Email Class Initialized
INFO - 2021-01-12 11:16:38 --> Helper loaded: form_helper
INFO - 2021-01-12 11:16:38 --> Form Validation Class Initialized
INFO - 2021-01-12 11:16:38 --> Encrypt Class Initialized
INFO - 2021-01-12 11:16:38 --> Encrypt Class Initialized
INFO - 2021-01-12 11:16:38 --> Controller Class Initialized
INFO - 2021-01-12 11:16:38 --> Model "Pic_model" initialized
INFO - 2021-01-12 11:16:38 --> Final output sent to browser
DEBUG - 2021-01-12 11:16:38 --> Total execution time: 0.3340
INFO - 2021-01-12 11:16:39 --> Config Class Initialized
INFO - 2021-01-12 11:16:39 --> Hooks Class Initialized
DEBUG - 2021-01-12 11:16:39 --> UTF-8 Support Enabled
INFO - 2021-01-12 11:16:39 --> Utf8 Class Initialized
INFO - 2021-01-12 11:16:39 --> URI Class Initialized
INFO - 2021-01-12 11:16:39 --> Router Class Initialized
INFO - 2021-01-12 11:16:39 --> Output Class Initialized
INFO - 2021-01-12 11:16:39 --> Security Class Initialized
DEBUG - 2021-01-12 11:16:39 --> Global POST, GET and COOKIE data sanitized
INFO - 2021-01-12 11:16:39 --> Input Class Initialized
INFO - 2021-01-12 11:16:39 --> Language Class Initialized
INFO - 2021-01-12 11:16:39 --> Loader Class Initialized
INFO - 2021-01-12 11:16:39 --> Helper loaded: url_helper
INFO - 2021-01-12 11:16:39 --> Helper loaded: file_helper
INFO - 2021-01-12 11:16:39 --> Helper loaded: cingru_helper
INFO - 2021-01-12 11:16:39 --> Database Driver Class Initialized
DEBUG - 2021-01-12 11:16:39 --> Session: "sess_save_path" is empty; using "session.save_path" value from php.ini.
INFO - 2021-01-12 11:16:39 --> Session: Class initialized using 'files' driver.
INFO - 2021-01-12 11:16:39 --> Email Class Initialized
INFO - 2021-01-12 11:16:39 --> Helper loaded: form_helper
INFO - 2021-01-12 11:16:39 --> Form Validation Class Initialized
INFO - 2021-01-12 11:16:39 --> Encrypt Class Initialized
INFO - 2021-01-12 11:16:39 --> Encrypt Class Initialized
INFO - 2021-01-12 11:16:39 --> Controller Class Initialized
INFO - 2021-01-12 11:16:39 --> File loaded: C:\xampp\htdocs\ajp\application\views\layout/header.php
INFO - 2021-01-12 11:16:39 --> File loaded: C:\xampp\htdocs\ajp\application\views\po/po.php
INFO - 2021-01-12 11:16:39 --> File loaded: C:\xampp\htdocs\ajp\application\views\layout/footer.php
INFO - 2021-01-12 11:16:39 --> File loaded: C:\xampp\htdocs\ajp\application\views\layout/template.php
INFO - 2021-01-12 11:16:39 --> Final output sent to browser
DEBUG - 2021-01-12 11:16:39 --> Total execution time: 0.2950
INFO - 2021-01-12 11:16:55 --> Config Class Initialized
INFO - 2021-01-12 11:16:55 --> Hooks Class Initialized
DEBUG - 2021-01-12 11:16:55 --> UTF-8 Support Enabled
INFO - 2021-01-12 11:16:55 --> Utf8 Class Initialized
INFO - 2021-01-12 11:16:55 --> URI Class Initialized
INFO - 2021-01-12 11:16:55 --> Router Class Initialized
INFO - 2021-01-12 11:16:55 --> Output Class Initialized
INFO - 2021-01-12 11:16:55 --> Security Class Initialized
DEBUG - 2021-01-12 11:16:55 --> Global POST, GET and COOKIE data sanitized
INFO - 2021-01-12 11:16:55 --> Input Class Initialized
INFO - 2021-01-12 11:16:56 --> Language Class Initialized
ERROR - 2021-01-12 11:16:56 --> 404 Page Not Found: Urequest/index
INFO - 2021-01-12 11:16:57 --> Config Class Initialized
INFO - 2021-01-12 11:16:57 --> Hooks Class Initialized
DEBUG - 2021-01-12 11:16:57 --> UTF-8 Support Enabled
INFO - 2021-01-12 11:16:57 --> Utf8 Class Initialized
INFO - 2021-01-12 11:16:57 --> URI Class Initialized
INFO - 2021-01-12 11:16:57 --> Router Class Initialized
INFO - 2021-01-12 11:16:57 --> Output Class Initialized
INFO - 2021-01-12 11:16:57 --> Security Class Initialized
DEBUG - 2021-01-12 11:16:57 --> Global POST, GET and COOKIE data sanitized
INFO - 2021-01-12 11:16:58 --> Input Class Initialized
INFO - 2021-01-12 11:16:58 --> Language Class Initialized
INFO - 2021-01-12 11:16:58 --> Loader Class Initialized
INFO - 2021-01-12 11:16:58 --> Helper loaded: url_helper
INFO - 2021-01-12 11:16:58 --> Helper loaded: file_helper
INFO - 2021-01-12 11:16:58 --> Helper loaded: cingru_helper
INFO - 2021-01-12 11:16:58 --> Database Driver Class Initialized
DEBUG - 2021-01-12 11:16:58 --> Session: "sess_save_path" is empty; using "session.save_path" value from php.ini.
INFO - 2021-01-12 11:16:58 --> Session: Class initialized using 'files' driver.
INFO - 2021-01-12 11:16:58 --> Email Class Initialized
INFO - 2021-01-12 11:16:58 --> Helper loaded: form_helper
INFO - 2021-01-12 11:16:58 --> Form Validation Class Initialized
INFO - 2021-01-12 11:16:58 --> Encrypt Class Initialized
INFO - 2021-01-12 11:16:58 --> Encrypt Class Initialized
INFO - 2021-01-12 11:16:58 --> Controller Class Initialized
INFO - 2021-01-12 11:16:58 --> File loaded: C:\xampp\htdocs\ajp\application\views\layout/header.php
INFO - 2021-01-12 11:16:58 --> File loaded: C:\xampp\htdocs\ajp\application\views\po/po.php
INFO - 2021-01-12 11:16:58 --> File loaded: C:\xampp\htdocs\ajp\application\views\layout/footer.php
INFO - 2021-01-12 11:16:58 --> File loaded: C:\xampp\htdocs\ajp\application\views\layout/template.php
INFO - 2021-01-12 11:16:58 --> Final output sent to browser
DEBUG - 2021-01-12 11:16:58 --> Total execution time: 0.2880
INFO - 2021-01-12 11:47:09 --> Config Class Initialized
INFO - 2021-01-12 11:47:09 --> Hooks Class Initialized
DEBUG - 2021-01-12 11:47:09 --> UTF-8 Support Enabled
INFO - 2021-01-12 11:47:09 --> Utf8 Class Initialized
INFO - 2021-01-12 11:47:09 --> URI Class Initialized
DEBUG - 2021-01-12 11:47:09 --> No URI present. Default controller set.
INFO - 2021-01-12 11:47:09 --> Router Class Initialized
INFO - 2021-01-12 11:47:09 --> Output Class Initialized
INFO - 2021-01-12 11:47:09 --> Security Class Initialized
DEBUG - 2021-01-12 11:47:09 --> Global POST, GET and COOKIE data sanitized
INFO - 2021-01-12 11:47:09 --> Input Class Initialized
INFO - 2021-01-12 11:47:09 --> Language Class Initialized
INFO - 2021-01-12 11:47:10 --> Loader Class Initialized
INFO - 2021-01-12 11:47:10 --> Helper loaded: url_helper
INFO - 2021-01-12 11:47:10 --> Helper loaded: file_helper
INFO - 2021-01-12 11:47:10 --> Helper loaded: cingru_helper
INFO - 2021-01-12 11:47:10 --> Database Driver Class Initialized
DEBUG - 2021-01-12 11:47:10 --> Session: "sess_save_path" is empty; using "session.save_path" value from php.ini.
INFO - 2021-01-12 11:47:10 --> Session: Class initialized using 'files' driver.
INFO - 2021-01-12 11:47:10 --> Email Class Initialized
INFO - 2021-01-12 11:47:10 --> Helper loaded: form_helper
INFO - 2021-01-12 11:47:10 --> Form Validation Class Initialized
INFO - 2021-01-12 11:47:10 --> Encrypt Class Initialized
INFO - 2021-01-12 11:47:10 --> Encrypt Class Initialized
INFO - 2021-01-12 11:47:10 --> Controller Class Initialized
INFO - 2021-01-12 11:47:10 --> Config Class Initialized
INFO - 2021-01-12 11:47:10 --> Hooks Class Initialized
DEBUG - 2021-01-12 11:47:10 --> UTF-8 Support Enabled
INFO - 2021-01-12 11:47:10 --> Utf8 Class Initialized
INFO - 2021-01-12 11:47:10 --> URI Class Initialized
INFO - 2021-01-12 11:47:10 --> Router Class Initialized
INFO - 2021-01-12 11:47:10 --> Output Class Initialized
INFO - 2021-01-12 11:47:10 --> Security Class Initialized
DEBUG - 2021-01-12 11:47:10 --> Global POST, GET and COOKIE data sanitized
INFO - 2021-01-12 11:47:10 --> Input Class Initialized
INFO - 2021-01-12 11:47:10 --> Language Class Initialized
INFO - 2021-01-12 11:47:10 --> Loader Class Initialized
INFO - 2021-01-12 11:47:10 --> Helper loaded: url_helper
INFO - 2021-01-12 11:47:10 --> Helper loaded: file_helper
INFO - 2021-01-12 11:47:10 --> Helper loaded: cingru_helper
INFO - 2021-01-12 11:47:10 --> Database Driver Class Initialized
DEBUG - 2021-01-12 11:47:10 --> Session: "sess_save_path" is empty; using "session.save_path" value from php.ini.
INFO - 2021-01-12 11:47:10 --> Session: Class initialized using 'files' driver.
INFO - 2021-01-12 11:47:10 --> Email Class Initialized
INFO - 2021-01-12 11:47:10 --> Helper loaded: form_helper
INFO - 2021-01-12 11:47:10 --> Form Validation Class Initialized
INFO - 2021-01-12 11:47:10 --> Encrypt Class Initialized
INFO - 2021-01-12 11:47:10 --> Encrypt Class Initialized
INFO - 2021-01-12 11:47:10 --> Controller Class Initialized
INFO - 2021-01-12 11:47:11 --> File loaded: C:\xampp\htdocs\ajp\application\views\layout/header.php
INFO - 2021-01-12 11:47:11 --> File loaded: C:\xampp\htdocs\ajp\application\views\dashboard.php
INFO - 2021-01-12 11:47:11 --> File loaded: C:\xampp\htdocs\ajp\application\views\layout/footer.php
INFO - 2021-01-12 11:47:11 --> File loaded: C:\xampp\htdocs\ajp\application\views\layout/template.php
INFO - 2021-01-12 11:47:11 --> Final output sent to browser
DEBUG - 2021-01-12 11:47:11 --> Total execution time: 0.5312
INFO - 2021-01-12 11:47:41 --> Config Class Initialized
INFO - 2021-01-12 11:47:41 --> Hooks Class Initialized
DEBUG - 2021-01-12 11:47:41 --> UTF-8 Support Enabled
INFO - 2021-01-12 11:47:41 --> Utf8 Class Initialized
INFO - 2021-01-12 11:47:41 --> URI Class Initialized
INFO - 2021-01-12 11:47:41 --> Router Class Initialized
INFO - 2021-01-12 11:47:41 --> Output Class Initialized
INFO - 2021-01-12 11:47:41 --> Security Class Initialized
DEBUG - 2021-01-12 11:47:41 --> Global POST, GET and COOKIE data sanitized
INFO - 2021-01-12 11:47:41 --> Input Class Initialized
INFO - 2021-01-12 11:47:41 --> Language Class Initialized
INFO - 2021-01-12 11:47:41 --> Loader Class Initialized
INFO - 2021-01-12 11:47:41 --> Helper loaded: url_helper
INFO - 2021-01-12 11:47:41 --> Helper loaded: file_helper
INFO - 2021-01-12 11:47:41 --> Helper loaded: cingru_helper
INFO - 2021-01-12 11:47:41 --> Database Driver Class Initialized
DEBUG - 2021-01-12 11:47:41 --> Session: "sess_save_path" is empty; using "session.save_path" value from php.ini.
INFO - 2021-01-12 11:47:41 --> Session: Class initialized using 'files' driver.
INFO - 2021-01-12 11:47:41 --> Email Class Initialized
INFO - 2021-01-12 11:47:41 --> Helper loaded: form_helper
INFO - 2021-01-12 11:47:41 --> Form Validation Class Initialized
INFO - 2021-01-12 11:47:41 --> Encrypt Class Initialized
INFO - 2021-01-12 11:47:41 --> Encrypt Class Initialized
INFO - 2021-01-12 11:47:41 --> Controller Class Initialized
INFO - 2021-01-12 11:47:41 --> File loaded: C:\xampp\htdocs\ajp\application\views\layout/header.php
INFO - 2021-01-12 11:47:41 --> File loaded: C:\xampp\htdocs\ajp\application\views\dashboard.php
INFO - 2021-01-12 11:47:41 --> File loaded: C:\xampp\htdocs\ajp\application\views\layout/footer.php
INFO - 2021-01-12 11:47:41 --> File loaded: C:\xampp\htdocs\ajp\application\views\layout/template.php
INFO - 2021-01-12 11:47:41 --> Final output sent to browser
DEBUG - 2021-01-12 11:47:41 --> Total execution time: 0.3952
INFO - 2021-01-12 11:49:57 --> Config Class Initialized
INFO - 2021-01-12 11:49:57 --> Hooks Class Initialized
DEBUG - 2021-01-12 11:49:57 --> UTF-8 Support Enabled
INFO - 2021-01-12 11:49:57 --> Utf8 Class Initialized
INFO - 2021-01-12 11:49:57 --> URI Class Initialized
INFO - 2021-01-12 11:49:58 --> Router Class Initialized
INFO - 2021-01-12 11:49:58 --> Output Class Initialized
INFO - 2021-01-12 11:49:58 --> Security Class Initialized
DEBUG - 2021-01-12 11:49:58 --> Global POST, GET and COOKIE data sanitized
INFO - 2021-01-12 11:49:58 --> Input Class Initialized
INFO - 2021-01-12 11:49:58 --> Language Class Initialized
INFO - 2021-01-12 11:49:58 --> Loader Class Initialized
INFO - 2021-01-12 11:49:58 --> Helper loaded: url_helper
INFO - 2021-01-12 11:49:58 --> Helper loaded: file_helper
INFO - 2021-01-12 11:49:58 --> Helper loaded: cingru_helper
INFO - 2021-01-12 11:49:58 --> Database Driver Class Initialized
DEBUG - 2021-01-12 11:49:58 --> Session: "sess_save_path" is empty; using "session.save_path" value from php.ini.
INFO - 2021-01-12 11:49:58 --> Session: Class initialized using 'files' driver.
INFO - 2021-01-12 11:49:58 --> Email Class Initialized
INFO - 2021-01-12 11:49:58 --> Helper loaded: form_helper
INFO - 2021-01-12 11:49:58 --> Form Validation Class Initialized
INFO - 2021-01-12 11:49:58 --> Encrypt Class Initialized
INFO - 2021-01-12 11:49:58 --> Encrypt Class Initialized
INFO - 2021-01-12 11:49:58 --> Controller Class Initialized
INFO - 2021-01-12 11:49:58 --> File loaded: C:\xampp\htdocs\ajp\application\views\layout/header.php
INFO - 2021-01-12 11:49:58 --> File loaded: C:\xampp\htdocs\ajp\application\views\dashboard.php
INFO - 2021-01-12 11:49:58 --> File loaded: C:\xampp\htdocs\ajp\application\views\layout/footer.php
INFO - 2021-01-12 11:49:58 --> File loaded: C:\xampp\htdocs\ajp\application\views\layout/template.php
INFO - 2021-01-12 11:49:58 --> Final output sent to browser
DEBUG - 2021-01-12 11:49:58 --> Total execution time: 0.2600
INFO - 2021-01-12 11:52:06 --> Config Class Initialized
INFO - 2021-01-12 11:52:06 --> Hooks Class Initialized
DEBUG - 2021-01-12 11:52:06 --> UTF-8 Support Enabled
INFO - 2021-01-12 11:52:06 --> Utf8 Class Initialized
INFO - 2021-01-12 11:52:06 --> URI Class Initialized
INFO - 2021-01-12 11:52:06 --> Router Class Initialized
INFO - 2021-01-12 11:52:06 --> Output Class Initialized
INFO - 2021-01-12 11:52:06 --> Security Class Initialized
DEBUG - 2021-01-12 11:52:06 --> Global POST, GET and COOKIE data sanitized
INFO - 2021-01-12 11:52:06 --> Input Class Initialized
INFO - 2021-01-12 11:52:06 --> Language Class Initialized
INFO - 2021-01-12 11:52:06 --> Loader Class Initialized
INFO - 2021-01-12 11:52:06 --> Helper loaded: url_helper
INFO - 2021-01-12 11:52:06 --> Helper loaded: file_helper
INFO - 2021-01-12 11:52:06 --> Helper loaded: cingru_helper
INFO - 2021-01-12 11:52:06 --> Database Driver Class Initialized
DEBUG - 2021-01-12 11:52:06 --> Session: "sess_save_path" is empty; using "session.save_path" value from php.ini.
INFO - 2021-01-12 11:52:06 --> Session: Class initialized using 'files' driver.
INFO - 2021-01-12 11:52:06 --> Email Class Initialized
INFO - 2021-01-12 11:52:06 --> Helper loaded: form_helper
INFO - 2021-01-12 11:52:06 --> Form Validation Class Initialized
INFO - 2021-01-12 11:52:06 --> Encrypt Class Initialized
INFO - 2021-01-12 11:52:06 --> Encrypt Class Initialized
INFO - 2021-01-12 11:52:06 --> Controller Class Initialized
INFO - 2021-01-12 11:52:06 --> File loaded: C:\xampp\htdocs\ajp\application\views\layout/header.php
INFO - 2021-01-12 11:52:06 --> File loaded: C:\xampp\htdocs\ajp\application\views\dashboard.php
INFO - 2021-01-12 11:52:06 --> File loaded: C:\xampp\htdocs\ajp\application\views\layout/footer.php
INFO - 2021-01-12 11:52:06 --> File loaded: C:\xampp\htdocs\ajp\application\views\layout/template.php
INFO - 2021-01-12 11:52:06 --> Final output sent to browser
DEBUG - 2021-01-12 11:52:06 --> Total execution time: 0.2785
INFO - 2021-01-12 11:53:29 --> Config Class Initialized
INFO - 2021-01-12 11:53:29 --> Hooks Class Initialized
DEBUG - 2021-01-12 11:53:29 --> UTF-8 Support Enabled
INFO - 2021-01-12 11:53:29 --> Utf8 Class Initialized
INFO - 2021-01-12 11:53:29 --> URI Class Initialized
INFO - 2021-01-12 11:53:29 --> Router Class Initialized
INFO - 2021-01-12 11:53:29 --> Output Class Initialized
INFO - 2021-01-12 11:53:29 --> Security Class Initialized
DEBUG - 2021-01-12 11:53:29 --> Global POST, GET and COOKIE data sanitized
INFO - 2021-01-12 11:53:29 --> Input Class Initialized
INFO - 2021-01-12 11:53:29 --> Language Class Initialized
INFO - 2021-01-12 11:53:29 --> Loader Class Initialized
INFO - 2021-01-12 11:53:30 --> Helper loaded: url_helper
INFO - 2021-01-12 11:53:30 --> Helper loaded: file_helper
INFO - 2021-01-12 11:53:30 --> Helper loaded: cingru_helper
INFO - 2021-01-12 11:53:30 --> Database Driver Class Initialized
DEBUG - 2021-01-12 11:53:30 --> Session: "sess_save_path" is empty; using "session.save_path" value from php.ini.
INFO - 2021-01-12 11:53:30 --> Session: Class initialized using 'files' driver.
INFO - 2021-01-12 11:53:30 --> Email Class Initialized
INFO - 2021-01-12 11:53:30 --> Helper loaded: form_helper
INFO - 2021-01-12 11:53:30 --> Form Validation Class Initialized
INFO - 2021-01-12 11:53:30 --> Encrypt Class Initialized
INFO - 2021-01-12 11:53:30 --> Encrypt Class Initialized
INFO - 2021-01-12 11:53:30 --> Controller Class Initialized
INFO - 2021-01-12 11:53:30 --> File loaded: C:\xampp\htdocs\ajp\application\views\layout/header.php
INFO - 2021-01-12 11:53:30 --> File loaded: C:\xampp\htdocs\ajp\application\views\dashboard.php
INFO - 2021-01-12 11:53:30 --> File loaded: C:\xampp\htdocs\ajp\application\views\layout/footer.php
INFO - 2021-01-12 11:53:30 --> File loaded: C:\xampp\htdocs\ajp\application\views\layout/template.php
INFO - 2021-01-12 11:53:30 --> Final output sent to browser
DEBUG - 2021-01-12 11:53:30 --> Total execution time: 0.2986
INFO - 2021-01-12 11:53:49 --> Config Class Initialized
INFO - 2021-01-12 11:53:49 --> Hooks Class Initialized
DEBUG - 2021-01-12 11:53:49 --> UTF-8 Support Enabled
INFO - 2021-01-12 11:53:49 --> Utf8 Class Initialized
INFO - 2021-01-12 11:53:49 --> URI Class Initialized
INFO - 2021-01-12 11:53:49 --> Router Class Initialized
INFO - 2021-01-12 11:53:49 --> Output Class Initialized
INFO - 2021-01-12 11:53:49 --> Security Class Initialized
DEBUG - 2021-01-12 11:53:49 --> Global POST, GET and COOKIE data sanitized
INFO - 2021-01-12 11:53:49 --> Input Class Initialized
INFO - 2021-01-12 11:53:49 --> Language Class Initialized
INFO - 2021-01-12 11:53:49 --> Loader Class Initialized
INFO - 2021-01-12 11:53:49 --> Helper loaded: url_helper
INFO - 2021-01-12 11:53:49 --> Helper loaded: file_helper
INFO - 2021-01-12 11:53:49 --> Helper loaded: cingru_helper
INFO - 2021-01-12 11:53:49 --> Database Driver Class Initialized
DEBUG - 2021-01-12 11:53:49 --> Session: "sess_save_path" is empty; using "session.save_path" value from php.ini.
INFO - 2021-01-12 11:53:49 --> Session: Class initialized using 'files' driver.
INFO - 2021-01-12 11:53:49 --> Email Class Initialized
INFO - 2021-01-12 11:53:49 --> Helper loaded: form_helper
INFO - 2021-01-12 11:53:49 --> Form Validation Class Initialized
INFO - 2021-01-12 11:53:49 --> Encrypt Class Initialized
INFO - 2021-01-12 11:53:49 --> Encrypt Class Initialized
INFO - 2021-01-12 11:53:49 --> Controller Class Initialized
INFO - 2021-01-12 11:53:49 --> File loaded: C:\xampp\htdocs\ajp\application\views\layout/header.php
INFO - 2021-01-12 11:53:49 --> File loaded: C:\xampp\htdocs\ajp\application\views\dashboard.php
INFO - 2021-01-12 11:53:49 --> File loaded: C:\xampp\htdocs\ajp\application\views\layout/footer.php
INFO - 2021-01-12 11:53:49 --> File loaded: C:\xampp\htdocs\ajp\application\views\layout/template.php
INFO - 2021-01-12 11:53:49 --> Final output sent to browser
DEBUG - 2021-01-12 11:53:49 --> Total execution time: 0.3057
INFO - 2021-01-12 11:54:06 --> Config Class Initialized
INFO - 2021-01-12 11:54:06 --> Hooks Class Initialized
DEBUG - 2021-01-12 11:54:06 --> UTF-8 Support Enabled
INFO - 2021-01-12 11:54:06 --> Utf8 Class Initialized
INFO - 2021-01-12 11:54:06 --> URI Class Initialized
INFO - 2021-01-12 11:54:06 --> Router Class Initialized
INFO - 2021-01-12 11:54:06 --> Output Class Initialized
INFO - 2021-01-12 11:54:06 --> Security Class Initialized
DEBUG - 2021-01-12 11:54:06 --> Global POST, GET and COOKIE data sanitized
INFO - 2021-01-12 11:54:06 --> Input Class Initialized
INFO - 2021-01-12 11:54:06 --> Language Class Initialized
INFO - 2021-01-12 11:54:06 --> Loader Class Initialized
INFO - 2021-01-12 11:54:06 --> Helper loaded: url_helper
INFO - 2021-01-12 11:54:06 --> Helper loaded: file_helper
INFO - 2021-01-12 11:54:06 --> Helper loaded: cingru_helper
INFO - 2021-01-12 11:54:06 --> Database Driver Class Initialized
DEBUG - 2021-01-12 11:54:06 --> Session: "sess_save_path" is empty; using "session.save_path" value from php.ini.
INFO - 2021-01-12 11:54:06 --> Session: Class initialized using 'files' driver.
INFO - 2021-01-12 11:54:06 --> Email Class Initialized
INFO - 2021-01-12 11:54:06 --> Helper loaded: form_helper
INFO - 2021-01-12 11:54:06 --> Form Validation Class Initialized
INFO - 2021-01-12 11:54:06 --> Encrypt Class Initialized
INFO - 2021-01-12 11:54:06 --> Encrypt Class Initialized
INFO - 2021-01-12 11:54:06 --> Controller Class Initialized
INFO - 2021-01-12 11:54:06 --> File loaded: C:\xampp\htdocs\ajp\application\views\layout/header.php
INFO - 2021-01-12 11:54:06 --> File loaded: C:\xampp\htdocs\ajp\application\views\dashboard.php
INFO - 2021-01-12 11:54:06 --> File loaded: C:\xampp\htdocs\ajp\application\views\layout/footer.php
INFO - 2021-01-12 11:54:06 --> File loaded: C:\xampp\htdocs\ajp\application\views\layout/template.php
INFO - 2021-01-12 11:54:06 --> Final output sent to browser
DEBUG - 2021-01-12 11:54:06 --> Total execution time: 0.3031
