INFO - 2020-05-04 06:28:52 --> Config Class Initialized
INFO - 2020-05-04 06:28:52 --> Hooks Class Initialized
DEBUG - 2020-05-04 06:28:53 --> UTF-8 Support Enabled
INFO - 2020-05-04 06:28:53 --> Utf8 Class Initialized
INFO - 2020-05-04 06:28:53 --> URI Class Initialized
INFO - 2020-05-04 06:28:53 --> Router Class Initialized
INFO - 2020-05-04 06:28:53 --> Output Class Initialized
INFO - 2020-05-04 06:28:53 --> Security Class Initialized
DEBUG - 2020-05-04 06:28:53 --> Global POST, GET and COOKIE data sanitized
INFO - 2020-05-04 06:28:53 --> Input Class Initialized
INFO - 2020-05-04 06:28:53 --> Language Class Initialized
INFO - 2020-05-04 06:28:53 --> Loader Class Initialized
INFO - 2020-05-04 06:28:53 --> Helper loaded: url_helper
INFO - 2020-05-04 06:28:53 --> Helper loaded: file_helper
INFO - 2020-05-04 06:28:53 --> Helper loaded: cingru_helper
INFO - 2020-05-04 06:28:53 --> Database Driver Class Initialized
DEBUG - 2020-05-04 06:28:54 --> Session: "sess_save_path" is empty; using "session.save_path" value from php.ini.
INFO - 2020-05-04 06:28:54 --> Session: Class initialized using 'files' driver.
INFO - 2020-05-04 06:28:54 --> Email Class Initialized
INFO - 2020-05-04 06:28:54 --> Helper loaded: form_helper
INFO - 2020-05-04 06:28:54 --> Form Validation Class Initialized
INFO - 2020-05-04 06:28:54 --> Encrypt Class Initialized
INFO - 2020-05-04 06:28:54 --> Encrypt Class Initialized
INFO - 2020-05-04 06:28:54 --> Controller Class Initialized
INFO - 2020-05-04 06:28:54 --> Model "Modelunit_model" initialized
INFO - 2020-05-04 06:28:54 --> Config Class Initialized
INFO - 2020-05-04 06:28:54 --> Hooks Class Initialized
DEBUG - 2020-05-04 06:28:54 --> UTF-8 Support Enabled
INFO - 2020-05-04 06:28:54 --> Utf8 Class Initialized
INFO - 2020-05-04 06:28:54 --> URI Class Initialized
INFO - 2020-05-04 06:28:54 --> Router Class Initialized
INFO - 2020-05-04 06:28:54 --> Output Class Initialized
INFO - 2020-05-04 06:28:54 --> Security Class Initialized
DEBUG - 2020-05-04 06:28:54 --> Global POST, GET and COOKIE data sanitized
INFO - 2020-05-04 06:28:54 --> Input Class Initialized
INFO - 2020-05-04 06:28:54 --> Language Class Initialized
INFO - 2020-05-04 06:28:54 --> Loader Class Initialized
INFO - 2020-05-04 06:28:54 --> Helper loaded: url_helper
INFO - 2020-05-04 06:28:54 --> Helper loaded: file_helper
INFO - 2020-05-04 06:28:54 --> Helper loaded: cingru_helper
INFO - 2020-05-04 06:28:54 --> Database Driver Class Initialized
DEBUG - 2020-05-04 06:28:54 --> Session: "sess_save_path" is empty; using "session.save_path" value from php.ini.
INFO - 2020-05-04 06:28:54 --> Session: Class initialized using 'files' driver.
INFO - 2020-05-04 06:28:54 --> Email Class Initialized
INFO - 2020-05-04 06:28:54 --> Helper loaded: form_helper
INFO - 2020-05-04 06:28:54 --> Form Validation Class Initialized
INFO - 2020-05-04 06:28:54 --> Encrypt Class Initialized
INFO - 2020-05-04 06:28:54 --> Encrypt Class Initialized
INFO - 2020-05-04 06:28:55 --> Controller Class Initialized
INFO - 2020-05-04 06:28:55 --> File loaded: C:\xampp\htdocs\ajp\application\views\login.php
INFO - 2020-05-04 06:28:55 --> Final output sent to browser
DEBUG - 2020-05-04 06:28:55 --> Total execution time: 0.6333
INFO - 2020-05-04 06:28:56 --> Config Class Initialized
INFO - 2020-05-04 06:28:56 --> Hooks Class Initialized
DEBUG - 2020-05-04 06:28:56 --> UTF-8 Support Enabled
INFO - 2020-05-04 06:28:56 --> Utf8 Class Initialized
INFO - 2020-05-04 06:28:56 --> URI Class Initialized
INFO - 2020-05-04 06:28:56 --> Router Class Initialized
INFO - 2020-05-04 06:28:56 --> Output Class Initialized
INFO - 2020-05-04 06:28:56 --> Security Class Initialized
DEBUG - 2020-05-04 06:28:56 --> Global POST, GET and COOKIE data sanitized
INFO - 2020-05-04 06:28:56 --> Input Class Initialized
INFO - 2020-05-04 06:28:56 --> Language Class Initialized
ERROR - 2020-05-04 06:28:56 --> 404 Page Not Found: Assets/front
INFO - 2020-05-04 15:09:32 --> Config Class Initialized
INFO - 2020-05-04 15:09:32 --> Hooks Class Initialized
DEBUG - 2020-05-04 15:09:32 --> UTF-8 Support Enabled
INFO - 2020-05-04 15:09:32 --> Utf8 Class Initialized
INFO - 2020-05-04 15:09:32 --> URI Class Initialized
DEBUG - 2020-05-04 15:09:32 --> No URI present. Default controller set.
INFO - 2020-05-04 15:09:32 --> Router Class Initialized
INFO - 2020-05-04 15:09:32 --> Output Class Initialized
INFO - 2020-05-04 15:09:32 --> Security Class Initialized
DEBUG - 2020-05-04 15:09:32 --> Global POST, GET and COOKIE data sanitized
INFO - 2020-05-04 15:09:32 --> Input Class Initialized
INFO - 2020-05-04 15:09:32 --> Language Class Initialized
INFO - 2020-05-04 15:09:33 --> Loader Class Initialized
INFO - 2020-05-04 15:09:33 --> Helper loaded: url_helper
INFO - 2020-05-04 15:09:33 --> Helper loaded: file_helper
INFO - 2020-05-04 15:09:33 --> Helper loaded: cingru_helper
INFO - 2020-05-04 15:09:33 --> Database Driver Class Initialized
DEBUG - 2020-05-04 15:09:33 --> Session: "sess_save_path" is empty; using "session.save_path" value from php.ini.
INFO - 2020-05-04 15:09:33 --> Session: Class initialized using 'files' driver.
INFO - 2020-05-04 15:09:33 --> Email Class Initialized
INFO - 2020-05-04 15:09:33 --> Helper loaded: form_helper
INFO - 2020-05-04 15:09:33 --> Form Validation Class Initialized
INFO - 2020-05-04 15:09:33 --> Encrypt Class Initialized
INFO - 2020-05-04 15:09:33 --> Encrypt Class Initialized
INFO - 2020-05-04 15:09:33 --> Controller Class Initialized
INFO - 2020-05-04 15:09:33 --> File loaded: C:\xampp\htdocs\ajp\application\views\login.php
INFO - 2020-05-04 15:09:33 --> Final output sent to browser
DEBUG - 2020-05-04 15:09:33 --> Total execution time: 1.2167
INFO - 2020-05-04 15:09:43 --> Config Class Initialized
INFO - 2020-05-04 15:09:43 --> Hooks Class Initialized
DEBUG - 2020-05-04 15:09:43 --> UTF-8 Support Enabled
INFO - 2020-05-04 15:09:43 --> Utf8 Class Initialized
INFO - 2020-05-04 15:09:43 --> URI Class Initialized
INFO - 2020-05-04 15:09:43 --> Router Class Initialized
INFO - 2020-05-04 15:09:43 --> Output Class Initialized
INFO - 2020-05-04 15:09:43 --> Security Class Initialized
DEBUG - 2020-05-04 15:09:43 --> Global POST, GET and COOKIE data sanitized
INFO - 2020-05-04 15:09:43 --> Input Class Initialized
INFO - 2020-05-04 15:09:43 --> Language Class Initialized
INFO - 2020-05-04 15:09:43 --> Loader Class Initialized
INFO - 2020-05-04 15:09:43 --> Helper loaded: url_helper
INFO - 2020-05-04 15:09:43 --> Helper loaded: file_helper
INFO - 2020-05-04 15:09:43 --> Helper loaded: cingru_helper
INFO - 2020-05-04 15:09:43 --> Database Driver Class Initialized
DEBUG - 2020-05-04 15:09:43 --> Session: "sess_save_path" is empty; using "session.save_path" value from php.ini.
INFO - 2020-05-04 15:09:43 --> Session: Class initialized using 'files' driver.
INFO - 2020-05-04 15:09:43 --> Email Class Initialized
INFO - 2020-05-04 15:09:43 --> Helper loaded: form_helper
INFO - 2020-05-04 15:09:43 --> Form Validation Class Initialized
INFO - 2020-05-04 15:09:43 --> Encrypt Class Initialized
INFO - 2020-05-04 15:09:43 --> Encrypt Class Initialized
INFO - 2020-05-04 15:09:43 --> Controller Class Initialized
INFO - 2020-05-04 15:09:43 --> Language file loaded: language/english/form_validation_lang.php
INFO - 2020-05-04 15:09:58 --> Config Class Initialized
INFO - 2020-05-04 15:09:58 --> Hooks Class Initialized
DEBUG - 2020-05-04 15:09:58 --> UTF-8 Support Enabled
INFO - 2020-05-04 15:09:58 --> Utf8 Class Initialized
INFO - 2020-05-04 15:09:58 --> URI Class Initialized
INFO - 2020-05-04 15:09:58 --> Router Class Initialized
INFO - 2020-05-04 15:09:58 --> Output Class Initialized
INFO - 2020-05-04 15:09:58 --> Security Class Initialized
DEBUG - 2020-05-04 15:09:58 --> Global POST, GET and COOKIE data sanitized
INFO - 2020-05-04 15:09:58 --> Input Class Initialized
INFO - 2020-05-04 15:09:58 --> Language Class Initialized
INFO - 2020-05-04 15:09:58 --> Loader Class Initialized
INFO - 2020-05-04 15:09:58 --> Helper loaded: url_helper
INFO - 2020-05-04 15:09:58 --> Helper loaded: file_helper
INFO - 2020-05-04 15:09:58 --> Helper loaded: cingru_helper
INFO - 2020-05-04 15:09:58 --> Database Driver Class Initialized
DEBUG - 2020-05-04 15:09:58 --> Session: "sess_save_path" is empty; using "session.save_path" value from php.ini.
INFO - 2020-05-04 15:09:58 --> Session: Class initialized using 'files' driver.
INFO - 2020-05-04 15:09:58 --> Email Class Initialized
INFO - 2020-05-04 15:09:58 --> Helper loaded: form_helper
INFO - 2020-05-04 15:09:58 --> Form Validation Class Initialized
INFO - 2020-05-04 15:09:58 --> Encrypt Class Initialized
INFO - 2020-05-04 15:09:58 --> Encrypt Class Initialized
INFO - 2020-05-04 15:09:58 --> Controller Class Initialized
INFO - 2020-05-04 15:09:58 --> Config Class Initialized
INFO - 2020-05-04 15:09:58 --> Hooks Class Initialized
DEBUG - 2020-05-04 15:09:58 --> UTF-8 Support Enabled
INFO - 2020-05-04 15:09:58 --> Utf8 Class Initialized
INFO - 2020-05-04 15:09:58 --> URI Class Initialized
INFO - 2020-05-04 15:09:58 --> Router Class Initialized
INFO - 2020-05-04 15:09:58 --> Output Class Initialized
INFO - 2020-05-04 15:09:58 --> Security Class Initialized
DEBUG - 2020-05-04 15:09:58 --> Global POST, GET and COOKIE data sanitized
INFO - 2020-05-04 15:09:58 --> Input Class Initialized
INFO - 2020-05-04 15:09:58 --> Language Class Initialized
INFO - 2020-05-04 15:09:58 --> Loader Class Initialized
INFO - 2020-05-04 15:09:58 --> Helper loaded: url_helper
INFO - 2020-05-04 15:09:58 --> Helper loaded: file_helper
INFO - 2020-05-04 15:09:58 --> Helper loaded: cingru_helper
INFO - 2020-05-04 15:09:58 --> Database Driver Class Initialized
DEBUG - 2020-05-04 15:09:58 --> Session: "sess_save_path" is empty; using "session.save_path" value from php.ini.
INFO - 2020-05-04 15:09:58 --> Session: Class initialized using 'files' driver.
INFO - 2020-05-04 15:09:58 --> Email Class Initialized
INFO - 2020-05-04 15:09:58 --> Helper loaded: form_helper
INFO - 2020-05-04 15:09:58 --> Form Validation Class Initialized
INFO - 2020-05-04 15:09:58 --> Encrypt Class Initialized
INFO - 2020-05-04 15:09:58 --> Encrypt Class Initialized
INFO - 2020-05-04 15:09:58 --> Controller Class Initialized
INFO - 2020-05-04 15:09:58 --> File loaded: C:\xampp\htdocs\ajp\application\views\layout/header.php
INFO - 2020-05-04 15:09:58 --> File loaded: C:\xampp\htdocs\ajp\application\views\dashboard.php
INFO - 2020-05-04 15:09:58 --> File loaded: C:\xampp\htdocs\ajp\application\views\layout/footer.php
INFO - 2020-05-04 15:09:58 --> File loaded: C:\xampp\htdocs\ajp\application\views\layout/template.php
INFO - 2020-05-04 15:09:58 --> Final output sent to browser
DEBUG - 2020-05-04 15:09:58 --> Total execution time: 0.4580
INFO - 2020-05-04 15:10:22 --> Config Class Initialized
INFO - 2020-05-04 15:10:22 --> Hooks Class Initialized
DEBUG - 2020-05-04 15:10:22 --> UTF-8 Support Enabled
INFO - 2020-05-04 15:10:22 --> Utf8 Class Initialized
INFO - 2020-05-04 15:10:22 --> URI Class Initialized
INFO - 2020-05-04 15:10:22 --> Router Class Initialized
INFO - 2020-05-04 15:10:22 --> Output Class Initialized
INFO - 2020-05-04 15:10:22 --> Security Class Initialized
DEBUG - 2020-05-04 15:10:22 --> Global POST, GET and COOKIE data sanitized
INFO - 2020-05-04 15:10:22 --> Input Class Initialized
INFO - 2020-05-04 15:10:22 --> Language Class Initialized
INFO - 2020-05-04 15:10:22 --> Loader Class Initialized
INFO - 2020-05-04 15:10:22 --> Helper loaded: url_helper
INFO - 2020-05-04 15:10:22 --> Helper loaded: file_helper
INFO - 2020-05-04 15:10:23 --> Helper loaded: cingru_helper
INFO - 2020-05-04 15:10:23 --> Database Driver Class Initialized
DEBUG - 2020-05-04 15:10:23 --> Session: "sess_save_path" is empty; using "session.save_path" value from php.ini.
INFO - 2020-05-04 15:10:23 --> Session: Class initialized using 'files' driver.
INFO - 2020-05-04 15:10:23 --> Email Class Initialized
INFO - 2020-05-04 15:10:23 --> Helper loaded: form_helper
INFO - 2020-05-04 15:10:23 --> Form Validation Class Initialized
INFO - 2020-05-04 15:10:23 --> Encrypt Class Initialized
INFO - 2020-05-04 15:10:23 --> Encrypt Class Initialized
INFO - 2020-05-04 15:10:23 --> Controller Class Initialized
INFO - 2020-05-04 15:10:23 --> Model "Projectarea_model" initialized
INFO - 2020-05-04 15:10:23 --> File loaded: C:\xampp\htdocs\ajp\application\views\layout/header.php
INFO - 2020-05-04 15:10:23 --> File loaded: C:\xampp\htdocs\ajp\application\views\master/project_area.php
INFO - 2020-05-04 15:10:23 --> File loaded: C:\xampp\htdocs\ajp\application\views\layout/footer.php
INFO - 2020-05-04 15:10:23 --> File loaded: C:\xampp\htdocs\ajp\application\views\layout/template.php
INFO - 2020-05-04 15:10:23 --> Final output sent to browser
DEBUG - 2020-05-04 15:10:23 --> Total execution time: 0.7608
INFO - 2020-05-04 15:10:24 --> Config Class Initialized
INFO - 2020-05-04 15:10:24 --> Hooks Class Initialized
DEBUG - 2020-05-04 15:10:24 --> UTF-8 Support Enabled
INFO - 2020-05-04 15:10:24 --> Utf8 Class Initialized
INFO - 2020-05-04 15:10:24 --> URI Class Initialized
INFO - 2020-05-04 15:10:24 --> Router Class Initialized
INFO - 2020-05-04 15:10:24 --> Output Class Initialized
INFO - 2020-05-04 15:10:24 --> Security Class Initialized
INFO - 2020-05-04 15:10:24 --> Config Class Initialized
INFO - 2020-05-04 15:10:24 --> Hooks Class Initialized
DEBUG - 2020-05-04 15:10:24 --> Global POST, GET and COOKIE data sanitized
INFO - 2020-05-04 15:10:24 --> Input Class Initialized
DEBUG - 2020-05-04 15:10:24 --> UTF-8 Support Enabled
INFO - 2020-05-04 15:10:24 --> Utf8 Class Initialized
INFO - 2020-05-04 15:10:24 --> Language Class Initialized
INFO - 2020-05-04 15:10:24 --> URI Class Initialized
INFO - 2020-05-04 15:10:24 --> Loader Class Initialized
INFO - 2020-05-04 15:10:24 --> Helper loaded: url_helper
INFO - 2020-05-04 15:10:24 --> Router Class Initialized
INFO - 2020-05-04 15:10:24 --> Config Class Initialized
INFO - 2020-05-04 15:10:24 --> Hooks Class Initialized
INFO - 2020-05-04 15:10:24 --> Helper loaded: file_helper
INFO - 2020-05-04 15:10:24 --> Output Class Initialized
INFO - 2020-05-04 15:10:24 --> Helper loaded: cingru_helper
INFO - 2020-05-04 15:10:24 --> Security Class Initialized
DEBUG - 2020-05-04 15:10:24 --> UTF-8 Support Enabled
INFO - 2020-05-04 15:10:24 --> Utf8 Class Initialized
DEBUG - 2020-05-04 15:10:24 --> Global POST, GET and COOKIE data sanitized
INFO - 2020-05-04 15:10:24 --> Database Driver Class Initialized
INFO - 2020-05-04 15:10:24 --> Input Class Initialized
INFO - 2020-05-04 15:10:24 --> URI Class Initialized
DEBUG - 2020-05-04 15:10:24 --> Session: "sess_save_path" is empty; using "session.save_path" value from php.ini.
INFO - 2020-05-04 15:10:24 --> Language Class Initialized
INFO - 2020-05-04 15:10:24 --> Session: Class initialized using 'files' driver.
INFO - 2020-05-04 15:10:24 --> Router Class Initialized
INFO - 2020-05-04 15:10:24 --> Email Class Initialized
INFO - 2020-05-04 15:10:24 --> Output Class Initialized
INFO - 2020-05-04 15:10:24 --> Loader Class Initialized
INFO - 2020-05-04 15:10:24 --> Security Class Initialized
INFO - 2020-05-04 15:10:24 --> Helper loaded: url_helper
INFO - 2020-05-04 15:10:24 --> Helper loaded: form_helper
INFO - 2020-05-04 15:10:24 --> Form Validation Class Initialized
DEBUG - 2020-05-04 15:10:24 --> Global POST, GET and COOKIE data sanitized
INFO - 2020-05-04 15:10:24 --> Helper loaded: file_helper
INFO - 2020-05-04 15:10:24 --> Input Class Initialized
INFO - 2020-05-04 15:10:24 --> Encrypt Class Initialized
INFO - 2020-05-04 15:10:24 --> Helper loaded: cingru_helper
INFO - 2020-05-04 15:10:24 --> Language Class Initialized
INFO - 2020-05-04 15:10:24 --> Encrypt Class Initialized
INFO - 2020-05-04 15:10:24 --> Database Driver Class Initialized
INFO - 2020-05-04 15:10:24 --> Controller Class Initialized
DEBUG - 2020-05-04 15:10:24 --> Session: "sess_save_path" is empty; using "session.save_path" value from php.ini.
INFO - 2020-05-04 15:10:24 --> Model "Projectarea_model" initialized
INFO - 2020-05-04 15:10:25 --> Final output sent to browser
ERROR - 2020-05-04 15:10:25 --> 404 Page Not Found: Master/assets
DEBUG - 2020-05-04 15:10:25 --> Total execution time: 0.5733
INFO - 2020-05-04 15:10:25 --> Session: Class initialized using 'files' driver.
INFO - 2020-05-04 15:10:25 --> Email Class Initialized
INFO - 2020-05-04 15:10:25 --> Helper loaded: form_helper
INFO - 2020-05-04 15:10:25 --> Form Validation Class Initialized
INFO - 2020-05-04 15:10:25 --> Encrypt Class Initialized
INFO - 2020-05-04 15:10:25 --> Encrypt Class Initialized
INFO - 2020-05-04 15:10:25 --> Controller Class Initialized
INFO - 2020-05-04 15:10:25 --> Model "Projectarea_model" initialized
INFO - 2020-05-04 15:10:25 --> Final output sent to browser
DEBUG - 2020-05-04 15:10:25 --> Total execution time: 0.5178
INFO - 2020-05-04 15:10:49 --> Config Class Initialized
INFO - 2020-05-04 15:10:49 --> Hooks Class Initialized
DEBUG - 2020-05-04 15:10:49 --> UTF-8 Support Enabled
INFO - 2020-05-04 15:10:49 --> Utf8 Class Initialized
INFO - 2020-05-04 15:10:49 --> URI Class Initialized
INFO - 2020-05-04 15:10:49 --> Router Class Initialized
INFO - 2020-05-04 15:10:49 --> Output Class Initialized
INFO - 2020-05-04 15:10:49 --> Security Class Initialized
DEBUG - 2020-05-04 15:10:49 --> Global POST, GET and COOKIE data sanitized
INFO - 2020-05-04 15:10:49 --> Input Class Initialized
INFO - 2020-05-04 15:10:49 --> Language Class Initialized
INFO - 2020-05-04 15:10:49 --> Loader Class Initialized
INFO - 2020-05-04 15:10:49 --> Helper loaded: url_helper
INFO - 2020-05-04 15:10:49 --> Helper loaded: file_helper
INFO - 2020-05-04 15:10:49 --> Helper loaded: cingru_helper
INFO - 2020-05-04 15:10:49 --> Database Driver Class Initialized
DEBUG - 2020-05-04 15:10:49 --> Session: "sess_save_path" is empty; using "session.save_path" value from php.ini.
INFO - 2020-05-04 15:10:49 --> Session: Class initialized using 'files' driver.
INFO - 2020-05-04 15:10:49 --> Email Class Initialized
INFO - 2020-05-04 15:10:49 --> Helper loaded: form_helper
INFO - 2020-05-04 15:10:49 --> Form Validation Class Initialized
INFO - 2020-05-04 15:10:49 --> Encrypt Class Initialized
INFO - 2020-05-04 15:10:49 --> Encrypt Class Initialized
INFO - 2020-05-04 15:10:49 --> Controller Class Initialized
INFO - 2020-05-04 15:10:49 --> Model "Projectarea_model" initialized
INFO - 2020-05-04 15:10:49 --> Final output sent to browser
DEBUG - 2020-05-04 15:10:49 --> Total execution time: 0.2833
INFO - 2020-05-04 15:10:50 --> Config Class Initialized
INFO - 2020-05-04 15:10:50 --> Hooks Class Initialized
DEBUG - 2020-05-04 15:10:50 --> UTF-8 Support Enabled
INFO - 2020-05-04 15:10:50 --> Utf8 Class Initialized
INFO - 2020-05-04 15:10:50 --> URI Class Initialized
INFO - 2020-05-04 15:10:50 --> Router Class Initialized
INFO - 2020-05-04 15:10:50 --> Output Class Initialized
INFO - 2020-05-04 15:10:50 --> Security Class Initialized
DEBUG - 2020-05-04 15:10:50 --> Global POST, GET and COOKIE data sanitized
INFO - 2020-05-04 15:10:50 --> Input Class Initialized
INFO - 2020-05-04 15:10:50 --> Language Class Initialized
INFO - 2020-05-04 15:10:50 --> Loader Class Initialized
INFO - 2020-05-04 15:10:50 --> Helper loaded: url_helper
INFO - 2020-05-04 15:10:50 --> Helper loaded: file_helper
INFO - 2020-05-04 15:10:50 --> Helper loaded: cingru_helper
INFO - 2020-05-04 15:10:50 --> Database Driver Class Initialized
DEBUG - 2020-05-04 15:10:50 --> Session: "sess_save_path" is empty; using "session.save_path" value from php.ini.
INFO - 2020-05-04 15:10:50 --> Session: Class initialized using 'files' driver.
INFO - 2020-05-04 15:10:50 --> Email Class Initialized
INFO - 2020-05-04 15:10:50 --> Helper loaded: form_helper
INFO - 2020-05-04 15:10:50 --> Form Validation Class Initialized
INFO - 2020-05-04 15:10:50 --> Encrypt Class Initialized
INFO - 2020-05-04 15:10:50 --> Encrypt Class Initialized
INFO - 2020-05-04 15:10:50 --> Controller Class Initialized
INFO - 2020-05-04 15:10:50 --> Model "Projectarea_model" initialized
INFO - 2020-05-04 15:10:50 --> Final output sent to browser
DEBUG - 2020-05-04 15:10:50 --> Total execution time: 0.3135
INFO - 2020-05-04 15:11:37 --> Config Class Initialized
INFO - 2020-05-04 15:11:37 --> Hooks Class Initialized
DEBUG - 2020-05-04 15:11:37 --> UTF-8 Support Enabled
INFO - 2020-05-04 15:11:37 --> Utf8 Class Initialized
INFO - 2020-05-04 15:11:37 --> URI Class Initialized
INFO - 2020-05-04 15:11:37 --> Router Class Initialized
INFO - 2020-05-04 15:11:37 --> Output Class Initialized
INFO - 2020-05-04 15:11:37 --> Security Class Initialized
DEBUG - 2020-05-04 15:11:37 --> Global POST, GET and COOKIE data sanitized
INFO - 2020-05-04 15:11:37 --> Input Class Initialized
INFO - 2020-05-04 15:11:37 --> Language Class Initialized
INFO - 2020-05-04 15:11:37 --> Loader Class Initialized
INFO - 2020-05-04 15:11:37 --> Helper loaded: url_helper
INFO - 2020-05-04 15:11:37 --> Helper loaded: file_helper
INFO - 2020-05-04 15:11:37 --> Helper loaded: cingru_helper
INFO - 2020-05-04 15:11:37 --> Database Driver Class Initialized
DEBUG - 2020-05-04 15:11:37 --> Session: "sess_save_path" is empty; using "session.save_path" value from php.ini.
INFO - 2020-05-04 15:11:37 --> Session: Class initialized using 'files' driver.
INFO - 2020-05-04 15:11:37 --> Email Class Initialized
INFO - 2020-05-04 15:11:37 --> Helper loaded: form_helper
INFO - 2020-05-04 15:11:37 --> Form Validation Class Initialized
INFO - 2020-05-04 15:11:37 --> Encrypt Class Initialized
INFO - 2020-05-04 15:11:37 --> Encrypt Class Initialized
INFO - 2020-05-04 15:11:37 --> Controller Class Initialized
INFO - 2020-05-04 15:11:37 --> Model "Projectarea_model" initialized
INFO - 2020-05-04 15:11:37 --> Final output sent to browser
DEBUG - 2020-05-04 15:11:37 --> Total execution time: 0.3757
INFO - 2020-05-04 15:11:37 --> Config Class Initialized
INFO - 2020-05-04 15:11:37 --> Config Class Initialized
INFO - 2020-05-04 15:11:37 --> Hooks Class Initialized
INFO - 2020-05-04 15:11:37 --> Hooks Class Initialized
DEBUG - 2020-05-04 15:11:37 --> UTF-8 Support Enabled
DEBUG - 2020-05-04 15:11:37 --> UTF-8 Support Enabled
INFO - 2020-05-04 15:11:37 --> Utf8 Class Initialized
INFO - 2020-05-04 15:11:37 --> Utf8 Class Initialized
INFO - 2020-05-04 15:11:37 --> URI Class Initialized
INFO - 2020-05-04 15:11:37 --> URI Class Initialized
INFO - 2020-05-04 15:11:37 --> Router Class Initialized
INFO - 2020-05-04 15:11:37 --> Router Class Initialized
INFO - 2020-05-04 15:11:37 --> Output Class Initialized
INFO - 2020-05-04 15:11:37 --> Output Class Initialized
INFO - 2020-05-04 15:11:37 --> Security Class Initialized
INFO - 2020-05-04 15:11:37 --> Security Class Initialized
DEBUG - 2020-05-04 15:11:37 --> Global POST, GET and COOKIE data sanitized
DEBUG - 2020-05-04 15:11:37 --> Global POST, GET and COOKIE data sanitized
INFO - 2020-05-04 15:11:37 --> Input Class Initialized
INFO - 2020-05-04 15:11:37 --> Input Class Initialized
INFO - 2020-05-04 15:11:37 --> Language Class Initialized
INFO - 2020-05-04 15:11:37 --> Language Class Initialized
INFO - 2020-05-04 15:11:37 --> Loader Class Initialized
INFO - 2020-05-04 15:11:37 --> Loader Class Initialized
INFO - 2020-05-04 15:11:38 --> Helper loaded: url_helper
INFO - 2020-05-04 15:11:38 --> Helper loaded: url_helper
INFO - 2020-05-04 15:11:38 --> Helper loaded: file_helper
INFO - 2020-05-04 15:11:38 --> Helper loaded: file_helper
INFO - 2020-05-04 15:11:38 --> Helper loaded: cingru_helper
INFO - 2020-05-04 15:11:38 --> Helper loaded: cingru_helper
INFO - 2020-05-04 15:11:38 --> Database Driver Class Initialized
INFO - 2020-05-04 15:11:38 --> Database Driver Class Initialized
DEBUG - 2020-05-04 15:11:38 --> Session: "sess_save_path" is empty; using "session.save_path" value from php.ini.
DEBUG - 2020-05-04 15:11:38 --> Session: "sess_save_path" is empty; using "session.save_path" value from php.ini.
INFO - 2020-05-04 15:11:38 --> Session: Class initialized using 'files' driver.
INFO - 2020-05-04 15:11:38 --> Email Class Initialized
INFO - 2020-05-04 15:11:38 --> Helper loaded: form_helper
INFO - 2020-05-04 15:11:38 --> Form Validation Class Initialized
INFO - 2020-05-04 15:11:38 --> Encrypt Class Initialized
INFO - 2020-05-04 15:11:38 --> Encrypt Class Initialized
INFO - 2020-05-04 15:11:38 --> Controller Class Initialized
INFO - 2020-05-04 15:11:38 --> Model "Projectarea_model" initialized
INFO - 2020-05-04 15:11:38 --> Final output sent to browser
DEBUG - 2020-05-04 15:11:38 --> Total execution time: 0.5341
INFO - 2020-05-04 15:11:38 --> Session: Class initialized using 'files' driver.
INFO - 2020-05-04 15:11:38 --> Email Class Initialized
INFO - 2020-05-04 15:11:38 --> Helper loaded: form_helper
INFO - 2020-05-04 15:11:38 --> Form Validation Class Initialized
INFO - 2020-05-04 15:11:38 --> Encrypt Class Initialized
INFO - 2020-05-04 15:11:38 --> Encrypt Class Initialized
INFO - 2020-05-04 15:11:38 --> Controller Class Initialized
INFO - 2020-05-04 15:11:38 --> Model "Projectarea_model" initialized
INFO - 2020-05-04 15:11:38 --> Final output sent to browser
DEBUG - 2020-05-04 15:11:38 --> Total execution time: 0.6805
INFO - 2020-05-04 15:11:49 --> Config Class Initialized
INFO - 2020-05-04 15:11:49 --> Hooks Class Initialized
DEBUG - 2020-05-04 15:11:49 --> UTF-8 Support Enabled
INFO - 2020-05-04 15:11:49 --> Utf8 Class Initialized
INFO - 2020-05-04 15:11:49 --> URI Class Initialized
INFO - 2020-05-04 15:11:49 --> Router Class Initialized
INFO - 2020-05-04 15:11:49 --> Output Class Initialized
INFO - 2020-05-04 15:11:49 --> Security Class Initialized
DEBUG - 2020-05-04 15:11:49 --> Global POST, GET and COOKIE data sanitized
INFO - 2020-05-04 15:11:49 --> Input Class Initialized
INFO - 2020-05-04 15:11:49 --> Language Class Initialized
INFO - 2020-05-04 15:11:49 --> Loader Class Initialized
INFO - 2020-05-04 15:11:49 --> Helper loaded: url_helper
INFO - 2020-05-04 15:11:49 --> Helper loaded: file_helper
INFO - 2020-05-04 15:11:49 --> Helper loaded: cingru_helper
INFO - 2020-05-04 15:11:49 --> Database Driver Class Initialized
DEBUG - 2020-05-04 15:11:49 --> Session: "sess_save_path" is empty; using "session.save_path" value from php.ini.
INFO - 2020-05-04 15:11:49 --> Session: Class initialized using 'files' driver.
INFO - 2020-05-04 15:11:49 --> Email Class Initialized
INFO - 2020-05-04 15:11:49 --> Helper loaded: form_helper
INFO - 2020-05-04 15:11:49 --> Form Validation Class Initialized
INFO - 2020-05-04 15:11:49 --> Encrypt Class Initialized
INFO - 2020-05-04 15:11:49 --> Encrypt Class Initialized
INFO - 2020-05-04 15:11:49 --> Controller Class Initialized
INFO - 2020-05-04 15:11:50 --> Model "Manpower_model" initialized
INFO - 2020-05-04 15:11:50 --> File loaded: C:\xampp\htdocs\ajp\application\views\layout/header.php
INFO - 2020-05-04 15:11:50 --> File loaded: C:\xampp\htdocs\ajp\application\views\master/manpower.php
INFO - 2020-05-04 15:11:50 --> File loaded: C:\xampp\htdocs\ajp\application\views\layout/footer.php
INFO - 2020-05-04 15:11:50 --> File loaded: C:\xampp\htdocs\ajp\application\views\layout/template.php
INFO - 2020-05-04 15:11:50 --> Final output sent to browser
DEBUG - 2020-05-04 15:11:50 --> Total execution time: 0.6962
INFO - 2020-05-04 15:11:51 --> Config Class Initialized
INFO - 2020-05-04 15:11:51 --> Hooks Class Initialized
INFO - 2020-05-04 15:11:51 --> Config Class Initialized
DEBUG - 2020-05-04 15:11:51 --> UTF-8 Support Enabled
INFO - 2020-05-04 15:11:51 --> Utf8 Class Initialized
INFO - 2020-05-04 15:11:51 --> Hooks Class Initialized
INFO - 2020-05-04 15:11:51 --> URI Class Initialized
DEBUG - 2020-05-04 15:11:51 --> UTF-8 Support Enabled
INFO - 2020-05-04 15:11:51 --> Utf8 Class Initialized
INFO - 2020-05-04 15:11:51 --> Router Class Initialized
INFO - 2020-05-04 15:11:51 --> URI Class Initialized
INFO - 2020-05-04 15:11:51 --> Output Class Initialized
INFO - 2020-05-04 15:11:51 --> Security Class Initialized
INFO - 2020-05-04 15:11:51 --> Router Class Initialized
DEBUG - 2020-05-04 15:11:51 --> Global POST, GET and COOKIE data sanitized
INFO - 2020-05-04 15:11:51 --> Output Class Initialized
INFO - 2020-05-04 15:11:51 --> Input Class Initialized
INFO - 2020-05-04 15:11:51 --> Security Class Initialized
INFO - 2020-05-04 15:11:51 --> Language Class Initialized
DEBUG - 2020-05-04 15:11:51 --> Global POST, GET and COOKIE data sanitized
INFO - 2020-05-04 15:11:51 --> Input Class Initialized
INFO - 2020-05-04 15:11:51 --> Loader Class Initialized
INFO - 2020-05-04 15:11:51 --> Language Class Initialized
INFO - 2020-05-04 15:11:51 --> Helper loaded: url_helper
INFO - 2020-05-04 15:11:51 --> Helper loaded: file_helper
INFO - 2020-05-04 15:11:51 --> Loader Class Initialized
INFO - 2020-05-04 15:11:51 --> Helper loaded: cingru_helper
INFO - 2020-05-04 15:11:51 --> Helper loaded: url_helper
INFO - 2020-05-04 15:11:51 --> Helper loaded: file_helper
INFO - 2020-05-04 15:11:51 --> Database Driver Class Initialized
INFO - 2020-05-04 15:11:51 --> Helper loaded: cingru_helper
DEBUG - 2020-05-04 15:11:51 --> Session: "sess_save_path" is empty; using "session.save_path" value from php.ini.
INFO - 2020-05-04 15:11:51 --> Session: Class initialized using 'files' driver.
INFO - 2020-05-04 15:11:51 --> Database Driver Class Initialized
INFO - 2020-05-04 15:11:51 --> Email Class Initialized
DEBUG - 2020-05-04 15:11:51 --> Session: "sess_save_path" is empty; using "session.save_path" value from php.ini.
INFO - 2020-05-04 15:11:51 --> Helper loaded: form_helper
INFO - 2020-05-04 15:11:51 --> Form Validation Class Initialized
INFO - 2020-05-04 15:11:51 --> Encrypt Class Initialized
INFO - 2020-05-04 15:11:51 --> Encrypt Class Initialized
INFO - 2020-05-04 15:11:51 --> Controller Class Initialized
INFO - 2020-05-04 15:11:51 --> Model "Manpower_model" initialized
INFO - 2020-05-04 15:11:51 --> Final output sent to browser
DEBUG - 2020-05-04 15:11:51 --> Total execution time: 0.4160
INFO - 2020-05-04 15:11:51 --> Session: Class initialized using 'files' driver.
INFO - 2020-05-04 15:11:51 --> Email Class Initialized
INFO - 2020-05-04 15:11:51 --> Helper loaded: form_helper
INFO - 2020-05-04 15:11:51 --> Form Validation Class Initialized
INFO - 2020-05-04 15:11:51 --> Encrypt Class Initialized
INFO - 2020-05-04 15:11:51 --> Encrypt Class Initialized
INFO - 2020-05-04 15:11:51 --> Controller Class Initialized
INFO - 2020-05-04 15:11:51 --> Model "Manpower_model" initialized
INFO - 2020-05-04 15:11:51 --> Final output sent to browser
DEBUG - 2020-05-04 15:11:51 --> Total execution time: 0.4814
INFO - 2020-05-04 15:12:07 --> Config Class Initialized
INFO - 2020-05-04 15:12:07 --> Hooks Class Initialized
DEBUG - 2020-05-04 15:12:07 --> UTF-8 Support Enabled
INFO - 2020-05-04 15:12:07 --> Utf8 Class Initialized
INFO - 2020-05-04 15:12:07 --> URI Class Initialized
INFO - 2020-05-04 15:12:07 --> Router Class Initialized
INFO - 2020-05-04 15:12:07 --> Output Class Initialized
INFO - 2020-05-04 15:12:07 --> Security Class Initialized
DEBUG - 2020-05-04 15:12:07 --> Global POST, GET and COOKIE data sanitized
INFO - 2020-05-04 15:12:07 --> Input Class Initialized
INFO - 2020-05-04 15:12:07 --> Language Class Initialized
INFO - 2020-05-04 15:12:07 --> Loader Class Initialized
INFO - 2020-05-04 15:12:07 --> Helper loaded: url_helper
INFO - 2020-05-04 15:12:07 --> Helper loaded: file_helper
INFO - 2020-05-04 15:12:07 --> Helper loaded: cingru_helper
INFO - 2020-05-04 15:12:07 --> Database Driver Class Initialized
DEBUG - 2020-05-04 15:12:07 --> Session: "sess_save_path" is empty; using "session.save_path" value from php.ini.
INFO - 2020-05-04 15:12:07 --> Session: Class initialized using 'files' driver.
INFO - 2020-05-04 15:12:07 --> Email Class Initialized
INFO - 2020-05-04 15:12:07 --> Helper loaded: form_helper
INFO - 2020-05-04 15:12:07 --> Form Validation Class Initialized
INFO - 2020-05-04 15:12:07 --> Encrypt Class Initialized
INFO - 2020-05-04 15:12:07 --> Encrypt Class Initialized
INFO - 2020-05-04 15:12:07 --> Controller Class Initialized
INFO - 2020-05-04 15:12:07 --> Model "Manpower_model" initialized
INFO - 2020-05-04 15:12:07 --> Final output sent to browser
DEBUG - 2020-05-04 15:12:07 --> Total execution time: 0.4181
INFO - 2020-05-04 15:22:24 --> Config Class Initialized
INFO - 2020-05-04 15:22:24 --> Hooks Class Initialized
DEBUG - 2020-05-04 15:22:24 --> UTF-8 Support Enabled
INFO - 2020-05-04 15:22:24 --> Utf8 Class Initialized
INFO - 2020-05-04 15:22:24 --> URI Class Initialized
INFO - 2020-05-04 15:22:24 --> Router Class Initialized
INFO - 2020-05-04 15:22:24 --> Output Class Initialized
INFO - 2020-05-04 15:22:24 --> Security Class Initialized
DEBUG - 2020-05-04 15:22:25 --> Global POST, GET and COOKIE data sanitized
INFO - 2020-05-04 15:22:25 --> Input Class Initialized
INFO - 2020-05-04 15:22:25 --> Language Class Initialized
INFO - 2020-05-04 15:22:25 --> Loader Class Initialized
INFO - 2020-05-04 15:22:25 --> Helper loaded: url_helper
INFO - 2020-05-04 15:22:25 --> Helper loaded: file_helper
INFO - 2020-05-04 15:22:25 --> Helper loaded: cingru_helper
INFO - 2020-05-04 15:22:25 --> Database Driver Class Initialized
DEBUG - 2020-05-04 15:22:25 --> Session: "sess_save_path" is empty; using "session.save_path" value from php.ini.
INFO - 2020-05-04 15:22:25 --> Session: Class initialized using 'files' driver.
INFO - 2020-05-04 15:22:25 --> Email Class Initialized
INFO - 2020-05-04 15:22:25 --> Helper loaded: form_helper
INFO - 2020-05-04 15:22:25 --> Form Validation Class Initialized
INFO - 2020-05-04 15:22:25 --> Encrypt Class Initialized
INFO - 2020-05-04 15:22:25 --> Encrypt Class Initialized
INFO - 2020-05-04 15:22:25 --> Controller Class Initialized
INFO - 2020-05-04 15:22:25 --> Model "Department_model" initialized
INFO - 2020-05-04 15:22:25 --> File loaded: C:\xampp\htdocs\ajp\application\views\layout/header.php
INFO - 2020-05-04 15:22:25 --> File loaded: C:\xampp\htdocs\ajp\application\views\master/department.php
INFO - 2020-05-04 15:22:25 --> File loaded: C:\xampp\htdocs\ajp\application\views\layout/footer.php
INFO - 2020-05-04 15:22:25 --> File loaded: C:\xampp\htdocs\ajp\application\views\layout/template.php
INFO - 2020-05-04 15:22:25 --> Final output sent to browser
DEBUG - 2020-05-04 15:22:25 --> Total execution time: 0.6019
INFO - 2020-05-04 15:22:26 --> Config Class Initialized
INFO - 2020-05-04 15:22:26 --> Hooks Class Initialized
DEBUG - 2020-05-04 15:22:26 --> UTF-8 Support Enabled
INFO - 2020-05-04 15:22:26 --> Utf8 Class Initialized
INFO - 2020-05-04 15:22:26 --> URI Class Initialized
INFO - 2020-05-04 15:22:26 --> Router Class Initialized
INFO - 2020-05-04 15:22:26 --> Config Class Initialized
INFO - 2020-05-04 15:22:26 --> Hooks Class Initialized
INFO - 2020-05-04 15:22:26 --> Output Class Initialized
INFO - 2020-05-04 15:22:26 --> Security Class Initialized
DEBUG - 2020-05-04 15:22:26 --> UTF-8 Support Enabled
INFO - 2020-05-04 15:22:26 --> Utf8 Class Initialized
DEBUG - 2020-05-04 15:22:26 --> Global POST, GET and COOKIE data sanitized
INFO - 2020-05-04 15:22:26 --> Input Class Initialized
INFO - 2020-05-04 15:22:26 --> URI Class Initialized
INFO - 2020-05-04 15:22:26 --> Language Class Initialized
INFO - 2020-05-04 15:22:26 --> Router Class Initialized
INFO - 2020-05-04 15:22:26 --> Output Class Initialized
INFO - 2020-05-04 15:22:26 --> Loader Class Initialized
INFO - 2020-05-04 15:22:26 --> Helper loaded: url_helper
INFO - 2020-05-04 15:22:26 --> Security Class Initialized
INFO - 2020-05-04 15:22:26 --> Helper loaded: file_helper
DEBUG - 2020-05-04 15:22:26 --> Global POST, GET and COOKIE data sanitized
INFO - 2020-05-04 15:22:26 --> Input Class Initialized
INFO - 2020-05-04 15:22:26 --> Helper loaded: cingru_helper
INFO - 2020-05-04 15:22:26 --> Language Class Initialized
INFO - 2020-05-04 15:22:26 --> Database Driver Class Initialized
INFO - 2020-05-04 15:22:26 --> Loader Class Initialized
DEBUG - 2020-05-04 15:22:26 --> Session: "sess_save_path" is empty; using "session.save_path" value from php.ini.
INFO - 2020-05-04 15:22:26 --> Session: Class initialized using 'files' driver.
INFO - 2020-05-04 15:22:26 --> Helper loaded: url_helper
INFO - 2020-05-04 15:22:26 --> Helper loaded: file_helper
INFO - 2020-05-04 15:22:26 --> Email Class Initialized
INFO - 2020-05-04 15:22:26 --> Helper loaded: cingru_helper
INFO - 2020-05-04 15:22:26 --> Helper loaded: form_helper
INFO - 2020-05-04 15:22:26 --> Form Validation Class Initialized
INFO - 2020-05-04 15:22:27 --> Database Driver Class Initialized
INFO - 2020-05-04 15:22:27 --> Encrypt Class Initialized
DEBUG - 2020-05-04 15:22:27 --> Session: "sess_save_path" is empty; using "session.save_path" value from php.ini.
INFO - 2020-05-04 15:22:27 --> Encrypt Class Initialized
INFO - 2020-05-04 15:22:27 --> Controller Class Initialized
INFO - 2020-05-04 15:22:27 --> Model "Department_model" initialized
INFO - 2020-05-04 15:22:27 --> Final output sent to browser
DEBUG - 2020-05-04 15:22:27 --> Total execution time: 0.7527
INFO - 2020-05-04 15:22:27 --> Session: Class initialized using 'files' driver.
INFO - 2020-05-04 15:22:27 --> Email Class Initialized
INFO - 2020-05-04 15:22:27 --> Helper loaded: form_helper
INFO - 2020-05-04 15:22:27 --> Form Validation Class Initialized
INFO - 2020-05-04 15:22:27 --> Encrypt Class Initialized
INFO - 2020-05-04 15:22:27 --> Encrypt Class Initialized
INFO - 2020-05-04 15:22:27 --> Controller Class Initialized
INFO - 2020-05-04 15:22:27 --> Model "Department_model" initialized
INFO - 2020-05-04 15:22:27 --> Final output sent to browser
DEBUG - 2020-05-04 15:22:27 --> Total execution time: 0.7347
INFO - 2020-05-04 15:22:36 --> Config Class Initialized
INFO - 2020-05-04 15:22:36 --> Hooks Class Initialized
DEBUG - 2020-05-04 15:22:36 --> UTF-8 Support Enabled
INFO - 2020-05-04 15:22:36 --> Utf8 Class Initialized
INFO - 2020-05-04 15:22:36 --> URI Class Initialized
INFO - 2020-05-04 15:22:36 --> Router Class Initialized
INFO - 2020-05-04 15:22:36 --> Output Class Initialized
INFO - 2020-05-04 15:22:36 --> Security Class Initialized
DEBUG - 2020-05-04 15:22:36 --> Global POST, GET and COOKIE data sanitized
INFO - 2020-05-04 15:22:36 --> Input Class Initialized
INFO - 2020-05-04 15:22:36 --> Language Class Initialized
INFO - 2020-05-04 15:22:36 --> Loader Class Initialized
INFO - 2020-05-04 15:22:36 --> Helper loaded: url_helper
INFO - 2020-05-04 15:22:36 --> Helper loaded: file_helper
INFO - 2020-05-04 15:22:36 --> Helper loaded: cingru_helper
INFO - 2020-05-04 15:22:36 --> Database Driver Class Initialized
DEBUG - 2020-05-04 15:22:36 --> Session: "sess_save_path" is empty; using "session.save_path" value from php.ini.
INFO - 2020-05-04 15:22:36 --> Session: Class initialized using 'files' driver.
INFO - 2020-05-04 15:22:36 --> Email Class Initialized
INFO - 2020-05-04 15:22:36 --> Helper loaded: form_helper
INFO - 2020-05-04 15:22:36 --> Form Validation Class Initialized
INFO - 2020-05-04 15:22:36 --> Encrypt Class Initialized
INFO - 2020-05-04 15:22:36 --> Encrypt Class Initialized
INFO - 2020-05-04 15:22:36 --> Controller Class Initialized
INFO - 2020-05-04 15:22:37 --> Model "Menu_model" initialized
INFO - 2020-05-04 15:22:37 --> File loaded: C:\xampp\htdocs\ajp\application\views\layout/header.php
INFO - 2020-05-04 15:22:37 --> File loaded: C:\xampp\htdocs\ajp\application\views\administrator/submenu.php
INFO - 2020-05-04 15:22:37 --> File loaded: C:\xampp\htdocs\ajp\application\views\layout/footer.php
INFO - 2020-05-04 15:22:37 --> File loaded: C:\xampp\htdocs\ajp\application\views\layout/template.php
INFO - 2020-05-04 15:22:37 --> Final output sent to browser
DEBUG - 2020-05-04 15:22:37 --> Total execution time: 0.5841
INFO - 2020-05-04 15:22:38 --> Config Class Initialized
INFO - 2020-05-04 15:22:38 --> Hooks Class Initialized
DEBUG - 2020-05-04 15:22:38 --> UTF-8 Support Enabled
INFO - 2020-05-04 15:22:38 --> Utf8 Class Initialized
INFO - 2020-05-04 15:22:38 --> URI Class Initialized
INFO - 2020-05-04 15:22:38 --> Router Class Initialized
INFO - 2020-05-04 15:22:38 --> Output Class Initialized
INFO - 2020-05-04 15:22:38 --> Security Class Initialized
DEBUG - 2020-05-04 15:22:38 --> Global POST, GET and COOKIE data sanitized
INFO - 2020-05-04 15:22:38 --> Input Class Initialized
INFO - 2020-05-04 15:22:38 --> Language Class Initialized
ERROR - 2020-05-04 15:22:38 --> 404 Page Not Found: Administrator/assets
INFO - 2020-05-04 15:22:50 --> Config Class Initialized
INFO - 2020-05-04 15:22:50 --> Hooks Class Initialized
DEBUG - 2020-05-04 15:22:50 --> UTF-8 Support Enabled
INFO - 2020-05-04 15:22:50 --> Utf8 Class Initialized
INFO - 2020-05-04 15:22:50 --> URI Class Initialized
INFO - 2020-05-04 15:22:50 --> Router Class Initialized
INFO - 2020-05-04 15:22:50 --> Output Class Initialized
INFO - 2020-05-04 15:22:50 --> Security Class Initialized
DEBUG - 2020-05-04 15:22:50 --> Global POST, GET and COOKIE data sanitized
INFO - 2020-05-04 15:22:50 --> Input Class Initialized
INFO - 2020-05-04 15:22:50 --> Language Class Initialized
INFO - 2020-05-04 15:22:50 --> Loader Class Initialized
INFO - 2020-05-04 15:22:50 --> Helper loaded: url_helper
INFO - 2020-05-04 15:22:50 --> Helper loaded: file_helper
INFO - 2020-05-04 15:22:50 --> Helper loaded: cingru_helper
INFO - 2020-05-04 15:22:50 --> Database Driver Class Initialized
DEBUG - 2020-05-04 15:22:50 --> Session: "sess_save_path" is empty; using "session.save_path" value from php.ini.
INFO - 2020-05-04 15:22:51 --> Session: Class initialized using 'files' driver.
INFO - 2020-05-04 15:22:51 --> Email Class Initialized
INFO - 2020-05-04 15:22:51 --> Helper loaded: form_helper
INFO - 2020-05-04 15:22:51 --> Form Validation Class Initialized
INFO - 2020-05-04 15:22:51 --> Encrypt Class Initialized
INFO - 2020-05-04 15:22:51 --> Encrypt Class Initialized
INFO - 2020-05-04 15:22:51 --> Controller Class Initialized
INFO - 2020-05-04 15:22:51 --> Model "Menu_model" initialized
INFO - 2020-05-04 15:22:51 --> File loaded: C:\xampp\htdocs\ajp\application\views\layout/header.php
INFO - 2020-05-04 15:22:51 --> File loaded: C:\xampp\htdocs\ajp\application\views\administrator/menu.php
INFO - 2020-05-04 15:22:51 --> File loaded: C:\xampp\htdocs\ajp\application\views\layout/footer.php
INFO - 2020-05-04 15:22:51 --> File loaded: C:\xampp\htdocs\ajp\application\views\layout/template.php
INFO - 2020-05-04 15:22:51 --> Final output sent to browser
DEBUG - 2020-05-04 15:22:51 --> Total execution time: 0.4251
INFO - 2020-05-04 15:23:10 --> Config Class Initialized
INFO - 2020-05-04 15:23:10 --> Hooks Class Initialized
DEBUG - 2020-05-04 15:23:10 --> UTF-8 Support Enabled
INFO - 2020-05-04 15:23:10 --> Utf8 Class Initialized
INFO - 2020-05-04 15:23:10 --> URI Class Initialized
INFO - 2020-05-04 15:23:10 --> Router Class Initialized
INFO - 2020-05-04 15:23:10 --> Output Class Initialized
INFO - 2020-05-04 15:23:10 --> Security Class Initialized
DEBUG - 2020-05-04 15:23:10 --> Global POST, GET and COOKIE data sanitized
INFO - 2020-05-04 15:23:10 --> Input Class Initialized
INFO - 2020-05-04 15:23:10 --> Language Class Initialized
INFO - 2020-05-04 15:23:10 --> Loader Class Initialized
INFO - 2020-05-04 15:23:10 --> Helper loaded: url_helper
INFO - 2020-05-04 15:23:10 --> Helper loaded: file_helper
INFO - 2020-05-04 15:23:10 --> Helper loaded: cingru_helper
INFO - 2020-05-04 15:23:10 --> Database Driver Class Initialized
DEBUG - 2020-05-04 15:23:10 --> Session: "sess_save_path" is empty; using "session.save_path" value from php.ini.
INFO - 2020-05-04 15:23:10 --> Session: Class initialized using 'files' driver.
INFO - 2020-05-04 15:23:10 --> Email Class Initialized
INFO - 2020-05-04 15:23:10 --> Helper loaded: form_helper
INFO - 2020-05-04 15:23:10 --> Form Validation Class Initialized
INFO - 2020-05-04 15:23:10 --> Encrypt Class Initialized
INFO - 2020-05-04 15:23:10 --> Encrypt Class Initialized
INFO - 2020-05-04 15:23:10 --> Controller Class Initialized
INFO - 2020-05-04 15:23:10 --> Model "Menu_model" initialized
INFO - 2020-05-04 15:23:10 --> File loaded: C:\xampp\htdocs\ajp\application\views\layout/header.php
INFO - 2020-05-04 15:23:10 --> File loaded: C:\xampp\htdocs\ajp\application\views\administrator/submenu.php
INFO - 2020-05-04 15:23:10 --> File loaded: C:\xampp\htdocs\ajp\application\views\layout/footer.php
INFO - 2020-05-04 15:23:10 --> File loaded: C:\xampp\htdocs\ajp\application\views\layout/template.php
INFO - 2020-05-04 15:23:10 --> Final output sent to browser
DEBUG - 2020-05-04 15:23:10 --> Total execution time: 0.3708
INFO - 2020-05-04 15:23:44 --> Config Class Initialized
INFO - 2020-05-04 15:23:44 --> Hooks Class Initialized
DEBUG - 2020-05-04 15:23:44 --> UTF-8 Support Enabled
INFO - 2020-05-04 15:23:44 --> Utf8 Class Initialized
INFO - 2020-05-04 15:23:44 --> URI Class Initialized
INFO - 2020-05-04 15:23:44 --> Router Class Initialized
INFO - 2020-05-04 15:23:44 --> Output Class Initialized
INFO - 2020-05-04 15:23:44 --> Security Class Initialized
DEBUG - 2020-05-04 15:23:44 --> Global POST, GET and COOKIE data sanitized
INFO - 2020-05-04 15:23:44 --> Input Class Initialized
INFO - 2020-05-04 15:23:44 --> Language Class Initialized
INFO - 2020-05-04 15:23:44 --> Loader Class Initialized
INFO - 2020-05-04 15:23:44 --> Helper loaded: url_helper
INFO - 2020-05-04 15:23:44 --> Helper loaded: file_helper
INFO - 2020-05-04 15:23:44 --> Helper loaded: cingru_helper
INFO - 2020-05-04 15:23:44 --> Database Driver Class Initialized
DEBUG - 2020-05-04 15:23:44 --> Session: "sess_save_path" is empty; using "session.save_path" value from php.ini.
INFO - 2020-05-04 15:23:44 --> Session: Class initialized using 'files' driver.
INFO - 2020-05-04 15:23:44 --> Email Class Initialized
INFO - 2020-05-04 15:23:44 --> Helper loaded: form_helper
INFO - 2020-05-04 15:23:44 --> Form Validation Class Initialized
INFO - 2020-05-04 15:23:44 --> Encrypt Class Initialized
INFO - 2020-05-04 15:23:44 --> Encrypt Class Initialized
INFO - 2020-05-04 15:23:44 --> Controller Class Initialized
INFO - 2020-05-04 15:23:45 --> Model "Menu_model" initialized
INFO - 2020-05-04 15:23:45 --> Language file loaded: language/english/form_validation_lang.php
INFO - 2020-05-04 15:23:45 --> Config Class Initialized
INFO - 2020-05-04 15:23:45 --> Hooks Class Initialized
DEBUG - 2020-05-04 15:23:45 --> UTF-8 Support Enabled
INFO - 2020-05-04 15:23:45 --> Utf8 Class Initialized
INFO - 2020-05-04 15:23:45 --> URI Class Initialized
INFO - 2020-05-04 15:23:45 --> Router Class Initialized
INFO - 2020-05-04 15:23:45 --> Output Class Initialized
INFO - 2020-05-04 15:23:45 --> Security Class Initialized
DEBUG - 2020-05-04 15:23:45 --> Global POST, GET and COOKIE data sanitized
INFO - 2020-05-04 15:23:45 --> Input Class Initialized
INFO - 2020-05-04 15:23:45 --> Language Class Initialized
INFO - 2020-05-04 15:23:45 --> Loader Class Initialized
INFO - 2020-05-04 15:23:45 --> Helper loaded: url_helper
INFO - 2020-05-04 15:23:45 --> Helper loaded: file_helper
INFO - 2020-05-04 15:23:45 --> Helper loaded: cingru_helper
INFO - 2020-05-04 15:23:45 --> Database Driver Class Initialized
DEBUG - 2020-05-04 15:23:45 --> Session: "sess_save_path" is empty; using "session.save_path" value from php.ini.
INFO - 2020-05-04 15:23:45 --> Session: Class initialized using 'files' driver.
INFO - 2020-05-04 15:23:45 --> Email Class Initialized
INFO - 2020-05-04 15:23:45 --> Helper loaded: form_helper
INFO - 2020-05-04 15:23:45 --> Form Validation Class Initialized
INFO - 2020-05-04 15:23:45 --> Encrypt Class Initialized
INFO - 2020-05-04 15:23:45 --> Encrypt Class Initialized
INFO - 2020-05-04 15:23:45 --> Controller Class Initialized
INFO - 2020-05-04 15:23:45 --> Model "Menu_model" initialized
INFO - 2020-05-04 15:23:45 --> File loaded: C:\xampp\htdocs\ajp\application\views\layout/header.php
INFO - 2020-05-04 15:23:45 --> File loaded: C:\xampp\htdocs\ajp\application\views\administrator/submenu.php
INFO - 2020-05-04 15:23:45 --> File loaded: C:\xampp\htdocs\ajp\application\views\layout/footer.php
INFO - 2020-05-04 15:23:45 --> File loaded: C:\xampp\htdocs\ajp\application\views\layout/template.php
INFO - 2020-05-04 15:23:45 --> Final output sent to browser
DEBUG - 2020-05-04 15:23:45 --> Total execution time: 0.4162
INFO - 2020-05-04 15:26:18 --> Config Class Initialized
INFO - 2020-05-04 15:26:18 --> Hooks Class Initialized
DEBUG - 2020-05-04 15:26:18 --> UTF-8 Support Enabled
INFO - 2020-05-04 15:26:18 --> Utf8 Class Initialized
INFO - 2020-05-04 15:26:18 --> URI Class Initialized
INFO - 2020-05-04 15:26:18 --> Router Class Initialized
INFO - 2020-05-04 15:26:18 --> Output Class Initialized
INFO - 2020-05-04 15:26:18 --> Security Class Initialized
DEBUG - 2020-05-04 15:26:18 --> Global POST, GET and COOKIE data sanitized
INFO - 2020-05-04 15:26:18 --> Input Class Initialized
INFO - 2020-05-04 15:26:18 --> Language Class Initialized
INFO - 2020-05-04 15:26:18 --> Loader Class Initialized
INFO - 2020-05-04 15:26:18 --> Helper loaded: url_helper
INFO - 2020-05-04 15:26:18 --> Helper loaded: file_helper
INFO - 2020-05-04 15:26:18 --> Helper loaded: cingru_helper
INFO - 2020-05-04 15:26:18 --> Database Driver Class Initialized
DEBUG - 2020-05-04 15:26:18 --> Session: "sess_save_path" is empty; using "session.save_path" value from php.ini.
INFO - 2020-05-04 15:26:18 --> Session: Class initialized using 'files' driver.
INFO - 2020-05-04 15:26:18 --> Email Class Initialized
INFO - 2020-05-04 15:26:18 --> Helper loaded: form_helper
INFO - 2020-05-04 15:26:18 --> Form Validation Class Initialized
INFO - 2020-05-04 15:26:19 --> Encrypt Class Initialized
INFO - 2020-05-04 15:26:19 --> Encrypt Class Initialized
INFO - 2020-05-04 15:26:19 --> Controller Class Initialized
INFO - 2020-05-04 15:26:19 --> Model "Menu_model" initialized
INFO - 2020-05-04 15:26:19 --> File loaded: C:\xampp\htdocs\ajp\application\views\layout/header.php
INFO - 2020-05-04 15:26:19 --> File loaded: C:\xampp\htdocs\ajp\application\views\administrator/role.php
INFO - 2020-05-04 15:26:19 --> File loaded: C:\xampp\htdocs\ajp\application\views\layout/footer.php
INFO - 2020-05-04 15:26:19 --> File loaded: C:\xampp\htdocs\ajp\application\views\layout/template.php
INFO - 2020-05-04 15:26:19 --> Final output sent to browser
DEBUG - 2020-05-04 15:26:19 --> Total execution time: 0.3946
INFO - 2020-05-04 15:26:21 --> Config Class Initialized
INFO - 2020-05-04 15:26:21 --> Hooks Class Initialized
DEBUG - 2020-05-04 15:26:21 --> UTF-8 Support Enabled
INFO - 2020-05-04 15:26:21 --> Utf8 Class Initialized
INFO - 2020-05-04 15:26:21 --> URI Class Initialized
INFO - 2020-05-04 15:26:21 --> Router Class Initialized
INFO - 2020-05-04 15:26:21 --> Output Class Initialized
INFO - 2020-05-04 15:26:21 --> Security Class Initialized
DEBUG - 2020-05-04 15:26:21 --> Global POST, GET and COOKIE data sanitized
INFO - 2020-05-04 15:26:21 --> Input Class Initialized
INFO - 2020-05-04 15:26:21 --> Language Class Initialized
INFO - 2020-05-04 15:26:21 --> Loader Class Initialized
INFO - 2020-05-04 15:26:21 --> Helper loaded: url_helper
INFO - 2020-05-04 15:26:21 --> Helper loaded: file_helper
INFO - 2020-05-04 15:26:21 --> Helper loaded: cingru_helper
INFO - 2020-05-04 15:26:21 --> Database Driver Class Initialized
DEBUG - 2020-05-04 15:26:21 --> Session: "sess_save_path" is empty; using "session.save_path" value from php.ini.
INFO - 2020-05-04 15:26:21 --> Session: Class initialized using 'files' driver.
INFO - 2020-05-04 15:26:21 --> Email Class Initialized
INFO - 2020-05-04 15:26:21 --> Helper loaded: form_helper
INFO - 2020-05-04 15:26:21 --> Form Validation Class Initialized
INFO - 2020-05-04 15:26:21 --> Encrypt Class Initialized
INFO - 2020-05-04 15:26:21 --> Encrypt Class Initialized
INFO - 2020-05-04 15:26:21 --> Controller Class Initialized
INFO - 2020-05-04 15:26:21 --> Model "Menu_model" initialized
INFO - 2020-05-04 15:26:21 --> File loaded: C:\xampp\htdocs\ajp\application\views\layout/header.php
INFO - 2020-05-04 15:26:21 --> File loaded: C:\xampp\htdocs\ajp\application\views\administrator/roleaccess.php
INFO - 2020-05-04 15:26:21 --> File loaded: C:\xampp\htdocs\ajp\application\views\layout/footer.php
INFO - 2020-05-04 15:26:21 --> File loaded: C:\xampp\htdocs\ajp\application\views\layout/template.php
INFO - 2020-05-04 15:26:21 --> Final output sent to browser
DEBUG - 2020-05-04 15:26:21 --> Total execution time: 0.3757
INFO - 2020-05-04 15:26:21 --> Config Class Initialized
INFO - 2020-05-04 15:26:21 --> Hooks Class Initialized
DEBUG - 2020-05-04 15:26:21 --> UTF-8 Support Enabled
INFO - 2020-05-04 15:26:21 --> Utf8 Class Initialized
INFO - 2020-05-04 15:26:21 --> URI Class Initialized
INFO - 2020-05-04 15:26:21 --> Router Class Initialized
INFO - 2020-05-04 15:26:21 --> Output Class Initialized
INFO - 2020-05-04 15:26:21 --> Security Class Initialized
DEBUG - 2020-05-04 15:26:21 --> Global POST, GET and COOKIE data sanitized
INFO - 2020-05-04 15:26:21 --> Input Class Initialized
INFO - 2020-05-04 15:26:21 --> Language Class Initialized
INFO - 2020-05-04 15:26:21 --> Loader Class Initialized
INFO - 2020-05-04 15:26:21 --> Helper loaded: url_helper
INFO - 2020-05-04 15:26:21 --> Helper loaded: file_helper
INFO - 2020-05-04 15:26:21 --> Helper loaded: cingru_helper
INFO - 2020-05-04 15:26:21 --> Database Driver Class Initialized
DEBUG - 2020-05-04 15:26:22 --> Session: "sess_save_path" is empty; using "session.save_path" value from php.ini.
INFO - 2020-05-04 15:26:22 --> Session: Class initialized using 'files' driver.
INFO - 2020-05-04 15:26:22 --> Email Class Initialized
INFO - 2020-05-04 15:26:22 --> Helper loaded: form_helper
INFO - 2020-05-04 15:26:22 --> Form Validation Class Initialized
INFO - 2020-05-04 15:26:22 --> Encrypt Class Initialized
INFO - 2020-05-04 15:26:22 --> Encrypt Class Initialized
INFO - 2020-05-04 15:26:22 --> Controller Class Initialized
INFO - 2020-05-04 15:26:22 --> Model "Menu_model" initialized
INFO - 2020-05-04 15:26:22 --> File loaded: C:\xampp\htdocs\ajp\application\views\layout/header.php
INFO - 2020-05-04 15:26:22 --> File loaded: C:\xampp\htdocs\ajp\application\views\administrator/roleaccess.php
INFO - 2020-05-04 15:26:22 --> File loaded: C:\xampp\htdocs\ajp\application\views\layout/footer.php
INFO - 2020-05-04 15:26:22 --> File loaded: C:\xampp\htdocs\ajp\application\views\layout/template.php
INFO - 2020-05-04 15:26:22 --> Final output sent to browser
DEBUG - 2020-05-04 15:26:22 --> Total execution time: 0.3935
INFO - 2020-05-04 15:26:26 --> Config Class Initialized
INFO - 2020-05-04 15:26:26 --> Hooks Class Initialized
DEBUG - 2020-05-04 15:26:26 --> UTF-8 Support Enabled
INFO - 2020-05-04 15:26:26 --> Utf8 Class Initialized
INFO - 2020-05-04 15:26:26 --> URI Class Initialized
INFO - 2020-05-04 15:26:26 --> Router Class Initialized
INFO - 2020-05-04 15:26:26 --> Output Class Initialized
INFO - 2020-05-04 15:26:26 --> Security Class Initialized
DEBUG - 2020-05-04 15:26:26 --> Global POST, GET and COOKIE data sanitized
INFO - 2020-05-04 15:26:26 --> Input Class Initialized
INFO - 2020-05-04 15:26:26 --> Language Class Initialized
INFO - 2020-05-04 15:26:26 --> Loader Class Initialized
INFO - 2020-05-04 15:26:26 --> Helper loaded: url_helper
INFO - 2020-05-04 15:26:26 --> Helper loaded: file_helper
INFO - 2020-05-04 15:26:26 --> Helper loaded: cingru_helper
INFO - 2020-05-04 15:26:26 --> Database Driver Class Initialized
DEBUG - 2020-05-04 15:26:26 --> Session: "sess_save_path" is empty; using "session.save_path" value from php.ini.
INFO - 2020-05-04 15:26:26 --> Session: Class initialized using 'files' driver.
INFO - 2020-05-04 15:26:26 --> Email Class Initialized
INFO - 2020-05-04 15:26:26 --> Helper loaded: form_helper
INFO - 2020-05-04 15:26:26 --> Form Validation Class Initialized
INFO - 2020-05-04 15:26:26 --> Encrypt Class Initialized
INFO - 2020-05-04 15:26:26 --> Encrypt Class Initialized
INFO - 2020-05-04 15:26:26 --> Controller Class Initialized
INFO - 2020-05-04 15:26:26 --> Model "Menu_model" initialized
INFO - 2020-05-04 15:26:26 --> Final output sent to browser
DEBUG - 2020-05-04 15:26:26 --> Total execution time: 0.3901
INFO - 2020-05-04 15:26:26 --> Config Class Initialized
INFO - 2020-05-04 15:26:26 --> Hooks Class Initialized
DEBUG - 2020-05-04 15:26:26 --> UTF-8 Support Enabled
INFO - 2020-05-04 15:26:26 --> Utf8 Class Initialized
INFO - 2020-05-04 15:26:26 --> URI Class Initialized
INFO - 2020-05-04 15:26:26 --> Router Class Initialized
INFO - 2020-05-04 15:26:26 --> Output Class Initialized
INFO - 2020-05-04 15:26:26 --> Security Class Initialized
DEBUG - 2020-05-04 15:26:26 --> Global POST, GET and COOKIE data sanitized
INFO - 2020-05-04 15:26:26 --> Input Class Initialized
INFO - 2020-05-04 15:26:26 --> Language Class Initialized
INFO - 2020-05-04 15:26:26 --> Loader Class Initialized
INFO - 2020-05-04 15:26:26 --> Helper loaded: url_helper
INFO - 2020-05-04 15:26:26 --> Helper loaded: file_helper
INFO - 2020-05-04 15:26:26 --> Helper loaded: cingru_helper
INFO - 2020-05-04 15:26:26 --> Database Driver Class Initialized
DEBUG - 2020-05-04 15:26:26 --> Session: "sess_save_path" is empty; using "session.save_path" value from php.ini.
INFO - 2020-05-04 15:26:26 --> Session: Class initialized using 'files' driver.
INFO - 2020-05-04 15:26:26 --> Email Class Initialized
INFO - 2020-05-04 15:26:26 --> Helper loaded: form_helper
INFO - 2020-05-04 15:26:26 --> Form Validation Class Initialized
INFO - 2020-05-04 15:26:26 --> Encrypt Class Initialized
INFO - 2020-05-04 15:26:26 --> Encrypt Class Initialized
INFO - 2020-05-04 15:26:26 --> Controller Class Initialized
INFO - 2020-05-04 15:26:26 --> Model "Menu_model" initialized
INFO - 2020-05-04 15:26:26 --> File loaded: C:\xampp\htdocs\ajp\application\views\layout/header.php
INFO - 2020-05-04 15:26:26 --> File loaded: C:\xampp\htdocs\ajp\application\views\administrator/roleaccess.php
INFO - 2020-05-04 15:26:26 --> File loaded: C:\xampp\htdocs\ajp\application\views\layout/footer.php
INFO - 2020-05-04 15:26:26 --> File loaded: C:\xampp\htdocs\ajp\application\views\layout/template.php
INFO - 2020-05-04 15:26:26 --> Final output sent to browser
DEBUG - 2020-05-04 15:26:26 --> Total execution time: 0.3873
INFO - 2020-05-04 15:26:27 --> Config Class Initialized
INFO - 2020-05-04 15:26:27 --> Hooks Class Initialized
DEBUG - 2020-05-04 15:26:27 --> UTF-8 Support Enabled
INFO - 2020-05-04 15:26:27 --> Utf8 Class Initialized
INFO - 2020-05-04 15:26:27 --> URI Class Initialized
INFO - 2020-05-04 15:26:27 --> Router Class Initialized
INFO - 2020-05-04 15:26:27 --> Output Class Initialized
INFO - 2020-05-04 15:26:27 --> Security Class Initialized
DEBUG - 2020-05-04 15:26:27 --> Global POST, GET and COOKIE data sanitized
INFO - 2020-05-04 15:26:27 --> Input Class Initialized
INFO - 2020-05-04 15:26:27 --> Language Class Initialized
INFO - 2020-05-04 15:26:27 --> Loader Class Initialized
INFO - 2020-05-04 15:26:27 --> Helper loaded: url_helper
INFO - 2020-05-04 15:26:27 --> Helper loaded: file_helper
INFO - 2020-05-04 15:26:27 --> Helper loaded: cingru_helper
INFO - 2020-05-04 15:26:27 --> Database Driver Class Initialized
DEBUG - 2020-05-04 15:26:27 --> Session: "sess_save_path" is empty; using "session.save_path" value from php.ini.
INFO - 2020-05-04 15:26:27 --> Session: Class initialized using 'files' driver.
INFO - 2020-05-04 15:26:27 --> Email Class Initialized
INFO - 2020-05-04 15:26:27 --> Helper loaded: form_helper
INFO - 2020-05-04 15:26:27 --> Form Validation Class Initialized
INFO - 2020-05-04 15:26:27 --> Encrypt Class Initialized
INFO - 2020-05-04 15:26:27 --> Encrypt Class Initialized
INFO - 2020-05-04 15:26:27 --> Controller Class Initialized
INFO - 2020-05-04 15:26:27 --> Model "Menu_model" initialized
INFO - 2020-05-04 15:26:27 --> File loaded: C:\xampp\htdocs\ajp\application\views\layout/header.php
INFO - 2020-05-04 15:26:27 --> File loaded: C:\xampp\htdocs\ajp\application\views\administrator/roleaccess.php
INFO - 2020-05-04 15:26:27 --> File loaded: C:\xampp\htdocs\ajp\application\views\layout/footer.php
INFO - 2020-05-04 15:26:27 --> File loaded: C:\xampp\htdocs\ajp\application\views\layout/template.php
INFO - 2020-05-04 15:26:27 --> Final output sent to browser
DEBUG - 2020-05-04 15:26:27 --> Total execution time: 0.4500
INFO - 2020-05-04 15:26:32 --> Config Class Initialized
INFO - 2020-05-04 15:26:32 --> Hooks Class Initialized
DEBUG - 2020-05-04 15:26:32 --> UTF-8 Support Enabled
INFO - 2020-05-04 15:26:32 --> Utf8 Class Initialized
INFO - 2020-05-04 15:26:32 --> URI Class Initialized
INFO - 2020-05-04 15:26:32 --> Router Class Initialized
INFO - 2020-05-04 15:26:32 --> Output Class Initialized
INFO - 2020-05-04 15:26:32 --> Security Class Initialized
DEBUG - 2020-05-04 15:26:32 --> Global POST, GET and COOKIE data sanitized
INFO - 2020-05-04 15:26:32 --> Input Class Initialized
INFO - 2020-05-04 15:26:32 --> Language Class Initialized
INFO - 2020-05-04 15:26:32 --> Loader Class Initialized
INFO - 2020-05-04 15:26:32 --> Helper loaded: url_helper
INFO - 2020-05-04 15:26:32 --> Helper loaded: file_helper
INFO - 2020-05-04 15:26:32 --> Helper loaded: cingru_helper
INFO - 2020-05-04 15:26:32 --> Database Driver Class Initialized
DEBUG - 2020-05-04 15:26:32 --> Session: "sess_save_path" is empty; using "session.save_path" value from php.ini.
INFO - 2020-05-04 15:26:32 --> Session: Class initialized using 'files' driver.
INFO - 2020-05-04 15:26:32 --> Email Class Initialized
INFO - 2020-05-04 15:26:32 --> Helper loaded: form_helper
INFO - 2020-05-04 15:26:32 --> Form Validation Class Initialized
INFO - 2020-05-04 15:26:32 --> Encrypt Class Initialized
INFO - 2020-05-04 15:26:32 --> Encrypt Class Initialized
INFO - 2020-05-04 15:26:32 --> Controller Class Initialized
INFO - 2020-05-04 15:26:32 --> Model "Material_category_model" initialized
INFO - 2020-05-04 15:26:32 --> File loaded: C:\xampp\htdocs\ajp\application\views\layout/header.php
INFO - 2020-05-04 15:26:32 --> File loaded: C:\xampp\htdocs\ajp\application\views\master/material_category.php
INFO - 2020-05-04 15:26:32 --> File loaded: C:\xampp\htdocs\ajp\application\views\layout/footer.php
INFO - 2020-05-04 15:26:32 --> File loaded: C:\xampp\htdocs\ajp\application\views\layout/template.php
INFO - 2020-05-04 15:26:32 --> Final output sent to browser
DEBUG - 2020-05-04 15:26:32 --> Total execution time: 0.3185
INFO - 2020-05-04 15:26:32 --> Config Class Initialized
INFO - 2020-05-04 15:26:32 --> Hooks Class Initialized
DEBUG - 2020-05-04 15:26:32 --> UTF-8 Support Enabled
INFO - 2020-05-04 15:26:32 --> Utf8 Class Initialized
INFO - 2020-05-04 15:26:32 --> URI Class Initialized
INFO - 2020-05-04 15:26:32 --> Config Class Initialized
INFO - 2020-05-04 15:26:32 --> Hooks Class Initialized
INFO - 2020-05-04 15:26:32 --> Router Class Initialized
INFO - 2020-05-04 15:26:32 --> Output Class Initialized
DEBUG - 2020-05-04 15:26:32 --> UTF-8 Support Enabled
INFO - 2020-05-04 15:26:32 --> Security Class Initialized
INFO - 2020-05-04 15:26:32 --> Utf8 Class Initialized
INFO - 2020-05-04 15:26:32 --> URI Class Initialized
DEBUG - 2020-05-04 15:26:32 --> Global POST, GET and COOKIE data sanitized
INFO - 2020-05-04 15:26:32 --> Input Class Initialized
INFO - 2020-05-04 15:26:32 --> Router Class Initialized
INFO - 2020-05-04 15:26:32 --> Language Class Initialized
INFO - 2020-05-04 15:26:32 --> Output Class Initialized
INFO - 2020-05-04 15:26:32 --> Security Class Initialized
INFO - 2020-05-04 15:26:32 --> Loader Class Initialized
DEBUG - 2020-05-04 15:26:32 --> Global POST, GET and COOKIE data sanitized
INFO - 2020-05-04 15:26:32 --> Helper loaded: url_helper
INFO - 2020-05-04 15:26:32 --> Input Class Initialized
INFO - 2020-05-04 15:26:32 --> Helper loaded: file_helper
INFO - 2020-05-04 15:26:32 --> Language Class Initialized
INFO - 2020-05-04 15:26:32 --> Helper loaded: cingru_helper
INFO - 2020-05-04 15:26:32 --> Loader Class Initialized
INFO - 2020-05-04 15:26:32 --> Database Driver Class Initialized
INFO - 2020-05-04 15:26:32 --> Helper loaded: url_helper
DEBUG - 2020-05-04 15:26:32 --> Session: "sess_save_path" is empty; using "session.save_path" value from php.ini.
INFO - 2020-05-04 15:26:32 --> Helper loaded: file_helper
INFO - 2020-05-04 15:26:32 --> Session: Class initialized using 'files' driver.
INFO - 2020-05-04 15:26:32 --> Helper loaded: cingru_helper
INFO - 2020-05-04 15:26:33 --> Email Class Initialized
INFO - 2020-05-04 15:26:33 --> Helper loaded: form_helper
INFO - 2020-05-04 15:26:33 --> Database Driver Class Initialized
INFO - 2020-05-04 15:26:33 --> Form Validation Class Initialized
DEBUG - 2020-05-04 15:26:33 --> Session: "sess_save_path" is empty; using "session.save_path" value from php.ini.
INFO - 2020-05-04 15:26:33 --> Encrypt Class Initialized
INFO - 2020-05-04 15:26:33 --> Encrypt Class Initialized
INFO - 2020-05-04 15:26:33 --> Controller Class Initialized
INFO - 2020-05-04 15:26:33 --> Model "Material_category_model" initialized
INFO - 2020-05-04 15:26:33 --> Final output sent to browser
DEBUG - 2020-05-04 15:26:33 --> Total execution time: 0.3899
INFO - 2020-05-04 15:26:33 --> Session: Class initialized using 'files' driver.
INFO - 2020-05-04 15:26:33 --> Email Class Initialized
INFO - 2020-05-04 15:26:33 --> Helper loaded: form_helper
INFO - 2020-05-04 15:26:33 --> Form Validation Class Initialized
INFO - 2020-05-04 15:26:33 --> Encrypt Class Initialized
INFO - 2020-05-04 15:26:33 --> Encrypt Class Initialized
INFO - 2020-05-04 15:26:33 --> Controller Class Initialized
INFO - 2020-05-04 15:26:33 --> Model "Material_category_model" initialized
INFO - 2020-05-04 15:26:33 --> Final output sent to browser
DEBUG - 2020-05-04 15:26:33 --> Total execution time: 0.4212
INFO - 2020-05-04 15:26:38 --> Config Class Initialized
INFO - 2020-05-04 15:26:38 --> Hooks Class Initialized
DEBUG - 2020-05-04 15:26:38 --> UTF-8 Support Enabled
INFO - 2020-05-04 15:26:38 --> Utf8 Class Initialized
INFO - 2020-05-04 15:26:38 --> URI Class Initialized
INFO - 2020-05-04 15:26:38 --> Router Class Initialized
INFO - 2020-05-04 15:26:38 --> Output Class Initialized
INFO - 2020-05-04 15:26:38 --> Security Class Initialized
DEBUG - 2020-05-04 15:26:38 --> Global POST, GET and COOKIE data sanitized
INFO - 2020-05-04 15:26:38 --> Input Class Initialized
INFO - 2020-05-04 15:26:38 --> Language Class Initialized
INFO - 2020-05-04 15:26:38 --> Loader Class Initialized
INFO - 2020-05-04 15:26:38 --> Helper loaded: url_helper
INFO - 2020-05-04 15:26:38 --> Helper loaded: file_helper
INFO - 2020-05-04 15:26:38 --> Helper loaded: cingru_helper
INFO - 2020-05-04 15:26:38 --> Database Driver Class Initialized
DEBUG - 2020-05-04 15:26:38 --> Session: "sess_save_path" is empty; using "session.save_path" value from php.ini.
INFO - 2020-05-04 15:26:38 --> Session: Class initialized using 'files' driver.
INFO - 2020-05-04 15:26:38 --> Email Class Initialized
INFO - 2020-05-04 15:26:38 --> Helper loaded: form_helper
INFO - 2020-05-04 15:26:39 --> Form Validation Class Initialized
INFO - 2020-05-04 15:26:39 --> Encrypt Class Initialized
INFO - 2020-05-04 15:26:39 --> Encrypt Class Initialized
INFO - 2020-05-04 15:26:39 --> Controller Class Initialized
INFO - 2020-05-04 15:26:39 --> File loaded: C:\xampp\htdocs\ajp\application\views\layout/header.php
INFO - 2020-05-04 15:27:03 --> Config Class Initialized
INFO - 2020-05-04 15:27:03 --> Hooks Class Initialized
DEBUG - 2020-05-04 15:27:03 --> UTF-8 Support Enabled
INFO - 2020-05-04 15:27:03 --> Utf8 Class Initialized
INFO - 2020-05-04 15:27:03 --> URI Class Initialized
INFO - 2020-05-04 15:27:03 --> Router Class Initialized
INFO - 2020-05-04 15:27:03 --> Output Class Initialized
INFO - 2020-05-04 15:27:03 --> Security Class Initialized
DEBUG - 2020-05-04 15:27:03 --> Global POST, GET and COOKIE data sanitized
INFO - 2020-05-04 15:27:03 --> Input Class Initialized
INFO - 2020-05-04 15:27:03 --> Language Class Initialized
INFO - 2020-05-04 15:27:03 --> Loader Class Initialized
INFO - 2020-05-04 15:27:03 --> Helper loaded: url_helper
INFO - 2020-05-04 15:27:03 --> Helper loaded: file_helper
INFO - 2020-05-04 15:27:03 --> Helper loaded: cingru_helper
INFO - 2020-05-04 15:27:03 --> Database Driver Class Initialized
DEBUG - 2020-05-04 15:27:03 --> Session: "sess_save_path" is empty; using "session.save_path" value from php.ini.
INFO - 2020-05-04 15:27:03 --> Session: Class initialized using 'files' driver.
INFO - 2020-05-04 15:27:03 --> Email Class Initialized
INFO - 2020-05-04 15:27:03 --> Helper loaded: form_helper
INFO - 2020-05-04 15:27:03 --> Form Validation Class Initialized
INFO - 2020-05-04 15:27:03 --> Encrypt Class Initialized
INFO - 2020-05-04 15:27:03 --> Encrypt Class Initialized
INFO - 2020-05-04 15:27:03 --> Controller Class Initialized
INFO - 2020-05-04 15:27:03 --> File loaded: C:\xampp\htdocs\ajp\application\views\layout/header.php
INFO - 2020-05-04 15:27:49 --> Config Class Initialized
INFO - 2020-05-04 15:27:49 --> Hooks Class Initialized
DEBUG - 2020-05-04 15:27:49 --> UTF-8 Support Enabled
INFO - 2020-05-04 15:27:49 --> Utf8 Class Initialized
INFO - 2020-05-04 15:27:49 --> URI Class Initialized
INFO - 2020-05-04 15:27:49 --> Router Class Initialized
INFO - 2020-05-04 15:27:49 --> Output Class Initialized
INFO - 2020-05-04 15:27:49 --> Security Class Initialized
DEBUG - 2020-05-04 15:27:49 --> Global POST, GET and COOKIE data sanitized
INFO - 2020-05-04 15:27:49 --> Input Class Initialized
INFO - 2020-05-04 15:27:49 --> Language Class Initialized
INFO - 2020-05-04 15:27:49 --> Loader Class Initialized
INFO - 2020-05-04 15:27:49 --> Helper loaded: url_helper
INFO - 2020-05-04 15:27:49 --> Helper loaded: file_helper
INFO - 2020-05-04 15:27:49 --> Helper loaded: cingru_helper
INFO - 2020-05-04 15:27:49 --> Database Driver Class Initialized
DEBUG - 2020-05-04 15:27:49 --> Session: "sess_save_path" is empty; using "session.save_path" value from php.ini.
INFO - 2020-05-04 15:27:49 --> Session: Class initialized using 'files' driver.
INFO - 2020-05-04 15:27:49 --> Email Class Initialized
INFO - 2020-05-04 15:27:49 --> Helper loaded: form_helper
INFO - 2020-05-04 15:27:49 --> Form Validation Class Initialized
INFO - 2020-05-04 15:27:49 --> Encrypt Class Initialized
INFO - 2020-05-04 15:27:49 --> Encrypt Class Initialized
INFO - 2020-05-04 15:27:49 --> Controller Class Initialized
INFO - 2020-05-04 15:27:49 --> File loaded: C:\xampp\htdocs\ajp\application\views\layout/header.php
INFO - 2020-05-04 15:27:49 --> File loaded: C:\xampp\htdocs\ajp\application\views\master/material_group.php
INFO - 2020-05-04 15:27:49 --> File loaded: C:\xampp\htdocs\ajp\application\views\layout/footer.php
INFO - 2020-05-04 15:27:49 --> File loaded: C:\xampp\htdocs\ajp\application\views\layout/template.php
INFO - 2020-05-04 15:27:49 --> Final output sent to browser
DEBUG - 2020-05-04 15:27:49 --> Total execution time: 0.5045
INFO - 2020-05-04 15:27:50 --> Config Class Initialized
INFO - 2020-05-04 15:27:50 --> Hooks Class Initialized
DEBUG - 2020-05-04 15:27:50 --> UTF-8 Support Enabled
INFO - 2020-05-04 15:27:50 --> Utf8 Class Initialized
INFO - 2020-05-04 15:27:50 --> URI Class Initialized
INFO - 2020-05-04 15:27:50 --> Router Class Initialized
INFO - 2020-05-04 15:27:50 --> Output Class Initialized
INFO - 2020-05-04 15:27:50 --> Security Class Initialized
DEBUG - 2020-05-04 15:27:50 --> Global POST, GET and COOKIE data sanitized
INFO - 2020-05-04 15:27:50 --> Input Class Initialized
INFO - 2020-05-04 15:27:50 --> Language Class Initialized
INFO - 2020-05-04 15:27:50 --> Loader Class Initialized
INFO - 2020-05-04 15:27:50 --> Helper loaded: url_helper
INFO - 2020-05-04 15:27:50 --> Helper loaded: file_helper
INFO - 2020-05-04 15:27:50 --> Helper loaded: cingru_helper
INFO - 2020-05-04 15:27:50 --> Database Driver Class Initialized
DEBUG - 2020-05-04 15:27:50 --> Session: "sess_save_path" is empty; using "session.save_path" value from php.ini.
INFO - 2020-05-04 15:27:50 --> Session: Class initialized using 'files' driver.
INFO - 2020-05-04 15:27:50 --> Email Class Initialized
INFO - 2020-05-04 15:27:50 --> Helper loaded: form_helper
INFO - 2020-05-04 15:27:50 --> Form Validation Class Initialized
INFO - 2020-05-04 15:27:50 --> Encrypt Class Initialized
INFO - 2020-05-04 15:27:50 --> Encrypt Class Initialized
INFO - 2020-05-04 15:27:50 --> Controller Class Initialized
INFO - 2020-05-04 15:27:50 --> Model "Material_category_model" initialized
INFO - 2020-05-04 15:27:50 --> Final output sent to browser
DEBUG - 2020-05-04 15:27:50 --> Total execution time: 0.4098
INFO - 2020-05-04 15:49:33 --> Config Class Initialized
INFO - 2020-05-04 15:49:33 --> Hooks Class Initialized
DEBUG - 2020-05-04 15:49:33 --> UTF-8 Support Enabled
INFO - 2020-05-04 15:49:33 --> Utf8 Class Initialized
INFO - 2020-05-04 15:49:33 --> URI Class Initialized
INFO - 2020-05-04 15:49:33 --> Router Class Initialized
INFO - 2020-05-04 15:49:33 --> Output Class Initialized
INFO - 2020-05-04 15:49:33 --> Security Class Initialized
DEBUG - 2020-05-04 15:49:33 --> Global POST, GET and COOKIE data sanitized
INFO - 2020-05-04 15:49:33 --> Input Class Initialized
INFO - 2020-05-04 15:49:33 --> Language Class Initialized
INFO - 2020-05-04 15:49:33 --> Loader Class Initialized
INFO - 2020-05-04 15:49:33 --> Helper loaded: url_helper
INFO - 2020-05-04 15:49:33 --> Helper loaded: file_helper
INFO - 2020-05-04 15:49:33 --> Helper loaded: cingru_helper
INFO - 2020-05-04 15:49:33 --> Database Driver Class Initialized
DEBUG - 2020-05-04 15:49:33 --> Session: "sess_save_path" is empty; using "session.save_path" value from php.ini.
INFO - 2020-05-04 15:49:33 --> Session: Class initialized using 'files' driver.
INFO - 2020-05-04 15:49:33 --> Email Class Initialized
INFO - 2020-05-04 15:49:33 --> Helper loaded: form_helper
INFO - 2020-05-04 15:49:33 --> Form Validation Class Initialized
INFO - 2020-05-04 15:49:33 --> Encrypt Class Initialized
INFO - 2020-05-04 15:49:33 --> Encrypt Class Initialized
INFO - 2020-05-04 15:49:33 --> Controller Class Initialized
INFO - 2020-05-04 15:49:33 --> File loaded: C:\xampp\htdocs\ajp\application\views\layout/header.php
INFO - 2020-05-04 15:49:33 --> File loaded: C:\xampp\htdocs\ajp\application\views\master/material_group.php
INFO - 2020-05-04 15:49:33 --> File loaded: C:\xampp\htdocs\ajp\application\views\layout/footer.php
INFO - 2020-05-04 15:49:33 --> File loaded: C:\xampp\htdocs\ajp\application\views\layout/template.php
INFO - 2020-05-04 15:49:33 --> Final output sent to browser
DEBUG - 2020-05-04 15:49:33 --> Total execution time: 0.2799
INFO - 2020-05-04 15:49:33 --> Config Class Initialized
INFO - 2020-05-04 15:49:33 --> Hooks Class Initialized
DEBUG - 2020-05-04 15:49:33 --> UTF-8 Support Enabled
INFO - 2020-05-04 15:49:33 --> Utf8 Class Initialized
INFO - 2020-05-04 15:49:33 --> URI Class Initialized
INFO - 2020-05-04 15:49:33 --> Router Class Initialized
INFO - 2020-05-04 15:49:33 --> Output Class Initialized
INFO - 2020-05-04 15:49:33 --> Security Class Initialized
DEBUG - 2020-05-04 15:49:33 --> Global POST, GET and COOKIE data sanitized
INFO - 2020-05-04 15:49:33 --> Input Class Initialized
INFO - 2020-05-04 15:49:33 --> Language Class Initialized
INFO - 2020-05-04 15:49:33 --> Loader Class Initialized
INFO - 2020-05-04 15:49:33 --> Helper loaded: url_helper
INFO - 2020-05-04 15:49:33 --> Helper loaded: file_helper
INFO - 2020-05-04 15:49:33 --> Helper loaded: cingru_helper
INFO - 2020-05-04 15:49:33 --> Database Driver Class Initialized
DEBUG - 2020-05-04 15:49:34 --> Session: "sess_save_path" is empty; using "session.save_path" value from php.ini.
INFO - 2020-05-04 15:49:34 --> Session: Class initialized using 'files' driver.
INFO - 2020-05-04 15:49:34 --> Email Class Initialized
INFO - 2020-05-04 15:49:34 --> Helper loaded: form_helper
INFO - 2020-05-04 15:49:34 --> Form Validation Class Initialized
INFO - 2020-05-04 15:49:34 --> Encrypt Class Initialized
INFO - 2020-05-04 15:49:34 --> Encrypt Class Initialized
INFO - 2020-05-04 15:49:34 --> Controller Class Initialized
INFO - 2020-05-04 15:49:34 --> Model "Material_category_model" initialized
INFO - 2020-05-04 15:49:34 --> Final output sent to browser
DEBUG - 2020-05-04 15:49:34 --> Total execution time: 0.2932
INFO - 2020-05-04 15:49:50 --> Config Class Initialized
INFO - 2020-05-04 15:49:50 --> Hooks Class Initialized
DEBUG - 2020-05-04 15:49:50 --> UTF-8 Support Enabled
INFO - 2020-05-04 15:49:50 --> Utf8 Class Initialized
INFO - 2020-05-04 15:49:50 --> URI Class Initialized
INFO - 2020-05-04 15:49:50 --> Router Class Initialized
INFO - 2020-05-04 15:49:50 --> Output Class Initialized
INFO - 2020-05-04 15:49:50 --> Security Class Initialized
DEBUG - 2020-05-04 15:49:50 --> Global POST, GET and COOKIE data sanitized
INFO - 2020-05-04 15:49:50 --> Input Class Initialized
INFO - 2020-05-04 15:49:50 --> Language Class Initialized
INFO - 2020-05-04 15:49:50 --> Loader Class Initialized
INFO - 2020-05-04 15:49:51 --> Helper loaded: url_helper
INFO - 2020-05-04 15:49:51 --> Helper loaded: file_helper
INFO - 2020-05-04 15:49:51 --> Helper loaded: cingru_helper
INFO - 2020-05-04 15:49:51 --> Database Driver Class Initialized
DEBUG - 2020-05-04 15:49:51 --> Session: "sess_save_path" is empty; using "session.save_path" value from php.ini.
INFO - 2020-05-04 15:49:51 --> Session: Class initialized using 'files' driver.
INFO - 2020-05-04 15:49:51 --> Email Class Initialized
INFO - 2020-05-04 15:49:51 --> Helper loaded: form_helper
INFO - 2020-05-04 15:49:51 --> Form Validation Class Initialized
INFO - 2020-05-04 15:49:51 --> Encrypt Class Initialized
INFO - 2020-05-04 15:49:51 --> Encrypt Class Initialized
INFO - 2020-05-04 15:49:51 --> Controller Class Initialized
INFO - 2020-05-04 15:49:51 --> File loaded: C:\xampp\htdocs\ajp\application\views\layout/header.php
INFO - 2020-05-04 15:49:51 --> File loaded: C:\xampp\htdocs\ajp\application\views\master/material_group.php
INFO - 2020-05-04 15:49:51 --> File loaded: C:\xampp\htdocs\ajp\application\views\layout/footer.php
INFO - 2020-05-04 15:49:51 --> File loaded: C:\xampp\htdocs\ajp\application\views\layout/template.php
INFO - 2020-05-04 15:49:51 --> Final output sent to browser
DEBUG - 2020-05-04 15:49:51 --> Total execution time: 0.3019
INFO - 2020-05-04 15:49:51 --> Config Class Initialized
INFO - 2020-05-04 15:49:51 --> Hooks Class Initialized
DEBUG - 2020-05-04 15:49:51 --> UTF-8 Support Enabled
INFO - 2020-05-04 15:49:51 --> Utf8 Class Initialized
INFO - 2020-05-04 15:49:51 --> URI Class Initialized
INFO - 2020-05-04 15:49:51 --> Router Class Initialized
INFO - 2020-05-04 15:49:51 --> Output Class Initialized
INFO - 2020-05-04 15:49:51 --> Security Class Initialized
DEBUG - 2020-05-04 15:49:51 --> Global POST, GET and COOKIE data sanitized
INFO - 2020-05-04 15:49:51 --> Input Class Initialized
INFO - 2020-05-04 15:49:51 --> Language Class Initialized
INFO - 2020-05-04 15:49:51 --> Loader Class Initialized
INFO - 2020-05-04 15:49:51 --> Helper loaded: url_helper
INFO - 2020-05-04 15:49:51 --> Helper loaded: file_helper
INFO - 2020-05-04 15:49:51 --> Helper loaded: cingru_helper
INFO - 2020-05-04 15:49:51 --> Database Driver Class Initialized
DEBUG - 2020-05-04 15:49:51 --> Session: "sess_save_path" is empty; using "session.save_path" value from php.ini.
INFO - 2020-05-04 15:49:51 --> Session: Class initialized using 'files' driver.
INFO - 2020-05-04 15:49:51 --> Email Class Initialized
INFO - 2020-05-04 15:49:51 --> Helper loaded: form_helper
INFO - 2020-05-04 15:49:51 --> Form Validation Class Initialized
INFO - 2020-05-04 15:49:51 --> Encrypt Class Initialized
INFO - 2020-05-04 15:49:51 --> Encrypt Class Initialized
INFO - 2020-05-04 15:49:51 --> Controller Class Initialized
INFO - 2020-05-04 15:49:51 --> Model "Material_category_model" initialized
INFO - 2020-05-04 15:49:51 --> Final output sent to browser
DEBUG - 2020-05-04 15:49:51 --> Total execution time: 0.2998
INFO - 2020-05-04 19:40:56 --> Config Class Initialized
INFO - 2020-05-04 19:40:57 --> Hooks Class Initialized
DEBUG - 2020-05-04 19:40:57 --> UTF-8 Support Enabled
INFO - 2020-05-04 19:40:57 --> Utf8 Class Initialized
INFO - 2020-05-04 19:40:57 --> URI Class Initialized
INFO - 2020-05-04 19:40:57 --> Router Class Initialized
INFO - 2020-05-04 19:40:57 --> Output Class Initialized
INFO - 2020-05-04 19:40:57 --> Security Class Initialized
DEBUG - 2020-05-04 19:40:57 --> Global POST, GET and COOKIE data sanitized
INFO - 2020-05-04 19:40:57 --> Input Class Initialized
INFO - 2020-05-04 19:40:57 --> Language Class Initialized
INFO - 2020-05-04 19:40:57 --> Loader Class Initialized
INFO - 2020-05-04 19:40:57 --> Helper loaded: url_helper
INFO - 2020-05-04 19:40:57 --> Helper loaded: file_helper
INFO - 2020-05-04 19:40:57 --> Helper loaded: cingru_helper
INFO - 2020-05-04 19:40:57 --> Database Driver Class Initialized
DEBUG - 2020-05-04 19:40:57 --> Session: "sess_save_path" is empty; using "session.save_path" value from php.ini.
INFO - 2020-05-04 19:40:57 --> Session: Class initialized using 'files' driver.
INFO - 2020-05-04 19:40:57 --> Email Class Initialized
INFO - 2020-05-04 19:40:57 --> Helper loaded: form_helper
INFO - 2020-05-04 19:40:57 --> Form Validation Class Initialized
INFO - 2020-05-04 19:40:57 --> Encrypt Class Initialized
INFO - 2020-05-04 19:40:57 --> Encrypt Class Initialized
INFO - 2020-05-04 19:40:57 --> Controller Class Initialized
INFO - 2020-05-04 19:40:57 --> Config Class Initialized
INFO - 2020-05-04 19:40:57 --> Hooks Class Initialized
DEBUG - 2020-05-04 19:40:57 --> UTF-8 Support Enabled
INFO - 2020-05-04 19:40:57 --> Utf8 Class Initialized
INFO - 2020-05-04 19:40:57 --> URI Class Initialized
INFO - 2020-05-04 19:40:57 --> Router Class Initialized
INFO - 2020-05-04 19:40:57 --> Output Class Initialized
INFO - 2020-05-04 19:40:57 --> Security Class Initialized
DEBUG - 2020-05-04 19:40:57 --> Global POST, GET and COOKIE data sanitized
INFO - 2020-05-04 19:40:57 --> Input Class Initialized
INFO - 2020-05-04 19:40:57 --> Language Class Initialized
INFO - 2020-05-04 19:40:57 --> Loader Class Initialized
INFO - 2020-05-04 19:40:57 --> Helper loaded: url_helper
INFO - 2020-05-04 19:40:57 --> Helper loaded: file_helper
INFO - 2020-05-04 19:40:57 --> Helper loaded: cingru_helper
INFO - 2020-05-04 19:40:57 --> Database Driver Class Initialized
DEBUG - 2020-05-04 19:40:57 --> Session: "sess_save_path" is empty; using "session.save_path" value from php.ini.
INFO - 2020-05-04 19:40:57 --> Session: Class initialized using 'files' driver.
INFO - 2020-05-04 19:40:57 --> Email Class Initialized
INFO - 2020-05-04 19:40:57 --> Helper loaded: form_helper
INFO - 2020-05-04 19:40:57 --> Form Validation Class Initialized
INFO - 2020-05-04 19:40:57 --> Encrypt Class Initialized
INFO - 2020-05-04 19:40:57 --> Encrypt Class Initialized
INFO - 2020-05-04 19:40:57 --> Controller Class Initialized
INFO - 2020-05-04 19:40:57 --> File loaded: C:\xampp\htdocs\ajp\application\views\login.php
INFO - 2020-05-04 19:40:57 --> Final output sent to browser
DEBUG - 2020-05-04 19:40:57 --> Total execution time: 0.2951
